2019-02-27 11:02:54,772-BrowserEngine-INFO-You has select Chrome browser
2019-02-27 11:02:54,772-BrowserEngine-INFO-The test server url is:http://127.0.0.1/forum.php.
2019-02-27 11:02:57,814-BrowserEngine-INFO-Starting chrome brower
2019-02-27 11:02:59,557-BrowserEngine-INFO-Open url:http://127.0.0.1/forum.php.
2019-02-27 11:03:00,669-BrowserEngine-INFO-Maxizize the current window
2019-02-27 11:03:00,671-BrowserEngine-INFO-Set impicitly wait 10 seconds
2019-02-27 11:03:00,707-BasePage-INFO-找到页面元素--('name', 'username')
2019-02-27 11:03:00,834-BasePage-INFO-输入的内容admin
2019-02-27 11:03:00,870-BasePage-INFO-找到页面元素--('name', 'password')
2019-02-27 11:03:00,974-BasePage-INFO-输入的内容zx980504
2019-02-27 11:03:01,009-BasePage-INFO-找到页面元素--('css selector', '.fastlg_l .pn')
2019-02-27 11:03:01,071-BasePage-INFO-Success The element was click
2019-02-27 11:03:04,075-BasePage-INFO-Success switch to window
2019-02-27 11:03:04,112-BasePage-INFO-找到页面元素--('css selector', '.fl_tb tr td h2 a')
2019-02-27 11:03:04,463-BasePage-INFO-Success The element was click
2019-02-27 11:03:04,582-BasePage-INFO-找到页面元素--('name', 'moderate[]')
2019-02-27 11:03:04,640-BasePage-INFO-Success The element was click
2019-02-27 11:03:04,644-BasePage-INFO-Success switch to window
2019-02-27 11:03:04,685-BasePage-INFO-找到页面元素--('xpath', "//div[@id='mdly']/p/strong/a")
2019-02-27 11:03:04,902-BasePage-INFO-Success The element was click
2019-02-27 11:03:04,908-BasePage-INFO-Success switch to window
2019-02-27 11:03:04,943-BasePage-INFO-找到页面元素--('name', 'modsubmit')
2019-02-27 11:03:05,457-BasePage-INFO-Success The element was click
2019-02-27 11:03:05,457-BrowserEngine-INFO-Now,Close and quit the browser
