2019-02-27 21:06:38,979-BrowserEngine-INFO-You has select Chrome browser
2019-02-27 21:06:38,979-BrowserEngine-INFO-The test server url is:http://127.0.0.1/forum.php.
2019-02-27 21:06:41,701-BrowserEngine-INFO-Starting chrome brower
2019-02-27 21:06:43,333-BrowserEngine-INFO-Open url:http://127.0.0.1/forum.php.
2019-02-27 21:06:44,480-BrowserEngine-INFO-Maxizize the current window
2019-02-27 21:06:44,481-BrowserEngine-INFO-Set impicitly wait 10 seconds
2019-02-27 21:06:44,522-BasePage-INFO-找到页面元素--('name', 'username')
2019-02-27 21:06:44,645-BasePage-INFO-输入的内容admin
2019-02-27 21:06:44,677-BasePage-INFO-找到页面元素--('name', 'password')
2019-02-27 21:06:44,777-BasePage-INFO-输入的内容zx980504
2019-02-27 21:06:44,811-BasePage-INFO-找到页面元素--('css selector', '.fastlg_l .pn')
2019-02-27 21:06:44,866-BasePage-INFO-Success The element was click
2019-02-27 21:06:47,871-BasePage-INFO-Success switch to window
2019-02-27 21:06:47,909-BasePage-INFO-找到页面元素--('css selector', '.fl_tb tr td h2 a')
2019-02-27 21:06:48,399-BasePage-INFO-Success The element was click
2019-02-27 21:06:51,412-BasePage-INFO-Success switch to window
2019-02-27 21:06:51,462-BasePage-INFO-找到页面元素--('xpath', "//div[@id='pgt']/a")
2019-02-27 21:06:51,920-BasePage-INFO-Success The element was click
2019-02-27 21:06:54,930-BasePage-INFO-Success switch to window
2019-02-27 21:06:54,978-BasePage-INFO-找到页面元素--('name', 'subject')
2019-02-27 21:06:55,110-BasePage-INFO-输入的内容title
2019-02-27 21:06:55,146-BasePage-INFO-找到页面元素--('tag name', 'iframe')
2019-02-27 21:06:55,183-BasePage-INFO-Success into inframe
2019-02-27 21:06:55,215-BasePage-INFO-找到页面元素--('tag name', 'body')
2019-02-27 21:06:55,325-BasePage-INFO-输入的内容hello
2019-02-27 21:06:55,331-BasePage-INFO-Success switch to window
2019-02-27 21:06:55,377-BasePage-INFO-找到页面元素--('id', 'postsubmit')
2019-02-27 21:06:55,516-BasePage-INFO-Success The element was click
2019-02-27 21:06:58,534-BasePage-INFO-Success switch to window
2019-02-27 21:06:58,586-BasePage-INFO-找到页面元素--('id', 'post_reply')
2019-02-27 21:06:58,649-BasePage-INFO-Success The element was click
2019-02-27 21:07:01,655-BasePage-INFO-Success switch to window
2019-02-27 21:07:01,690-BasePage-INFO-找到页面元素--('id', 'postmessage')
2019-02-27 21:07:01,783-BasePage-INFO-输入的内容hello
2019-02-27 21:07:04,790-BasePage-INFO-Success switch to window
2019-02-27 21:07:04,830-BasePage-INFO-找到页面元素--('id', 'postsubmit')
2019-02-27 21:07:05,125-BasePage-INFO-Success The element was click
2019-02-27 21:07:08,133-BasePage-INFO-Success switch to window
2019-02-27 21:07:11,216-BasePage-INFO-找到页面元素--('link text', '退出')
2019-02-27 21:07:11,471-BasePage-INFO-Success The element was click
2019-02-27 21:07:11,472-BrowserEngine-INFO-Now,Close and quit the browser
