2019-02-27 16:29:16,944-BrowserEngine-INFO-You has select Chrome browser
2019-02-27 16:29:16,944-BrowserEngine-INFO-The test server url is:http://127.0.0.1/forum.php.
2019-02-27 16:29:20,163-BrowserEngine-INFO-Starting chrome brower
2019-02-27 16:29:21,692-BrowserEngine-INFO-Open url:http://127.0.0.1/forum.php.
2019-02-27 16:29:22,818-BrowserEngine-INFO-Maxizize the current window
2019-02-27 16:29:22,820-BrowserEngine-INFO-Set impicitly wait 10 seconds
2019-02-27 16:29:22,856-BasePage-INFO-找到页面元素--('name', 'username')
2019-02-27 16:29:22,981-BasePage-INFO-输入的内容admin
2019-02-27 16:29:23,017-BasePage-INFO-找到页面元素--('name', 'password')
2019-02-27 16:29:23,124-BasePage-INFO-输入的内容zx980504
2019-02-27 16:29:23,157-BasePage-INFO-找到页面元素--('css selector', '.fastlg_l .pn')
2019-02-27 16:29:23,218-BasePage-INFO-Success The element was click
2019-02-27 16:29:26,256-BasePage-INFO-找到页面元素--('name', 'srchtxt')
2019-02-27 16:29:26,433-BasePage-INFO-输入的内容haotest
2019-02-27 16:29:26,470-BasePage-INFO-找到页面元素--('name', 'searchsubmit')
2019-02-27 16:29:26,570-BasePage-INFO-Success The element was click
2019-02-27 16:29:26,609-BasePage-INFO-Success switch to window
2019-02-27 16:29:27,709-BasePage-INFO-找到页面元素--('css selector', '.pbw a font')
2019-02-27 16:29:27,811-BasePage-INFO-Success The element was click
2019-02-27 16:29:31,974-BasePage-INFO-找到页面元素--('link text', '退出')
2019-02-27 16:29:32,198-BasePage-INFO-Success The element was click
2019-02-27 16:29:32,199-BrowserEngine-INFO-Now,Close and quit the browser
