2019-02-26 21:10:56,898-BrowserEngine-INFO-You has select Chrome browser
2019-02-26 21:10:56,898-BrowserEngine-INFO-The test server url is:http://127.0.0.1/forum.php.
2019-02-26 21:10:59,632-BrowserEngine-INFO-Starting chrome brower
2019-02-26 21:11:01,442-BrowserEngine-INFO-Open url:http://127.0.0.1/forum.php.
2019-02-26 21:11:02,564-BrowserEngine-INFO-Maxizize the current window
2019-02-26 21:11:02,566-BrowserEngine-INFO-Set impicitly wait 10 seconds
2019-02-26 21:11:05,608-BasePage-INFO-找到页面元素--('name', 'username')
2019-02-26 21:11:05,746-BasePage-INFO-输入的内容admin
2019-02-26 21:11:05,778-BasePage-INFO-找到页面元素--('name', 'password')
2019-02-26 21:11:05,876-BasePage-INFO-输入的内容zx980504
2019-02-26 21:11:05,909-BasePage-INFO-找到页面元素--('css selector', '.fastlg_l .pn')
2019-02-26 21:11:05,984-BasePage-INFO-The element 登录 was click
2019-02-26 21:11:08,989-BasePage-INFO-Success switch to window
2019-02-26 21:11:09,023-BasePage-INFO-找到页面元素--('css selector', '.fl_tb tr td h2 a')
2019-02-26 21:11:09,445-BasePage-INFO-Failed to click the element with Message: stale element reference: element is not attached to the page document
  (Session info: chrome=72.0.3626.109)
  (Driver info: chromedriver=2.41.578737 (49da6702b16031c40d63e5618de03a32ff6c197e),platform=Windows NT 6.1.7601 SP1 x86_64)

2019-02-26 21:11:12,459-BasePage-INFO-Success switch to window
2019-02-26 21:11:12,511-BasePage-INFO-找到页面元素--('xpath', "//div[@id='pgt']/a")
2019-02-26 21:11:12,951-BasePage-INFO-Failed to click the element with Message: stale element reference: element is not attached to the page document
  (Session info: chrome=72.0.3626.109)
  (Driver info: chromedriver=2.41.578737 (49da6702b16031c40d63e5618de03a32ff6c197e),platform=Windows NT 6.1.7601 SP1 x86_64)

2019-02-26 21:11:15,963-BasePage-INFO-Success switch to window
2019-02-26 21:11:16,024-BasePage-INFO-找到页面元素--('name', 'subject')
2019-02-26 21:11:16,135-BasePage-INFO-输入的内容title
2019-02-26 21:11:16,135-BasePage-INFO-Failed into inframe
2019-02-26 21:11:16,162-BasePage-INFO-找到页面元素--('tag name', 'body')
2019-02-26 21:11:16,189-BasePage-ERROR-Failed to type in input box with Message: invalid element state: Element must be user-editable in order to clear it.
  (Session info: chrome=72.0.3626.109)
  (Driver info: chromedriver=2.41.578737 (49da6702b16031c40d63e5618de03a32ff6c197e),platform=Windows NT 6.1.7601 SP1 x86_64)

2019-02-26 21:11:16,216-BasePage-INFO-找到页面元素--('id', 'postsubmit')
2019-02-26 21:11:16,369-BasePage-INFO-The element 发表帖子 was click
2019-02-26 21:11:19,381-BasePage-INFO-Success switch to window
2019-02-26 21:11:29,944-BasePage-ERROR-<pageobjects.discuz_homepage.HomePage object at 0x00000000035A5438>页面中找不到('id', 'post_reply')元素
2019-02-26 21:11:30,330-BasePage-INFO-Had take screenshot and save to folder:/ screenshots
2019-02-26 21:11:30,331-BasePage-INFO-Failed to click the element with 'NoneType' object has no attribute 'click'
2019-02-26 21:11:33,337-BasePage-INFO-Success switch to window
2019-02-26 21:11:43,864-BasePage-ERROR-<pageobjects.discuz_homepage.HomePage object at 0x00000000035A5438>页面中找不到('id', 'postmessage')元素
2019-02-26 21:11:44,132-BasePage-INFO-Had take screenshot and save to folder:/ screenshots
2019-02-26 21:11:44,133-BasePage-ERROR-Failed to type in input box with 'NoneType' object has no attribute 'clear'
2019-02-26 21:11:44,169-BasePage-INFO-找到页面元素--('id', 'postsubmit')
2019-02-26 21:11:44,254-BasePage-INFO-The element 发表帖子 was click
2019-02-26 21:11:44,335-BasePage-INFO-找到页面元素--('link text', '退出')
2019-02-26 21:11:44,907-BasePage-INFO-Failed to click the element with Message: stale element reference: element is not attached to the page document
  (Session info: chrome=72.0.3626.109)
  (Driver info: chromedriver=2.41.578737 (49da6702b16031c40d63e5618de03a32ff6c197e),platform=Windows NT 6.1.7601 SP1 x86_64)

2019-02-26 21:11:44,907-BrowserEngine-INFO-Now,Close and quit the browser
