2019-02-27 10:41:58,528-BrowserEngine-INFO-You has select Chrome browser
2019-02-27 10:41:58,528-BrowserEngine-INFO-The test server url is:http://127.0.0.1/forum.php.
2019-02-27 10:42:02,121-BrowserEngine-INFO-Starting chrome brower
2019-02-27 10:42:03,637-BrowserEngine-INFO-Open url:http://127.0.0.1/forum.php.
2019-02-27 10:42:04,783-BrowserEngine-INFO-Maxizize the current window
2019-02-27 10:42:04,785-BrowserEngine-INFO-Set impicitly wait 10 seconds
2019-02-27 10:42:04,819-BasePage-INFO-找到页面元素--('name', 'username')
2019-02-27 10:42:04,918-BasePage-INFO-输入的内容admin
2019-02-27 10:42:04,948-BasePage-INFO-找到页面元素--('name', 'password')
2019-02-27 10:42:05,037-BasePage-INFO-输入的内容zx980504
2019-02-27 10:42:05,074-BasePage-INFO-找到页面元素--('css selector', '.fastlg_l .pn')
2019-02-27 10:42:05,136-BasePage-INFO-Success The element was click
2019-02-27 10:42:08,141-BasePage-INFO-Success switch to window
2019-02-27 10:42:08,174-BasePage-INFO-找到页面元素--('css selector', '.fl_tb tr td h2 a')
2019-02-27 10:42:08,544-BasePage-INFO-Success The element was click
2019-02-27 10:42:11,554-BasePage-INFO-Success switch to window
2019-02-27 10:42:11,596-BasePage-INFO-找到页面元素--('xpath', "//div[@id='pgt']/a")
2019-02-27 10:42:12,029-BasePage-INFO-Success The element was click
2019-02-27 10:42:15,036-BasePage-INFO-Success switch to window
2019-02-27 10:42:15,067-BasePage-INFO-找到页面元素--('name', 'subject')
2019-02-27 10:42:15,173-BasePage-INFO-输入的内容title
2019-02-27 10:42:15,203-BasePage-INFO-找到页面元素--('tag name', 'iframe')
2019-02-27 10:42:15,237-BasePage-INFO-Success into inframe
2019-02-27 10:42:15,263-BasePage-INFO-找到页面元素--('tag name', 'body')
2019-02-27 10:42:15,356-BasePage-INFO-输入的内容hello
2019-02-27 10:42:15,360-BasePage-INFO-Success switch to window
2019-02-27 10:42:15,391-BasePage-INFO-找到页面元素--('id', 'postsubmit')
2019-02-27 10:42:15,543-BasePage-INFO-Success The element was click
2019-02-27 10:42:18,558-BasePage-INFO-Success switch to window
2019-02-27 10:42:18,618-BasePage-INFO-找到页面元素--('id', 'post_reply')
2019-02-27 10:42:18,671-BasePage-INFO-Success The element was click
2019-02-27 10:42:21,685-BasePage-INFO-Success switch to window
2019-02-27 10:42:21,729-BasePage-INFO-找到页面元素--('id', 'postmessage')
2019-02-27 10:42:21,812-BasePage-INFO-输入的内容hello
2019-02-27 10:42:24,823-BasePage-INFO-Success switch to window
2019-02-27 10:42:24,866-BasePage-INFO-找到页面元素--('id', 'postsubmit')
2019-02-27 10:42:25,122-BasePage-INFO-Success The element was click
2019-02-27 10:42:28,136-BasePage-INFO-Success switch to window
2019-02-27 10:42:28,203-BasePage-INFO-找到页面元素--('link text', '退出')
2019-02-27 10:42:28,402-BasePage-INFO-Success The element was click
2019-02-27 10:42:28,402-BrowserEngine-INFO-Now,Close and quit the browser
