2019-02-28 20:06:59,601-BrowserEngine-INFO-You has select Chrome browser
2019-02-28 20:06:59,601-BrowserEngine-INFO-The test server url is:http://127.0.0.1/forum.php.
2019-02-28 20:07:02,761-BrowserEngine-INFO-Starting chrome brower
2019-02-28 20:07:04,228-BrowserEngine-INFO-Open url:http://127.0.0.1/forum.php.
2019-02-28 20:07:05,338-BrowserEngine-INFO-Maxizize the current window
2019-02-28 20:07:05,340-BrowserEngine-INFO-Set impicitly wait 10 seconds
2019-02-28 20:07:05,373-BasePage-INFO-找到页面元素--('name', 'username')
2019-02-28 20:07:05,477-BasePage-INFO-输入的内容admin
2019-02-28 20:07:05,509-BasePage-INFO-找到页面元素--('name', 'password')
2019-02-28 20:07:05,594-BasePage-INFO-输入的内容zx980504
2019-02-28 20:07:05,623-BasePage-INFO-找到页面元素--('css selector', '.fastlg_l .pn')
2019-02-28 20:07:05,676-BasePage-INFO-Success The element was click
2019-02-28 20:07:08,704-BasePage-INFO-找到页面元素--('css selector', '.vwmy')
2019-02-28 20:07:08,730-BasePage-INFO-找到的文本admin
2019-02-28 20:07:08,730-BasePage-ERROR-text is not equal with except_value'str' object has no attribute 'text'
2019-02-28 20:07:11,736-BasePage-INFO-Success switch to window
2019-02-28 20:07:11,774-BasePage-INFO-找到页面元素--('css selector', '.fl_tb tr td h2 a')
2019-02-28 20:07:12,223-BasePage-INFO-Success The element was click
2019-02-28 20:07:15,227-BasePage-INFO-Success switch to window
2019-02-28 20:07:18,255-BasePage-INFO-找到页面元素--('xpath', "//div[@id='pgt']/a")
2019-02-28 20:07:18,281-BasePage-INFO-找到的文本
2019-02-28 20:07:18,281-BrowserEngine-INFO-Now,Close and quit the browser
