2019-02-28 11:04:50,374-BrowserEngine-INFO-You has select Chrome browser
2019-02-28 11:04:50,375-BrowserEngine-INFO-The test server url is:http://127.0.0.1/forum.php.
2019-02-28 11:04:53,510-BrowserEngine-INFO-Starting chrome brower
2019-02-28 11:04:54,938-BrowserEngine-INFO-Open url:http://127.0.0.1/forum.php.
2019-02-28 11:04:56,061-BrowserEngine-INFO-Maxizize the current window
2019-02-28 11:04:56,062-BrowserEngine-INFO-Set impicitly wait 10 seconds
2019-02-28 11:04:56,092-BasePage-INFO-找到页面元素--('name', 'username')
2019-02-28 11:04:56,190-BasePage-INFO-输入的内容admin
2019-02-28 11:04:56,217-BasePage-INFO-找到页面元素--('name', 'password')
2019-02-28 11:04:56,298-BasePage-INFO-输入的内容zx980504
2019-02-28 11:04:56,327-BasePage-INFO-找到页面元素--('css selector', '.fastlg_l .pn')
2019-02-28 11:04:56,393-BasePage-INFO-Success The element was click
2019-02-28 11:04:59,402-BasePage-INFO-Success switch to window
2019-02-28 11:04:59,458-BasePage-INFO-找到页面元素--('css selector', '.fl_tb tr td h2 a')
2019-02-28 11:04:59,794-BasePage-INFO-Success The element was click
2019-02-28 11:04:59,845-BasePage-INFO-找到页面元素--('xpath', "//div[@id='pgt']/a")
2019-02-28 11:04:59,891-BasePage-INFO-Success find float 
2019-02-28 11:04:59,938-BasePage-INFO-找到页面元素--('css selector', '.poll a')
2019-02-28 11:05:00,305-BasePage-INFO-Success The element was click
2019-02-28 11:05:00,315-BasePage-INFO-Success switch to window
2019-02-28 11:05:03,384-BasePage-INFO-找到页面元素--('id', 'subject')
2019-02-28 11:05:03,526-BasePage-INFO-输入的内容最喜欢吃什么？
2019-02-28 11:05:03,553-BasePage-INFO-找到页面元素--('css selector', '#pollm_c_1 > p:nth-child(1) > input')
2019-02-28 11:05:03,631-BasePage-INFO-输入的内容苹果
2019-02-28 11:05:03,659-BasePage-INFO-找到页面元素--('css selector', '#pollm_c_1 > p:nth-child(2) > input')
2019-02-28 11:05:03,720-BasePage-INFO-输入的内容香蕉
2019-02-28 11:05:03,745-BasePage-INFO-找到页面元素--('css selector', '#pollm_c_1 > p:nth-child(3) > input')
2019-02-28 11:05:03,806-BasePage-INFO-输入的内容橘子
2019-02-28 11:05:03,831-BasePage-INFO-找到页面元素--('id', 'postsubmit')
2019-02-28 11:05:03,950-BasePage-INFO-Success The element was click
2019-02-28 11:05:03,954-BasePage-INFO-Success switch to window
2019-02-28 11:05:25,834-BasePage-INFO-找到页面元素--('css selector', '#option_1')
2019-02-28 11:05:25,904-BasePage-INFO-Success The element was click
2019-02-28 11:05:25,933-BasePage-INFO-找到页面元素--('css selector', '#pollsubmit')
2019-02-28 11:05:26,731-BasePage-INFO-Success The element was click
2019-02-28 11:05:26,818-BasePage-INFO-找到页面元素--('css selector', '.pvt')
2019-02-28 11:05:26,923-BasePage-INFO-找到页面元素--('css selector', '.pcht  tbody > tr > td:nth-child(2)')
2019-02-28 11:05:26,958-BasePage-INFO-找到页面元素--('css selector', '#thread_subject')
2019-02-28 11:05:30,242-BasePage-INFO-找到页面元素--('link text', '退出')
2019-02-28 11:05:30,445-BasePage-INFO-Success The element was click
2019-02-28 11:05:30,446-BrowserEngine-INFO-Now,Close and quit the browser
