2019-02-27 10:36:57,884-BrowserEngine-INFO-You has select Chrome browser
2019-02-27 10:36:57,884-BrowserEngine-INFO-The test server url is:http://127.0.0.1/forum.php.
2019-02-27 10:37:01,030-BrowserEngine-INFO-Starting chrome brower
2019-02-27 10:37:02,617-BrowserEngine-INFO-Open url:http://127.0.0.1/forum.php.
2019-02-27 10:37:03,763-BrowserEngine-INFO-Maxizize the current window
2019-02-27 10:37:03,764-BrowserEngine-INFO-Set impicitly wait 10 seconds
2019-02-27 10:37:03,803-BasePage-INFO-找到页面元素--('name', 'username')
2019-02-27 10:37:03,912-BasePage-INFO-输入的内容admin
2019-02-27 10:37:03,946-BasePage-INFO-找到页面元素--('name', 'password')
2019-02-27 10:37:04,040-BasePage-INFO-输入的内容zx980504
2019-02-27 10:37:04,073-BasePage-INFO-找到页面元素--('css selector', '.fastlg_l .pn')
2019-02-27 10:37:04,132-BasePage-INFO-Success The element was click
2019-02-27 10:37:07,139-BasePage-INFO-Success switch to window
2019-02-27 10:37:07,179-BasePage-INFO-找到页面元素--('css selector', '.fl_tb tr td h2 a')
2019-02-27 10:37:07,570-BasePage-INFO-Success The element was click
2019-02-27 10:37:10,576-BasePage-INFO-Success switch to window
2019-02-27 10:37:10,613-BasePage-INFO-找到页面元素--('xpath', "//div[@id='pgt']/a")
2019-02-27 10:37:11,191-BasePage-INFO-Success The element was click
2019-02-27 10:37:14,203-BasePage-INFO-Success switch to window
2019-02-27 10:37:14,251-BasePage-INFO-找到页面元素--('name', 'subject')
2019-02-27 10:37:14,358-BasePage-INFO-输入的内容title
2019-02-27 10:37:14,388-BasePage-INFO-找到页面元素--('tag name', 'iframe')
2019-02-27 10:37:14,423-BasePage-INFO-Success into inframe
2019-02-27 10:37:14,449-BasePage-INFO-找到页面元素--('tag name', 'body')
2019-02-27 10:37:14,557-BasePage-INFO-输入的内容hello
2019-02-27 10:37:14,564-BasePage-INFO-Success switch to window
2019-02-27 10:37:14,599-BasePage-INFO-找到页面元素--('id', 'postsubmit')
2019-02-27 10:37:14,721-BasePage-INFO-Success The element was click
2019-02-27 10:37:17,742-BasePage-INFO-Success switch to window
2019-02-27 10:37:17,742-BrowserEngine-INFO-Now,Close and quit the browser
