2019-02-28 11:09:07,924-BrowserEngine-INFO-You has select Chrome browser
2019-02-28 11:09:07,924-BrowserEngine-INFO-You has select Chrome browser
2019-02-28 11:09:07,925-BrowserEngine-INFO-The test server url is:http://127.0.0.1/forum.php.
2019-02-28 11:09:07,925-BrowserEngine-INFO-The test server url is:http://127.0.0.1/forum.php.
2019-02-28 11:09:10,596-BrowserEngine-INFO-Starting chrome brower
2019-02-28 11:09:10,596-BrowserEngine-INFO-Starting chrome brower
2019-02-28 11:09:12,323-BrowserEngine-INFO-Open url:http://127.0.0.1/forum.php.
2019-02-28 11:09:12,323-BrowserEngine-INFO-Open url:http://127.0.0.1/forum.php.
2019-02-28 11:09:29,195-BrowserEngine-INFO-You has select Chrome browser
2019-02-28 11:09:29,195-BrowserEngine-INFO-You has select Chrome browser
2019-02-28 11:09:29,195-BrowserEngine-INFO-The test server url is:http://127.0.0.1/forum.php.
2019-02-28 11:09:29,195-BrowserEngine-INFO-The test server url is:http://127.0.0.1/forum.php.
2019-02-28 11:09:32,315-BrowserEngine-INFO-Starting chrome brower
2019-02-28 11:09:32,315-BrowserEngine-INFO-Starting chrome brower
2019-02-28 11:09:34,094-BrowserEngine-INFO-Open url:http://127.0.0.1/forum.php.
2019-02-28 11:09:34,094-BrowserEngine-INFO-Open url:http://127.0.0.1/forum.php.
2019-02-28 11:09:35,209-BrowserEngine-INFO-Maxizize the current window
2019-02-28 11:09:35,209-BrowserEngine-INFO-Maxizize the current window
2019-02-28 11:09:35,210-BrowserEngine-INFO-Set impicitly wait 10 seconds
2019-02-28 11:09:35,210-BrowserEngine-INFO-Set impicitly wait 10 seconds
2019-02-28 11:09:35,237-BasePage-INFO-找到页面元素--('name', 'username')
2019-02-28 11:09:35,322-BasePage-INFO-输入的内容admin
2019-02-28 11:09:35,349-BasePage-INFO-找到页面元素--('name', 'password')
2019-02-28 11:09:35,427-BasePage-INFO-输入的内容zx980504
2019-02-28 11:09:35,457-BasePage-INFO-找到页面元素--('css selector', '.fastlg_l .pn')
2019-02-28 11:09:35,505-BasePage-INFO-Success The element was click
2019-02-28 11:09:38,516-BasePage-INFO-Success switch to window
2019-02-28 11:09:38,581-BasePage-INFO-找到页面元素--('css selector', '.fl_tb tr td h2 a')
2019-02-28 11:09:38,894-BasePage-INFO-Success The element was click
2019-02-28 11:09:38,949-BasePage-INFO-找到页面元素--('xpath', "//div[@id='pgt']/a")
2019-02-28 11:09:39,006-BasePage-INFO-Success find float 
2019-02-28 11:09:39,037-BasePage-INFO-找到页面元素--('css selector', '.poll a')
2019-02-28 11:09:39,476-BasePage-INFO-Success The element was click
2019-02-28 11:09:39,479-BasePage-INFO-Success switch to window
2019-02-28 11:09:42,539-BasePage-INFO-找到页面元素--('id', 'subject')
2019-02-28 11:09:42,698-BasePage-INFO-输入的内容最喜欢吃什么？
2019-02-28 11:09:42,724-BasePage-INFO-找到页面元素--('css selector', '#pollm_c_1 > p:nth-child(1) > input')
2019-02-28 11:09:42,800-BasePage-INFO-输入的内容苹果
2019-02-28 11:09:42,826-BasePage-INFO-找到页面元素--('css selector', '#pollm_c_1 > p:nth-child(2) > input')
2019-02-28 11:09:42,893-BasePage-INFO-输入的内容香蕉
2019-02-28 11:09:42,919-BasePage-INFO-找到页面元素--('css selector', '#pollm_c_1 > p:nth-child(3) > input')
2019-02-28 11:09:42,984-BasePage-INFO-输入的内容橘子
2019-02-28 11:09:43,013-BasePage-INFO-找到页面元素--('id', 'postsubmit')
2019-02-28 11:09:43,131-BasePage-INFO-Success The element was click
2019-02-28 11:09:43,138-BasePage-INFO-Success switch to window
2019-02-28 11:09:44,072-BasePage-INFO-找到页面元素--('css selector', '#option_1')
2019-02-28 11:09:44,136-BasePage-INFO-Success The element was click
2019-02-28 11:09:44,165-BasePage-INFO-找到页面元素--('css selector', '#pollsubmit')
2019-02-28 11:09:44,745-BasePage-INFO-Success The element was click
2019-02-28 11:09:44,821-BasePage-INFO-找到页面元素--('css selector', '.pvt')
2019-02-28 11:09:44,914-BasePage-INFO-找到页面元素--('css selector', '.pcht  tbody > tr > td:nth-child(2)')
2019-02-28 11:09:44,946-BasePage-INFO-找到页面元素--('css selector', '#thread_subject')
2019-02-28 11:09:48,230-BasePage-INFO-找到页面元素--('link text', '退出')
2019-02-28 11:09:48,422-BasePage-INFO-Success The element was click
2019-02-28 11:09:48,422-BrowserEngine-INFO-Now,Close and quit the browser
2019-02-28 11:09:48,422-BrowserEngine-INFO-Now,Close and quit the browser
