2019-02-27 14:08:00,591-BrowserEngine-INFO-You has select Chrome browser
2019-02-27 14:08:00,592-BrowserEngine-INFO-The test server url is:http://127.0.0.1/forum.php.
2019-02-27 14:08:03,611-BrowserEngine-INFO-Starting chrome brower
2019-02-27 14:08:05,371-BrowserEngine-INFO-Open url:http://127.0.0.1/forum.php.
2019-02-27 14:08:06,502-BrowserEngine-INFO-Maxizize the current window
2019-02-27 14:08:06,503-BrowserEngine-INFO-Set impicitly wait 10 seconds
2019-02-27 14:08:06,540-BasePage-INFO-找到页面元素--('name', 'username')
2019-02-27 14:08:06,662-BasePage-INFO-输入的内容admin
2019-02-27 14:08:06,700-BasePage-INFO-找到页面元素--('name', 'password')
2019-02-27 14:08:06,798-BasePage-INFO-输入的内容zx980504
2019-02-27 14:08:06,831-BasePage-INFO-找到页面元素--('css selector', '.fastlg_l .pn')
2019-02-27 14:08:06,891-BasePage-INFO-Success The element was click
2019-02-27 14:08:09,896-BasePage-INFO-Success switch to window
2019-02-27 14:08:09,932-BasePage-INFO-找到页面元素--('css selector', '.fl_tb tr td h2 a')
2019-02-27 14:08:10,307-BasePage-INFO-Success The element was click
2019-02-27 14:08:10,382-BasePage-INFO-找到页面元素--('name', 'moderate[]')
2019-02-27 14:08:10,514-BasePage-INFO-Success The element was click
2019-02-27 14:08:10,519-BasePage-INFO-Success switch to window
2019-02-27 14:08:10,568-BasePage-INFO-找到页面元素--('xpath', "//div[@id='mdly']/p/strong/a")
2019-02-27 14:08:10,798-BasePage-INFO-Success The element was click
2019-02-27 14:08:10,806-BasePage-INFO-Success switch to window
2019-02-27 14:08:10,850-BasePage-INFO-找到页面元素--('name', 'modsubmit')
2019-02-27 14:08:11,380-BasePage-INFO-Success The element was click
2019-02-27 14:08:11,516-BasePage-INFO-找到页面元素--('css selector', '#um > p:nth-child(2) > a:nth-child(16)')
2019-02-27 14:08:11,635-BasePage-INFO-Success The element was click
2019-02-27 14:08:12,738-BasePage-INFO-找到页面元素--('name', 'submit')
2019-02-27 14:08:12,905-BasePage-INFO-Success The element was click
2019-02-27 14:08:12,913-BasePage-INFO-Success switch to window
2019-02-27 14:08:16,351-BasePage-ERROR-<pageobjects.create_mode.Create_Mode object at 0x00000000035EC4E0>页面中找不到('id', 'header_forum')元素
2019-02-27 14:08:38,977-BrowserEngine-INFO-You has select Chrome browser
2019-02-27 14:08:38,977-BrowserEngine-INFO-The test server url is:http://127.0.0.1/forum.php.
2019-02-27 14:08:41,587-BrowserEngine-INFO-Starting chrome brower
2019-02-27 14:08:43,591-BrowserEngine-INFO-Open url:http://127.0.0.1/forum.php.
2019-02-27 14:08:44,788-BrowserEngine-INFO-Maxizize the current window
2019-02-27 14:08:44,790-BrowserEngine-INFO-Set impicitly wait 10 seconds
2019-02-27 14:08:44,827-BasePage-INFO-找到页面元素--('name', 'username')
2019-02-27 14:08:44,946-BasePage-INFO-输入的内容admin
2019-02-27 14:08:44,978-BasePage-INFO-找到页面元素--('name', 'password')
2019-02-27 14:08:45,076-BasePage-INFO-输入的内容zx980504
2019-02-27 14:08:45,109-BasePage-INFO-找到页面元素--('css selector', '.fastlg_l .pn')
2019-02-27 14:08:45,164-BasePage-INFO-Success The element was click
2019-02-27 14:08:48,168-BasePage-INFO-Success switch to window
2019-02-27 14:08:48,204-BasePage-INFO-找到页面元素--('css selector', '.fl_tb tr td h2 a')
2019-02-27 14:08:48,587-BasePage-INFO-Success The element was click
2019-02-27 14:08:48,636-BasePage-INFO-找到页面元素--('name', 'moderate[]')
2019-02-27 14:08:48,740-BasePage-INFO-Success The element was click
2019-02-27 14:08:48,745-BasePage-INFO-Success switch to window
2019-02-27 14:08:48,786-BasePage-INFO-找到页面元素--('xpath', "//div[@id='mdly']/p/strong/a")
2019-02-27 14:08:49,051-BasePage-INFO-Success The element was click
2019-02-27 14:08:49,066-BasePage-INFO-Success switch to window
2019-02-27 14:08:49,105-BasePage-INFO-找到页面元素--('name', 'modsubmit')
2019-02-27 14:08:49,589-BasePage-INFO-Success The element was click
2019-02-27 14:08:49,628-BasePage-INFO-找到页面元素--('css selector', '#um > p:nth-child(2) > a:nth-child(16)')
2019-02-27 14:08:49,810-BasePage-INFO-Success The element was click
2019-02-27 14:08:50,914-BasePage-INFO-找到页面元素--('name', 'admin_password')
2019-02-27 14:08:51,082-BasePage-INFO-输入的内容zx980504
2019-02-27 14:08:51,125-BasePage-INFO-找到页面元素--('name', 'submit')
2019-02-27 14:09:29,040-BasePage-INFO-Success The element was click
2019-02-27 14:09:29,087-BasePage-INFO-Success switch to window
2019-02-27 14:09:29,164-BasePage-INFO-找到页面元素--('id', 'header_forum')
2019-02-27 14:09:29,395-BasePage-INFO-Success The element was click
2019-02-27 14:09:39,924-BasePage-ERROR-<pageobjects.create_mode.Create_Mode object at 0x00000000035DDDA0>页面中找不到('css selector', '.addtr')元素
2019-02-27 14:09:40,255-BasePage-INFO-Had take screenshot and save to folder:/ screenshots
2019-02-27 14:09:40,255-BasePage-ERROR-Failed to click the element with 'NoneType' object has no attribute 'click'
2019-02-27 14:09:50,787-BasePage-ERROR-<pageobjects.create_mode.Create_Mode object at 0x00000000035DDDA0>页面中找不到('name', 'newforum[1][]')元素
2019-02-27 14:09:51,115-BasePage-INFO-Had take screenshot and save to folder:/ screenshots
2019-02-27 14:09:51,115-BasePage-ERROR-Failed to clear is input box with 'NoneType' object has no attribute 'clear'
2019-02-27 14:10:01,678-BasePage-ERROR-<pageobjects.create_mode.Create_Mode object at 0x00000000035DDDA0>页面中找不到('name', 'newforum[1][]')元素
2019-02-27 14:10:02,058-BasePage-INFO-Had take screenshot and save to folder:/ screenshots
2019-02-27 14:10:02,058-BasePage-ERROR-Failed to type in input box with 'NoneType' object has no attribute 'clear'
2019-02-27 14:10:12,597-BasePage-ERROR-<pageobjects.create_mode.Create_Mode object at 0x00000000035DDDA0>页面中找不到('name', 'editsubmit')元素
2019-02-27 14:10:12,901-BasePage-INFO-Had take screenshot and save to folder:/ screenshots
2019-02-27 14:10:12,901-BasePage-ERROR-Failed to click the element with 'NoneType' object has no attribute 'click'
2019-02-27 14:10:12,901-BrowserEngine-INFO-Now,Close and quit the browser
