2019-02-28 11:58:28,678-BrowserEngine-INFO-You has select Chrome browser
2019-02-28 11:58:28,678-BrowserEngine-INFO-The test server url is:http://127.0.0.1/forum.php.
2019-02-28 11:58:31,769-BrowserEngine-INFO-Starting chrome brower
2019-02-28 11:58:33,179-BrowserEngine-INFO-Open url:http://127.0.0.1/forum.php.
2019-02-28 11:58:34,329-BrowserEngine-INFO-Maxizize the current window
2019-02-28 11:58:34,330-BrowserEngine-INFO-Set impicitly wait 10 seconds
2019-02-28 11:58:34,364-BasePage-INFO-找到页面元素--('name', 'username')
2019-02-28 11:58:34,456-BasePage-INFO-输入的内容admin
2019-02-28 11:58:34,487-BasePage-INFO-找到页面元素--('name', 'password')
2019-02-28 11:58:34,571-BasePage-INFO-输入的内容zx980504
2019-02-28 11:58:34,597-BasePage-INFO-找到页面元素--('css selector', '.fastlg_l .pn')
2019-02-28 11:58:34,646-BasePage-INFO-Success The element was click
2019-02-28 11:58:37,650-BasePage-INFO-Success switch to window
2019-02-28 11:58:37,678-BasePage-INFO-找到页面元素--('css selector', '.fl_tb tr td h2 a')
2019-02-28 11:58:38,008-BasePage-INFO-Success The element was click
2019-02-28 11:58:38,041-BasePage-INFO-找到页面元素--('xpath', "//div[@id='pgt']/a")
2019-02-28 11:58:38,092-BasePage-INFO-Success find float 
2019-02-28 11:58:38,145-BasePage-INFO-找到页面元素--('css selector', '.poll a')
2019-02-28 11:58:38,495-BasePage-INFO-Success The element was click
2019-02-28 11:58:38,502-BasePage-INFO-Success switch to window
2019-02-28 11:58:41,569-BasePage-INFO-找到页面元素--('id', 'subject')
2019-02-28 11:58:41,737-BasePage-INFO-输入的内容最喜欢吃什么？
2019-02-28 11:58:41,766-BasePage-INFO-找到页面元素--('css selector', '#pollm_c_1 > p:nth-child(1) > input')
2019-02-28 11:58:41,841-BasePage-INFO-输入的内容苹果
2019-02-28 11:58:41,868-BasePage-INFO-找到页面元素--('css selector', '#pollm_c_1 > p:nth-child(2) > input')
2019-02-28 11:58:41,932-BasePage-INFO-输入的内容香蕉
2019-02-28 11:58:41,956-BasePage-INFO-找到页面元素--('css selector', '#pollm_c_1 > p:nth-child(3) > input')
2019-02-28 11:58:42,027-BasePage-INFO-输入的内容橘子
2019-02-28 11:58:42,053-BasePage-INFO-找到页面元素--('id', 'postsubmit')
2019-02-28 11:58:42,169-BasePage-INFO-Success The element was click
2019-02-28 11:58:42,176-BasePage-INFO-Success switch to window
2019-02-28 11:58:43,179-BasePage-INFO-找到页面元素--('css selector', '#option_1')
2019-02-28 11:58:43,247-BasePage-INFO-Success The element was click
2019-02-28 11:58:43,280-BasePage-INFO-找到页面元素--('css selector', '#pollsubmit')
2019-02-28 11:58:43,875-BasePage-INFO-Success The element was click
2019-02-28 11:58:43,935-BasePage-INFO-找到页面元素--('css selector', '.pvt')
2019-02-28 11:58:44,039-BasePage-INFO-找到页面元素--('css selector', '.pcht  tbody > tr > td:nth-child(2)')
2019-02-28 11:58:44,076-BasePage-INFO-找到页面元素--('css selector', '#thread_subject')
2019-02-28 11:58:44,102-BasePage-INFO-找到的文本最喜欢吃什么？
2019-02-28 11:58:44,119-BasePage-INFO-找到的文本1.  苹果
2019-02-28 11:58:44,137-BasePage-INFO-找到的文本100.00% (1)
2019-02-28 11:58:44,163-BasePage-INFO-找到的文本2.  香蕉
2019-02-28 11:58:44,179-BasePage-INFO-找到的文本0.00% (0)
2019-02-28 11:58:44,195-BasePage-INFO-找到的文本3.  橘子
2019-02-28 11:58:44,212-BasePage-INFO-找到的文本0.00% (0)
2019-02-28 11:58:47,288-BasePage-INFO-找到页面元素--('link text', '退出')
2019-02-28 11:58:47,489-BasePage-INFO-Success The element was click
2019-02-28 11:58:47,489-BrowserEngine-INFO-Now,Close and quit the browser
