2019-02-27 15:02:28,879-BrowserEngine-INFO-You has select Chrome browser
2019-02-27 15:02:28,879-BrowserEngine-INFO-The test server url is:http://127.0.0.1/forum.php.
2019-02-27 15:02:31,633-BrowserEngine-INFO-Starting chrome brower
2019-02-27 15:02:33,464-BrowserEngine-INFO-Open url:http://127.0.0.1/forum.php.
2019-02-27 15:02:34,602-BrowserEngine-INFO-Maxizize the current window
2019-02-27 15:02:34,604-BrowserEngine-INFO-Set impicitly wait 10 seconds
2019-02-27 15:02:34,640-BasePage-INFO-找到页面元素--('name', 'username')
2019-02-27 15:02:34,753-BasePage-INFO-输入的内容admin
2019-02-27 15:02:34,784-BasePage-INFO-找到页面元素--('name', 'password')
2019-02-27 15:02:34,881-BasePage-INFO-输入的内容zx980504
2019-02-27 15:02:34,915-BasePage-INFO-找到页面元素--('css selector', '.fastlg_l .pn')
2019-02-27 15:02:34,975-BasePage-INFO-Success The element was click
2019-02-27 15:02:37,996-BasePage-INFO-Success switch to window
2019-02-27 15:02:38,051-BasePage-INFO-找到页面元素--('css selector', '.fl_tb tr td h2 a')
2019-02-27 15:02:38,816-BasePage-INFO-Success The element was click
2019-02-27 15:02:38,902-BasePage-INFO-找到页面元素--('name', 'moderate[]')
2019-02-27 15:02:38,982-BasePage-INFO-Success The element was click
2019-02-27 15:02:38,987-BasePage-INFO-Success switch to window
2019-02-27 15:02:39,027-BasePage-INFO-找到页面元素--('xpath', "//div[@id='mdly']/p/strong/a")
2019-02-27 15:02:39,241-BasePage-INFO-Success The element was click
2019-02-27 15:02:39,254-BasePage-INFO-Success switch to window
2019-02-27 15:02:39,293-BasePage-INFO-找到页面元素--('name', 'modsubmit')
2019-02-27 15:02:39,730-BasePage-INFO-Success The element was click
2019-02-27 15:02:39,785-BasePage-INFO-找到页面元素--('css selector', '#um > p:nth-child(2) > a:nth-child(16)')
2019-02-27 15:02:39,913-BasePage-INFO-Success The element was click
2019-02-27 15:02:51,529-BasePage-ERROR-<pageobjects.into_manage.Into_Manage object at 0x0000000003595E10>页面中找不到('name', 'admin_password')元素
2019-02-27 15:02:51,842-BasePage-INFO-Had take screenshot and save to folder:/ screenshots
2019-02-27 15:02:51,842-BasePage-ERROR-Failed to type in input box with 'NoneType' object has no attribute 'clear'
2019-02-27 15:03:02,403-BasePage-ERROR-<pageobjects.into_manage.Into_Manage object at 0x0000000003595E10>页面中找不到('name', 'submit')元素
2019-02-27 15:03:02,726-BasePage-INFO-Had take screenshot and save to folder:/ screenshots
2019-02-27 15:03:02,726-BasePage-ERROR-Failed to click the element with 'NoneType' object has no attribute 'click'
2019-02-27 15:03:02,731-BasePage-INFO-Success switch to window
2019-02-27 15:03:02,764-BasePage-INFO-找到页面元素--('id', 'header_forum')
2019-02-27 15:03:03,019-BasePage-INFO-Success The element was click
2019-02-27 15:03:03,061-BasePage-INFO-找到页面元素--('tag name', 'iframe')
2019-02-27 15:03:03,095-BasePage-INFO-Success into inframe
2019-02-27 15:03:03,125-BasePage-INFO-找到页面元素--('css selector', '.addtr')
2019-02-27 15:03:03,243-BasePage-INFO-Success The element was click
2019-02-27 15:03:03,288-BasePage-INFO-找到页面元素--('name', 'newforum[1][]')
2019-02-27 15:03:03,320-BasePage-INFO-Clear test is input box before typeing
2019-02-27 15:03:03,341-BasePage-INFO-找到页面元素--('name', 'newforum[1][]')
2019-02-27 15:03:03,422-BasePage-INFO-输入的内容dh
2019-02-27 15:03:03,452-BasePage-INFO-找到页面元素--('name', 'editsubmit')
2019-02-27 15:03:03,704-BasePage-INFO-Success The element was click
2019-02-27 15:03:03,738-BasePage-INFO-Closeing  on current page.
2019-02-27 15:03:09,810-BasePage-INFO-找到页面元素--('link text', '退出')
2019-02-27 15:03:10,017-BasePage-INFO-Success The element was click
2019-02-27 15:03:12,264-BasePage-INFO-找到页面元素--('name', 'username')
2019-02-27 15:03:12,393-BasePage-INFO-输入的内容zhangxiong
2019-02-27 15:03:12,423-BasePage-INFO-找到页面元素--('name', 'password')
2019-02-27 15:03:12,519-BasePage-INFO-输入的内容zx980504
2019-02-27 15:03:12,549-BasePage-INFO-找到页面元素--('css selector', '.fastlg_l .pn')
2019-02-27 15:03:12,606-BasePage-INFO-Success The element was click
2019-02-27 15:03:12,606-BrowserEngine-INFO-Now,Close and quit the browser
