2019-02-27 10:22:46,697-BrowserEngine-INFO-You has select Chrome browser
2019-02-27 10:22:46,697-BrowserEngine-INFO-The test server url is:http://127.0.0.1/forum.php.
2019-02-27 10:22:49,887-BrowserEngine-INFO-Starting chrome brower
2019-02-27 10:22:52,454-BrowserEngine-INFO-Open url:http://127.0.0.1/forum.php.
2019-02-27 10:22:53,606-BrowserEngine-INFO-Maxizize the current window
2019-02-27 10:22:53,611-BrowserEngine-INFO-Set impicitly wait 10 seconds
2019-02-27 10:22:53,682-BasePage-INFO-找到页面元素--('name', 'username')
2019-02-27 10:22:53,799-BasePage-INFO-输入的内容admin
2019-02-27 10:22:53,832-BasePage-INFO-找到页面元素--('name', 'password')
2019-02-27 10:22:53,922-BasePage-INFO-输入的内容zx980504
2019-02-27 10:22:53,955-BasePage-INFO-找到页面元素--('css selector', '.fastlg_l .pn')
2019-02-27 10:22:54,009-BasePage-INFO-Success The element was click
2019-02-27 10:22:54,050-BasePage-INFO-找到页面元素--('css selector', '.fl_tb tr td h2 a')
2019-02-27 10:22:54,495-BasePage-ERROR-Failed to click the element with Message: stale element reference: element is not attached to the page document
  (Session info: chrome=72.0.3626.109)
  (Driver info: chromedriver=2.41.578737 (49da6702b16031c40d63e5618de03a32ff6c197e),platform=Windows NT 6.1.7601 SP1 x86_64)

2019-02-27 10:22:57,499-BasePage-INFO-Success switch to window
2019-02-27 10:23:08,051-BasePage-ERROR-<pageobjects.post.Post object at 0x00000000035C4C50>页面中找不到('xpath', "//div[@id='pgt']/a")元素
2019-02-27 10:23:08,365-BasePage-INFO-Had take screenshot and save to folder:/ screenshots
2019-02-27 10:23:08,365-BasePage-ERROR-Failed to click the element with 'NoneType' object has no attribute 'click'
2019-02-27 10:23:11,377-BasePage-INFO-Success switch to window
2019-02-27 10:23:11,439-BasePage-INFO-找到页面元素--('name', 'subject')
2019-02-27 10:23:11,572-BasePage-INFO-输入的内容title
2019-02-27 10:23:22,082-BasePage-ERROR-<pageobjects.post.Post object at 0x00000000035C4C50>页面中找不到('tag name', 'iframe')元素
2019-02-27 10:23:22,407-BasePage-INFO-Had take screenshot and save to folder:/ screenshots
2019-02-27 10:23:22,410-BasePage-INFO-Success into inframe
2019-02-27 10:23:22,434-BasePage-INFO-找到页面元素--('tag name', 'body')
2019-02-27 10:23:22,460-BasePage-ERROR-Failed to type in input box with Message: invalid element state: Element must be user-editable in order to clear it.
  (Session info: chrome=72.0.3626.109)
  (Driver info: chromedriver=2.41.578737 (49da6702b16031c40d63e5618de03a32ff6c197e),platform=Windows NT 6.1.7601 SP1 x86_64)

2019-02-27 10:23:22,463-BasePage-INFO-Success switch to window
2019-02-27 10:23:33,036-BasePage-ERROR-<pageobjects.post.Post object at 0x00000000035C4C50>页面中找不到('id', 'postsubmit')元素
2019-02-27 10:23:33,371-BasePage-INFO-Had take screenshot and save to folder:/ screenshots
2019-02-27 10:23:33,372-BasePage-ERROR-Failed to click the element with 'NoneType' object has no attribute 'click'
2019-02-27 10:23:33,372-BrowserEngine-INFO-Now,Close and quit the browser
