2019-02-27 09:06:54,393-BrowserEngine-INFO-You has select Chrome browser
2019-02-27 09:06:54,393-BrowserEngine-INFO-The test server url is:http://127.0.0.1/forum.php.
2019-02-27 09:06:57,739-BrowserEngine-INFO-Starting chrome brower
2019-02-27 09:06:59,680-BrowserEngine-INFO-Open url:http://127.0.0.1/forum.php.
2019-02-27 09:07:00,833-BrowserEngine-INFO-Maxizize the current window
2019-02-27 09:07:00,839-BrowserEngine-INFO-Set impicitly wait 10 seconds
2019-02-27 09:07:03,899-BasePage-INFO-找到页面元素--('name', 'username')
2019-02-27 09:07:04,017-BasePage-INFO-输入的内容admin
2019-02-27 09:07:04,047-BasePage-INFO-找到页面元素--('name', 'password')
2019-02-27 09:07:04,131-BasePage-INFO-输入的内容zx980504
2019-02-27 09:07:04,157-BasePage-INFO-找到页面元素--('css selector', '.fastlg_l .pn')
2019-02-27 09:07:04,223-BasePage-INFO-The element 登录 was click
2019-02-27 09:07:07,234-BasePage-INFO-Success switch to window
2019-02-27 09:07:07,316-BasePage-INFO-找到页面元素--('css selector', '.fl_tb tr td h2 a')
2019-02-27 09:07:07,889-BasePage-INFO-Failed to click the element with Message: stale element reference: element is not attached to the page document
  (Session info: chrome=72.0.3626.109)
  (Driver info: chromedriver=2.41.578737 (49da6702b16031c40d63e5618de03a32ff6c197e),platform=Windows NT 6.1.7601 SP1 x86_64)

2019-02-27 09:07:10,894-BasePage-INFO-Success switch to window
2019-02-27 09:07:10,937-BasePage-INFO-找到页面元素--('xpath', "//div[@id='pgt']/a")
2019-02-27 09:07:11,603-BasePage-INFO-Failed to click the element with Message: stale element reference: element is not attached to the page document
  (Session info: chrome=72.0.3626.109)
  (Driver info: chromedriver=2.41.578737 (49da6702b16031c40d63e5618de03a32ff6c197e),platform=Windows NT 6.1.7601 SP1 x86_64)

2019-02-27 09:07:14,611-BasePage-INFO-Success switch to window
2019-02-27 09:07:14,652-BasePage-INFO-找到页面元素--('name', 'subject')
2019-02-27 09:07:14,760-BasePage-INFO-输入的内容title
2019-02-27 09:07:14,792-BasePage-INFO-找到页面元素--('tag name', 'iframe')
2019-02-27 09:07:14,823-BasePage-INFO-Success into inframe
2019-02-27 09:07:14,852-BasePage-INFO-找到页面元素--('tag name', 'body')
2019-02-27 09:07:14,939-BasePage-INFO-输入的内容hello
2019-02-27 09:07:25,485-BasePage-ERROR-<pageobjects.discuz_homepage.HomePage object at 0x0000000003595400>页面中找不到('id', 'postsubmit')元素
2019-02-27 09:07:25,763-BasePage-INFO-Had take screenshot and save to folder:/ screenshots
2019-02-27 09:07:25,763-BasePage-INFO-Failed to click the element with 'NoneType' object has no attribute 'click'
2019-02-27 09:07:28,767-BasePage-INFO-Success switch to window
2019-02-27 09:07:39,330-BasePage-ERROR-<pageobjects.discuz_homepage.HomePage object at 0x0000000003595400>页面中找不到('id', 'post_reply')元素
2019-02-27 09:07:39,716-BasePage-INFO-Had take screenshot and save to folder:/ screenshots
2019-02-27 09:07:39,716-BasePage-INFO-Failed to click the element with 'NoneType' object has no attribute 'click'
2019-02-27 09:07:42,722-BasePage-INFO-Success switch to window
2019-02-27 09:07:53,277-BasePage-ERROR-<pageobjects.discuz_homepage.HomePage object at 0x0000000003595400>页面中找不到('id', 'postmessage')元素
2019-02-27 09:07:53,586-BasePage-INFO-Had take screenshot and save to folder:/ screenshots
2019-02-27 09:07:53,586-BasePage-ERROR-Failed to type in input box with 'NoneType' object has no attribute 'clear'
2019-02-27 09:07:53,614-BasePage-INFO-找到页面元素--('id', 'postsubmit')
2019-02-27 09:07:53,712-BasePage-INFO-The element 发表帖子 was click
2019-02-27 09:07:55,532-BasePage-INFO-找到页面元素--('link text', '退出')
2019-02-27 09:07:55,739-BasePage-INFO-Failed to click the element with Message: stale element reference: element is not attached to the page document
  (Session info: chrome=72.0.3626.109)
  (Driver info: chromedriver=2.41.578737 (49da6702b16031c40d63e5618de03a32ff6c197e),platform=Windows NT 6.1.7601 SP1 x86_64)

2019-02-27 09:07:55,739-BrowserEngine-INFO-Now,Close and quit the browser
