2019-02-28 10:00:06,754-BrowserEngine-INFO-You has select Chrome browser
2019-02-28 10:00:06,754-BrowserEngine-INFO-The test server url is:http://127.0.0.1/forum.php.
2019-02-28 10:00:09,439-BrowserEngine-INFO-Starting chrome brower
2019-02-28 10:00:11,677-BrowserEngine-INFO-Open url:http://127.0.0.1/forum.php.
2019-02-28 10:00:12,794-BrowserEngine-INFO-Maxizize the current window
2019-02-28 10:00:12,795-BrowserEngine-INFO-Set impicitly wait 10 seconds
2019-02-28 10:00:12,823-BasePage-INFO-找到页面元素--('name', 'username')
2019-02-28 10:00:12,908-BasePage-INFO-输入的内容admin
2019-02-28 10:00:12,936-BasePage-INFO-找到页面元素--('name', 'password')
2019-02-28 10:00:13,015-BasePage-INFO-输入的内容zx980504
2019-02-28 10:00:13,042-BasePage-INFO-找到页面元素--('css selector', '.fastlg_l .pn')
2019-02-28 10:00:13,091-BasePage-INFO-Success The element was click
2019-02-28 10:00:16,102-BasePage-INFO-Success switch to window
2019-02-28 10:00:16,168-BasePage-INFO-找到页面元素--('css selector', '.fl_tb tr td h2 a')
2019-02-28 10:00:16,459-BasePage-INFO-Success The element was click
2019-02-28 10:00:16,488-BasePage-INFO-找到页面元素--('name', 'moderate[]')
2019-02-28 10:00:16,561-BasePage-INFO-Success The element was click
2019-02-28 10:00:16,570-BasePage-INFO-Success switch to window
2019-02-28 10:00:16,608-BasePage-INFO-找到页面元素--('xpath', "//div[@id='mdly']/p/strong/a")
2019-02-28 10:00:17,079-BasePage-INFO-Success The element was click
2019-02-28 10:00:17,089-BasePage-INFO-Success switch to window
2019-02-28 10:00:17,124-BasePage-INFO-找到页面元素--('name', 'modsubmit')
2019-02-28 10:00:17,558-BasePage-INFO-Success The element was click
2019-02-28 10:00:17,585-BasePage-INFO-找到页面元素--('css selector', '#um > p:nth-child(2) > a:nth-child(16)')
2019-02-28 10:00:17,687-BasePage-INFO-Success The element was click
2019-02-28 10:00:29,323-BasePage-ERROR-<pageobjects.into_manage.Into_Manage object at 0x00000000035BE198>页面中找不到('name', 'admin_password')元素
2019-02-28 10:00:29,640-BasePage-INFO-Had take screenshot and save to folder:/ screenshots
2019-02-28 10:00:29,640-BasePage-ERROR-Failed to type in input box with 'NoneType' object has no attribute 'clear'
2019-02-28 10:00:40,154-BasePage-ERROR-<pageobjects.into_manage.Into_Manage object at 0x00000000035BE198>页面中找不到('name', 'submit')元素
2019-02-28 10:00:40,444-BasePage-INFO-Had take screenshot and save to folder:/ screenshots
2019-02-28 10:00:40,444-BasePage-ERROR-Failed to click the element with 'NoneType' object has no attribute 'click'
2019-02-28 10:00:40,448-BasePage-INFO-Success switch to window
2019-02-28 10:00:40,478-BasePage-INFO-找到页面元素--('id', 'header_forum')
2019-02-28 10:00:40,689-BasePage-INFO-Success The element was click
2019-02-28 10:00:40,714-BasePage-INFO-找到页面元素--('tag name', 'iframe')
2019-02-28 10:00:40,740-BasePage-INFO-Success into inframe
2019-02-28 10:00:40,765-BasePage-INFO-找到页面元素--('css selector', '.addtr')
2019-02-28 10:00:40,857-BasePage-INFO-Success The element was click
2019-02-28 10:00:40,888-BasePage-INFO-找到页面元素--('name', 'newforum[1][]')
2019-02-28 10:00:40,917-BasePage-INFO-Clear test is input box before typeing
2019-02-28 10:00:40,934-BasePage-INFO-找到页面元素--('name', 'newforum[1][]')
2019-02-28 10:00:40,998-BasePage-INFO-输入的内容fd
2019-02-28 10:00:41,023-BasePage-INFO-找到页面元素--('name', 'editsubmit')
2019-02-28 10:00:41,233-BasePage-INFO-Success The element was click
2019-02-28 10:00:41,258-BasePage-INFO-Closeing  on current page.
2019-02-28 10:00:44,343-BasePage-INFO-找到页面元素--('css selector', '#pt div >a:nth-child(5)')
2019-02-28 10:00:44,613-BasePage-INFO-Success The element was click
2019-02-28 10:00:44,616-BasePage-INFO-Success switch to window
2019-02-28 10:00:47,695-BasePage-INFO-找到页面元素--('link text', '退出')
2019-02-28 10:00:47,955-BasePage-INFO-Success The element was click
2019-02-28 10:00:50,176-BasePage-INFO-找到页面元素--('name', 'username')
2019-02-28 10:00:50,263-BasePage-INFO-输入的内容zhangxiong
2019-02-28 10:00:50,286-BasePage-INFO-找到页面元素--('name', 'password')
2019-02-28 10:00:50,355-BasePage-INFO-输入的内容zx980504
2019-02-28 10:00:50,380-BasePage-INFO-找到页面元素--('css selector', '.fastlg_l .pn')
2019-02-28 10:00:50,432-BasePage-INFO-Success The element was click
2019-02-28 10:00:50,460-BasePage-INFO-找到页面元素--('css selector', '#category_1 > table tbody > tr:nth-child(2) > td:nth-child(2) > h2 > a')
2019-02-28 10:00:50,808-BasePage-INFO-Success The element was click
2019-02-28 10:01:01,377-BasePage-ERROR-<pageobjects.post.Post object at 0x00000000035BE1D0>页面中找不到('xpath', "//div[@id='pgt']/a")元素
2019-02-28 10:01:01,641-BasePage-INFO-Had take screenshot and save to folder:/ screenshots
2019-02-28 10:01:01,641-BasePage-ERROR-Failed to click the element with 'NoneType' object has no attribute 'click'
2019-02-28 10:01:04,651-BasePage-INFO-Success switch to window
2019-02-28 10:01:15,193-BasePage-ERROR-<pageobjects.post.Post object at 0x00000000035BE1D0>页面中找不到('name', 'subject')元素
2019-02-28 10:01:15,585-BasePage-INFO-Had take screenshot and save to folder:/ screenshots
2019-02-28 10:01:15,585-BasePage-ERROR-Failed to type in input box with 'NoneType' object has no attribute 'clear'
2019-02-28 10:01:26,112-BasePage-ERROR-<pageobjects.post.Post object at 0x00000000035BE1D0>页面中找不到('tag name', 'iframe')元素
2019-02-28 10:01:26,512-BasePage-INFO-Had take screenshot and save to folder:/ screenshots
2019-02-28 10:01:26,514-BasePage-INFO-Success into inframe
2019-02-28 10:01:26,539-BasePage-INFO-找到页面元素--('tag name', 'body')
2019-02-28 10:01:26,565-BasePage-ERROR-Failed to type in input box with Message: invalid element state: Element must be user-editable in order to clear it.
  (Session info: chrome=72.0.3626.109)
  (Driver info: chromedriver=2.41.578737 (49da6702b16031c40d63e5618de03a32ff6c197e),platform=Windows NT 6.1.7601 SP1 x86_64)

2019-02-28 10:01:26,569-BasePage-INFO-Success switch to window
2019-02-28 10:01:37,105-BasePage-ERROR-<pageobjects.post.Post object at 0x00000000035BE1D0>页面中找不到('id', 'postsubmit')元素
2019-02-28 10:01:37,459-BasePage-INFO-Had take screenshot and save to folder:/ screenshots
2019-02-28 10:01:37,459-BasePage-ERROR-Failed to click the element with 'NoneType' object has no attribute 'click'
2019-02-28 10:01:40,520-BasePage-INFO-Success switch to window
2019-02-28 10:01:51,099-BasePage-ERROR-<pageobjects.reply.Reply object at 0x00000000035CA748>页面中找不到('id', 'post_reply')元素
2019-02-28 10:01:51,508-BasePage-INFO-Had take screenshot and save to folder:/ screenshots
2019-02-28 10:01:51,508-BasePage-ERROR-Failed to click the element with 'NoneType' object has no attribute 'click'
2019-02-28 10:01:54,553-BasePage-INFO-Success switch to window
2019-02-28 10:01:58,820-BasePage-ERROR-<pageobjects.reply.Reply object at 0x00000000035CA748>页面中找不到('id', 'postmessage')元素
