2019-02-28 09:32:02,191-BrowserEngine-INFO-You has select Chrome browser
2019-02-28 09:32:02,191-BrowserEngine-INFO-The test server url is:http://127.0.0.1/forum.php.
2019-02-28 09:32:04,728-BrowserEngine-INFO-Starting chrome brower
2019-02-28 09:32:06,560-BrowserEngine-INFO-Open url:http://127.0.0.1/forum.php.
2019-02-28 09:32:07,694-BrowserEngine-INFO-Maxizize the current window
2019-02-28 09:32:07,695-BrowserEngine-INFO-Set impicitly wait 10 seconds
2019-02-28 09:32:07,737-BasePage-INFO-找到页面元素--('name', 'username')
2019-02-28 09:32:07,870-BasePage-INFO-输入的内容admin
2019-02-28 09:32:07,906-BasePage-INFO-找到页面元素--('name', 'password')
2019-02-28 09:32:08,000-BasePage-INFO-输入的内容zx980504
2019-02-28 09:32:08,032-BasePage-INFO-找到页面元素--('css selector', '.fastlg_l .pn')
2019-02-28 09:32:08,088-BasePage-INFO-Success The element was click
2019-02-28 09:32:11,091-BasePage-INFO-Success switch to window
2019-02-28 09:32:11,118-BasePage-INFO-找到页面元素--('css selector', '.fl_tb tr td h2 a')
2019-02-28 09:32:11,489-BasePage-INFO-Success The element was click
2019-02-28 09:32:11,580-BasePage-INFO-找到页面元素--('name', 'moderate[]')
2019-02-28 09:32:11,656-BasePage-INFO-Success The element was click
2019-02-28 09:32:11,659-BasePage-INFO-Success switch to window
2019-02-28 09:32:11,695-BasePage-INFO-找到页面元素--('xpath', "//div[@id='mdly']/p/strong/a")
2019-02-28 09:32:11,890-BasePage-INFO-Success The element was click
2019-02-28 09:32:11,905-BasePage-INFO-Success switch to window
2019-02-28 09:32:11,939-BasePage-INFO-找到页面元素--('name', 'modsubmit')
2019-02-28 09:32:12,401-BasePage-INFO-Success The element was click
2019-02-28 09:32:12,441-BasePage-INFO-找到页面元素--('css selector', '#um > p:nth-child(2) > a:nth-child(16)')
2019-02-28 09:32:12,547-BasePage-INFO-Success The element was click
2019-02-28 09:32:24,124-BasePage-ERROR-<pageobjects.into_manage.Into_Manage object at 0x000000000353E208>页面中找不到('name', 'admin_password')元素
2019-02-28 09:32:24,442-BasePage-INFO-Had take screenshot and save to folder:/ screenshots
2019-02-28 09:32:24,442-BasePage-ERROR-Failed to type in input box with 'NoneType' object has no attribute 'clear'
2019-02-28 09:32:34,958-BasePage-ERROR-<pageobjects.into_manage.Into_Manage object at 0x000000000353E208>页面中找不到('name', 'submit')元素
2019-02-28 09:32:35,241-BasePage-INFO-Had take screenshot and save to folder:/ screenshots
2019-02-28 09:32:35,241-BasePage-ERROR-Failed to click the element with 'NoneType' object has no attribute 'click'
2019-02-28 09:32:35,245-BasePage-INFO-Success switch to window
2019-02-28 09:32:35,269-BasePage-INFO-找到页面元素--('id', 'header_forum')
2019-02-28 09:32:35,336-BasePage-INFO-Success The element was click
2019-02-28 09:32:35,393-BasePage-INFO-找到页面元素--('tag name', 'iframe')
2019-02-28 09:32:35,428-BasePage-INFO-Success into inframe
2019-02-28 09:32:35,624-BasePage-INFO-找到页面元素--('css selector', '.addtr')
2019-02-28 09:32:35,725-BasePage-INFO-Success The element was click
2019-02-28 09:32:35,759-BasePage-INFO-找到页面元素--('name', 'newforum[1][]')
2019-02-28 09:32:35,787-BasePage-INFO-Clear test is input box before typeing
2019-02-28 09:32:35,805-BasePage-INFO-找到页面元素--('name', 'newforum[1][]')
2019-02-28 09:32:35,891-BasePage-INFO-输入的内容fd
2019-02-28 09:32:35,922-BasePage-INFO-找到页面元素--('name', 'editsubmit')
2019-02-28 09:32:36,150-BasePage-INFO-Success The element was click
2019-02-28 09:32:36,174-BasePage-INFO-Closeing  on current page.
2019-02-28 09:32:39,196-BasePage-INFO-Success switch to window
2019-02-28 09:32:39,351-BasePage-INFO-Click back on current page.
2019-02-28 09:32:39,423-BasePage-INFO-Click back on current page.
2019-02-28 09:32:42,490-BasePage-INFO-找到页面元素--('link text', '退出')
2019-02-28 09:32:42,701-BasePage-INFO-Success The element was click
2019-02-28 09:32:44,906-BasePage-INFO-找到页面元素--('name', 'username')
2019-02-28 09:32:44,999-BasePage-INFO-输入的内容zhangxiong
2019-02-28 09:32:45,023-BasePage-INFO-找到页面元素--('name', 'password')
2019-02-28 09:32:45,091-BasePage-INFO-输入的内容zx980504
2019-02-28 09:32:45,118-BasePage-INFO-找到页面元素--('css selector', '.fastlg_l .pn')
2019-02-28 09:32:45,175-BasePage-INFO-Success The element was click
2019-02-28 09:32:45,204-BasePage-INFO-找到页面元素--('css selector', '#category_1 > table tbody > tr:nth-child(2) > td:nth-child(2) > h2 > a')
2019-02-28 09:32:45,563-BasePage-INFO-Success The element was click
2019-02-28 09:32:56,135-BasePage-ERROR-<pageobjects.post.Post object at 0x000000000354AC18>页面中找不到('xpath', "//div[@id='pgt']/a")元素
2019-02-28 09:32:56,438-BasePage-INFO-Had take screenshot and save to folder:/ screenshots
2019-02-28 09:32:56,438-BasePage-ERROR-Failed to click the element with 'NoneType' object has no attribute 'click'
2019-02-28 09:32:59,448-BasePage-INFO-Success switch to window
2019-02-28 09:33:10,001-BasePage-ERROR-<pageobjects.post.Post object at 0x000000000354AC18>页面中找不到('name', 'subject')元素
2019-02-28 09:33:10,397-BasePage-INFO-Had take screenshot and save to folder:/ screenshots
2019-02-28 09:33:10,398-BasePage-ERROR-Failed to type in input box with 'NoneType' object has no attribute 'clear'
2019-02-28 09:33:20,939-BasePage-ERROR-<pageobjects.post.Post object at 0x000000000354AC18>页面中找不到('tag name', 'iframe')元素
2019-02-28 09:33:21,255-BasePage-INFO-Had take screenshot and save to folder:/ screenshots
2019-02-28 09:33:21,258-BasePage-INFO-Success into inframe
2019-02-28 09:33:21,286-BasePage-INFO-找到页面元素--('tag name', 'body')
2019-02-28 09:33:21,311-BasePage-ERROR-Failed to type in input box with Message: invalid element state: Element must be user-editable in order to clear it.
  (Session info: chrome=72.0.3626.109)
  (Driver info: chromedriver=2.41.578737 (49da6702b16031c40d63e5618de03a32ff6c197e),platform=Windows NT 6.1.7601 SP1 x86_64)

2019-02-28 09:33:21,315-BasePage-INFO-Success switch to window
2019-02-28 09:33:22,582-BasePage-ERROR-<pageobjects.post.Post object at 0x000000000354AC18>页面中找不到('id', 'postsubmit')元素
