2019-02-27 19:43:49,919-BrowserEngine-INFO-You has select Chrome browser
2019-02-27 19:43:49,919-BrowserEngine-INFO-The test server url is:http://127.0.0.1/forum.php.
2019-02-27 19:43:53,551-BrowserEngine-INFO-Starting chrome brower
2019-02-27 19:43:55,192-BrowserEngine-INFO-Open url:http://127.0.0.1/forum.php.
2019-02-27 19:43:56,354-BrowserEngine-INFO-Maxizize the current window
2019-02-27 19:43:56,356-BrowserEngine-INFO-Set impicitly wait 10 seconds
2019-02-27 19:43:56,390-BasePage-INFO-找到页面元素--('name', 'username')
2019-02-27 19:43:56,507-BasePage-INFO-输入的内容admin
2019-02-27 19:43:56,538-BasePage-INFO-找到页面元素--('name', 'password')
2019-02-27 19:43:56,641-BasePage-INFO-输入的内容zx980504
2019-02-27 19:43:56,676-BasePage-INFO-找到页面元素--('css selector', '.fastlg_l .pn')
2019-02-27 19:43:56,734-BasePage-INFO-Success The element was click
2019-02-27 19:44:07,282-BasePage-ERROR-<pageobjects.post.Post object at 0x00000000035C5B00>页面中找不到('xpath', "//div[@id='pgt']/a")元素
2019-02-27 19:44:07,617-BasePage-INFO-Had take screenshot and save to folder:/ screenshots
2019-02-27 19:44:07,618-BasePage-ERROR-Falied not find float 
2019-02-27 19:44:18,171-BasePage-ERROR-<pageobjects.post.Post object at 0x00000000035C5B00>页面中找不到('css selector', '.poll a')元素
2019-02-27 19:44:18,631-BasePage-INFO-Had take screenshot and save to folder:/ screenshots
2019-02-27 19:44:18,632-BasePage-ERROR-Failed to click the element with 'NoneType' object has no attribute 'click'
2019-02-27 19:44:18,637-BasePage-INFO-Success switch to window
2019-02-27 19:44:29,152-BasePage-ERROR-<pageobjects.post.Post object at 0x00000000035C5B00>页面中找不到('id', 'subject')元素
