2019-02-28 20:55:57,151-BrowserEngine-INFO-You has select Chrome browser
2019-02-28 20:55:57,151-BrowserEngine-INFO-The test server url is:http://127.0.0.1/forum.php.
2019-02-28 20:55:59,796-BrowserEngine-INFO-Starting chrome brower
2019-02-28 20:56:00,931-BrowserEngine-INFO-Open url:http://127.0.0.1/forum.php.
2019-02-28 20:56:02,060-BrowserEngine-INFO-Maxizize the current window
2019-02-28 20:56:02,062-BrowserEngine-INFO-Set impicitly wait 10 seconds
2019-02-28 20:56:02,094-BasePage-INFO-找到页面元素--('name', 'username')
2019-02-28 20:56:02,195-BasePage-INFO-输入的内容admin
2019-02-28 20:56:02,230-BasePage-INFO-找到页面元素--('name', 'password')
2019-02-28 20:56:02,318-BasePage-INFO-输入的内容zx980504
2019-02-28 20:56:02,349-BasePage-INFO-找到页面元素--('css selector', '.fastlg_l .pn')
2019-02-28 20:56:02,406-BasePage-INFO-Success The element was click
2019-02-28 20:56:05,437-BasePage-INFO-找到页面元素--('css selector', '.vwmy')
2019-02-28 20:56:05,464-BasePage-INFO-找到的文本admin
2019-02-28 20:56:08,469-BasePage-INFO-Success switch to window
2019-02-28 20:56:08,496-BasePage-INFO-找到页面元素--('css selector', '.fl_tb tr td h2 a')
2019-02-28 20:56:08,896-BasePage-INFO-Success The element was click
2019-02-28 20:56:11,900-BasePage-INFO-Success switch to window
2019-02-28 20:56:14,926-BasePage-INFO-找到页面元素--('css selector', '.xs2 a')
2019-02-28 20:56:14,950-BasePage-INFO-找到的文本默认版块
2019-02-28 20:56:14,980-BasePage-INFO-找到页面元素--('xpath', "//div[@id='pgt']/a")
2019-02-28 20:56:15,471-BasePage-INFO-Success The element was click
2019-02-28 20:56:18,475-BasePage-INFO-Success switch to window
2019-02-28 20:56:18,509-BasePage-INFO-找到页面元素--('id', 'postsubmit')
2019-02-28 20:56:18,539-BasePage-INFO-找到的文本发表帖子
2019-02-28 20:56:18,573-BasePage-INFO-找到页面元素--('name', 'subject')
2019-02-28 20:56:18,754-BasePage-INFO-输入的内容title
2019-02-28 20:56:18,788-BasePage-INFO-找到页面元素--('tag name', 'iframe')
2019-02-28 20:56:18,827-BasePage-INFO-Success into inframe
2019-02-28 20:56:18,859-BasePage-INFO-找到页面元素--('tag name', 'body')
2019-02-28 20:56:18,999-BasePage-INFO-输入的内容hello
2019-02-28 20:56:19,005-BasePage-INFO-Success switch to window
2019-02-28 20:56:19,028-BasePage-INFO-找到页面元素--('id', 'postsubmit')
2019-02-28 20:56:19,181-BasePage-INFO-Success The element was click
2019-02-28 20:56:22,185-BasePage-INFO-Success switch to window
2019-02-28 20:56:51,256-BasePage-INFO-找到页面元素--('css selector', '#thread_subject')
2019-02-28 20:56:51,293-BasePage-INFO-找到的文本title
2019-02-28 20:56:51,293-BrowserEngine-INFO-Now,Close and quit the browser
