2019-02-27 15:20:10,268-BrowserEngine-INFO-You has select Chrome browser
2019-02-27 15:20:10,268-BrowserEngine-INFO-The test server url is:http://127.0.0.1/forum.php.
2019-02-27 15:20:13,910-BrowserEngine-INFO-Starting chrome brower
2019-02-27 15:20:17,282-BrowserEngine-INFO-Open url:http://127.0.0.1/forum.php.
2019-02-27 15:20:18,421-BrowserEngine-INFO-Maxizize the current window
2019-02-27 15:20:18,424-BrowserEngine-INFO-Set impicitly wait 10 seconds
2019-02-27 15:20:18,480-BasePage-INFO-找到页面元素--('name', 'username')
2019-02-27 15:20:18,626-BasePage-INFO-输入的内容admin
2019-02-27 15:20:18,669-BasePage-INFO-找到页面元素--('name', 'password')
2019-02-27 15:20:18,796-BasePage-INFO-输入的内容zx980504
2019-02-27 15:20:18,835-BasePage-INFO-找到页面元素--('css selector', '.fastlg_l .pn')
2019-02-27 15:20:18,905-BasePage-INFO-Success The element was click
2019-02-27 15:20:19,490-BasePage-INFO-找到页面元素--('css selector', '#um > p:nth-child(2) > a:nth-child(16)')
2019-02-27 15:20:19,684-BasePage-INFO-Success The element was click
2019-02-27 15:20:31,241-BasePage-ERROR-<pageobjects.into_manage.Into_Manage object at 0x00000000035C6E80>页面中找不到('name', 'admin_password')元素
2019-02-27 15:20:31,559-BasePage-INFO-Had take screenshot and save to folder:/ screenshots
2019-02-27 15:20:31,560-BasePage-ERROR-Failed to type in input box with 'NoneType' object has no attribute 'clear'
2019-02-27 15:20:42,125-BasePage-ERROR-<pageobjects.into_manage.Into_Manage object at 0x00000000035C6E80>页面中找不到('name', 'submit')元素
2019-02-27 15:20:42,418-BasePage-INFO-Had take screenshot and save to folder:/ screenshots
2019-02-27 15:20:42,418-BasePage-ERROR-Failed to click the element with 'NoneType' object has no attribute 'click'
2019-02-27 15:20:42,425-BasePage-INFO-Success switch to window
2019-02-27 15:20:42,456-BasePage-INFO-找到页面元素--('id', 'header_forum')
2019-02-27 15:20:42,701-BasePage-INFO-Success The element was click
2019-02-27 15:20:42,739-BasePage-INFO-找到页面元素--('tag name', 'iframe')
2019-02-27 15:20:42,774-BasePage-INFO-Success into inframe
2019-02-27 15:20:42,806-BasePage-INFO-找到页面元素--('css selector', '.addtr')
2019-02-27 15:20:42,924-BasePage-INFO-Success The element was click
2019-02-27 15:20:42,963-BasePage-INFO-找到页面元素--('name', 'newforum[1][]')
2019-02-27 15:20:42,998-BasePage-INFO-Clear test is input box before typeing
2019-02-27 15:20:43,028-BasePage-INFO-找到页面元素--('name', 'newforum[1][]')
2019-02-27 15:20:43,106-BasePage-INFO-输入的内容dh
2019-02-27 15:20:43,140-BasePage-INFO-找到页面元素--('name', 'editsubmit')
2019-02-27 15:20:43,394-BasePage-INFO-Success The element was click
2019-02-27 15:20:43,415-BasePage-INFO-Closeing  on current page.
2019-02-27 15:20:49,506-BasePage-INFO-找到页面元素--('link text', '退出')
2019-02-27 15:20:49,769-BasePage-INFO-Success The element was click
2019-02-27 15:20:52,018-BasePage-INFO-找到页面元素--('name', 'username')
2019-02-27 15:20:52,153-BasePage-INFO-输入的内容zhangxiong
2019-02-27 15:20:52,188-BasePage-INFO-找到页面元素--('name', 'password')
2019-02-27 15:20:52,294-BasePage-INFO-输入的内容zx980504
2019-02-27 15:20:52,331-BasePage-INFO-找到页面元素--('css selector', '.fastlg_l .pn')
2019-02-27 15:20:52,388-BasePage-INFO-Success The element was click
2019-02-27 15:20:55,394-BasePage-INFO-Success switch to window
2019-02-27 15:20:55,430-BasePage-INFO-找到页面元素--('css selector', '#category_1  table tbody > tr:nth-child(2) > td:nth-child(2)  h2 a')
2019-02-27 15:20:55,790-BasePage-INFO-Success The element was click
2019-02-27 15:20:58,796-BasePage-INFO-Success switch to window
2019-02-27 15:20:58,831-BasePage-INFO-找到页面元素--('xpath', "//div[@id='pgt']/a")
2019-02-27 15:20:59,187-BasePage-INFO-Success The element was click
2019-02-27 15:21:02,199-BasePage-INFO-Success switch to window
2019-02-27 15:21:02,257-BasePage-INFO-找到页面元素--('name', 'subject')
2019-02-27 15:21:02,410-BasePage-INFO-输入的内容title
2019-02-27 15:21:02,439-BasePage-INFO-找到页面元素--('tag name', 'iframe')
2019-02-27 15:21:02,475-BasePage-INFO-Success into inframe
2019-02-27 15:21:02,504-BasePage-INFO-找到页面元素--('tag name', 'body')
2019-02-27 15:21:02,628-BasePage-INFO-输入的内容helloghgh
2019-02-27 15:21:02,633-BasePage-INFO-Success switch to window
2019-02-27 15:21:02,666-BasePage-INFO-找到页面元素--('id', 'postsubmit')
2019-02-27 15:21:02,810-BasePage-INFO-Success The element was click
2019-02-27 15:21:05,822-BasePage-INFO-Success switch to window
2019-02-27 15:21:16,373-BasePage-ERROR-<pageobjects.reply.Reply object at 0x00000000035BC0F0>页面中找不到('id', 'post_reply')元素
2019-02-27 15:21:16,699-BasePage-INFO-Had take screenshot and save to folder:/ screenshots
2019-02-27 15:21:16,699-BasePage-ERROR-Failed to click the element with 'NoneType' object has no attribute 'click'
2019-02-27 15:21:21,760-BasePage-ERROR-Failed Switch to windowMessage: chrome not reachable
  (Session info: chrome=72.0.3626.109)
  (Driver info: chromedriver=2.41.578737 (49da6702b16031c40d63e5618de03a32ff6c197e),platform=Windows NT 6.1.7601 SP1 x86_64)
 
2019-02-27 15:21:27,993-BasePage-ERROR-<pageobjects.reply.Reply object at 0x00000000035BC0F0>页面中找不到('id', 'postmessage')元素
