2019-02-27 19:56:22,148-BrowserEngine-INFO-You has select Chrome browser
2019-02-27 19:56:22,148-BrowserEngine-INFO-The test server url is:http://127.0.0.1/forum.php.
2019-02-27 19:56:26,590-BrowserEngine-INFO-Starting chrome brower
2019-02-27 19:56:28,127-BrowserEngine-INFO-Open url:http://127.0.0.1/forum.php.
2019-02-27 19:56:29,265-BrowserEngine-INFO-Maxizize the current window
2019-02-27 19:56:29,266-BrowserEngine-INFO-Set impicitly wait 10 seconds
2019-02-27 19:56:29,303-BasePage-INFO-找到页面元素--('name', 'username')
2019-02-27 19:56:29,422-BasePage-INFO-输入的内容admin
2019-02-27 19:56:29,451-BasePage-INFO-找到页面元素--('name', 'password')
2019-02-27 19:56:29,541-BasePage-INFO-输入的内容zx980504
2019-02-27 19:56:29,573-BasePage-INFO-找到页面元素--('css selector', '.fastlg_l .pn')
2019-02-27 19:56:29,628-BasePage-INFO-Success The element was click
2019-02-27 19:56:32,646-BasePage-INFO-Success switch to window
2019-02-27 19:56:32,687-BasePage-INFO-找到页面元素--('css selector', '.fl_tb tr td h2 a')
2019-02-27 19:56:33,137-BasePage-INFO-Success The element was click
2019-02-27 19:56:33,226-BasePage-INFO-找到页面元素--('xpath', "//div[@id='pgt']/a")
2019-02-27 19:56:33,327-BasePage-INFO-Success find float 
2019-02-27 19:56:33,377-BasePage-INFO-找到页面元素--('css selector', '.poll a')
2019-02-27 19:56:33,983-BasePage-INFO-Success The element was click
2019-02-27 19:56:34,000-BasePage-INFO-Success switch to window
2019-02-27 19:56:37,039-BasePage-INFO-找到页面元素--('id', 'subject')
2019-02-27 19:56:37,233-BasePage-INFO-输入的内容最喜欢吃什么？
2019-02-27 19:56:37,265-BasePage-INFO-找到页面元素--('css selector', '#pollm_c_1 > p:nth-child(1) > input')
2019-02-27 19:56:37,364-BasePage-INFO-输入的内容苹果
2019-02-27 19:56:37,399-BasePage-INFO-找到页面元素--('css selector', '#pollm_c_1 > p:nth-child(2) > input')
2019-02-27 19:56:37,483-BasePage-INFO-输入的内容香蕉
2019-02-27 19:56:37,514-BasePage-INFO-找到页面元素--('css selector', '#pollm_c_1 > p:nth-child(3) > input')
2019-02-27 19:56:37,592-BasePage-INFO-输入的内容橘子
2019-02-27 19:56:48,144-BasePage-ERROR-<pageobjects.post.Post object at 0x00000000035C5B38>页面中找不到('css selector', '#pollsubmit')元素
2019-02-27 19:56:48,438-BasePage-INFO-Had take screenshot and save to folder:/ screenshots
2019-02-27 19:56:48,439-BasePage-ERROR-Failed to click the element with 'NoneType' object has no attribute 'click'
2019-02-27 19:56:48,443-BasePage-INFO-Success switch to window
2019-02-27 19:56:58,987-BasePage-ERROR-<pageobjects.post.Post object at 0x00000000035C5B38>页面中找不到('css selector', '#option_1')元素
2019-02-27 19:56:59,347-BasePage-INFO-Had take screenshot and save to folder:/ screenshots
2019-02-27 19:56:59,347-BasePage-ERROR-Failed to click the element with 'NoneType' object has no attribute 'click'
2019-02-27 19:56:59,378-BasePage-INFO-找到页面元素--('id', 'subject')
2019-02-27 19:56:59,405-BasePage-ERROR-
2019-02-27 19:56:59,433-BasePage-INFO-找到页面元素--('css selector', '#pollm_c_1 > p:nth-child(1) > input')
2019-02-27 19:56:59,459-BasePage-ERROR-
2019-02-27 19:57:10,011-BasePage-ERROR-<pageobjects.post.Post object at 0x00000000035C5B38>页面中找不到('css selector', '.pcht  tbody > tr:nth-child(2) > td:nth-child(2)')元素
2019-02-27 19:57:10,299-BasePage-INFO-Had take screenshot and save to folder:/ screenshots
2019-02-27 19:57:10,300-BasePage-ERROR-
2019-02-27 19:57:10,332-BasePage-INFO-找到页面元素--('css selector', '#pollm_c_1 > p:nth-child(2) > input')
2019-02-27 19:57:10,369-BasePage-ERROR-
2019-02-27 19:57:12,018-BasePage-ERROR-<pageobjects.post.Post object at 0x00000000035C5B38>页面中找不到('css selector', '.pcht  tbody > tr:nth-child(4) > td:nth-child(2)')元素
