2019-02-27 14:42:34,103-BrowserEngine-INFO-You has select Chrome browser
2019-02-27 14:42:34,104-BrowserEngine-INFO-The test server url is:http://127.0.0.1/forum.php.
2019-02-27 14:42:38,480-BrowserEngine-INFO-Starting chrome brower
2019-02-27 14:42:38,995-BrowserEngine-INFO-Open url:http://127.0.0.1/forum.php.
2019-02-27 14:42:40,123-BrowserEngine-INFO-Maxizize the current window
2019-02-27 14:42:40,125-BrowserEngine-INFO-Set impicitly wait 10 seconds
2019-02-27 14:42:40,169-BasePage-INFO-找到页面元素--('name', 'username')
2019-02-27 14:42:40,309-BasePage-INFO-输入的内容admin
2019-02-27 14:42:40,352-BasePage-INFO-找到页面元素--('name', 'password')
2019-02-27 14:42:40,482-BasePage-INFO-输入的内容zx980504
2019-02-27 14:42:40,521-BasePage-INFO-找到页面元素--('css selector', '.fastlg_l .pn')
2019-02-27 14:42:40,595-BasePage-INFO-Success The element was click
2019-02-27 14:42:41,416-BasePage-INFO-找到页面元素--('css selector', '#um > p:nth-child(2) > a:nth-child(16)')
2019-02-27 14:42:41,630-BasePage-INFO-Success The element was click
2019-02-27 14:42:53,186-BasePage-ERROR-<pageobjects.into_manage.Into_Manage object at 0x00000000035C7C18>页面中找不到('name', 'admin_password')元素
2019-02-27 14:42:53,525-BasePage-INFO-Had take screenshot and save to folder:/ screenshots
2019-02-27 14:42:53,525-BasePage-ERROR-Failed to type in input box with 'NoneType' object has no attribute 'clear'
2019-02-27 14:43:04,077-BasePage-ERROR-<pageobjects.into_manage.Into_Manage object at 0x00000000035C7C18>页面中找不到('name', 'submit')元素
2019-02-27 14:43:04,373-BasePage-INFO-Had take screenshot and save to folder:/ screenshots
2019-02-27 14:43:04,373-BasePage-ERROR-Failed to click the element with 'NoneType' object has no attribute 'click'
2019-02-27 14:43:04,377-BasePage-INFO-Success switch to window
2019-02-27 14:43:04,411-BasePage-INFO-找到页面元素--('id', 'header_forum')
2019-02-27 14:43:04,656-BasePage-INFO-Success The element was click
2019-02-27 14:43:04,687-BasePage-INFO-找到页面元素--('tag name', 'iframe')
2019-02-27 14:43:04,725-BasePage-INFO-Success into inframe
2019-02-27 14:43:04,758-BasePage-INFO-找到页面元素--('css selector', '.addtr')
2019-02-27 14:43:04,878-BasePage-INFO-Success The element was click
2019-02-27 14:43:04,916-BasePage-INFO-找到页面元素--('name', 'newforum[1][]')
2019-02-27 14:43:04,950-BasePage-INFO-Clear test is input box before typeing
2019-02-27 14:43:04,971-BasePage-INFO-找到页面元素--('name', 'newforum[1][]')
2019-02-27 14:43:05,056-BasePage-INFO-输入的内容zx
2019-02-27 14:43:05,090-BasePage-INFO-找到页面元素--('name', 'editsubmit')
2019-02-27 14:43:05,337-BasePage-INFO-Success The element was click
2019-02-27 14:43:05,374-BasePage-INFO-Closeing  on current page.
2019-02-27 14:43:05,379-BasePage-ERROR-Failed Switch to windowMessage: no such window: target window already closed
from unknown error: web view not found
  (Session info: chrome=72.0.3626.109)
  (Driver info: chromedriver=2.41.578737 (49da6702b16031c40d63e5618de03a32ff6c197e),platform=Windows NT 6.1.7601 SP1 x86_64)
 
2019-02-27 14:43:11,383-BasePage-ERROR-<pageobjects.exit.Exit object at 0x00000000026EBEB8>页面中找不到('link text', '退出')元素
