2019-02-28 20:38:43,052-BrowserEngine-INFO-You has select Chrome browser
2019-02-28 20:38:43,053-BrowserEngine-INFO-The test server url is:http://127.0.0.1/forum.php.
2019-02-28 20:38:46,116-BrowserEngine-INFO-Starting chrome brower
2019-02-28 20:38:47,428-BrowserEngine-INFO-Open url:http://127.0.0.1/forum.php.
2019-02-28 20:38:48,553-BrowserEngine-INFO-Maxizize the current window
2019-02-28 20:38:48,554-BrowserEngine-INFO-Set impicitly wait 10 seconds
2019-02-28 20:38:48,588-BasePage-INFO-找到页面元素--('name', 'username')
2019-02-28 20:38:48,691-BasePage-INFO-输入的内容admin
2019-02-28 20:38:48,722-BasePage-INFO-找到页面元素--('name', 'password')
2019-02-28 20:38:48,812-BasePage-INFO-输入的内容zx980504
2019-02-28 20:38:48,843-BasePage-INFO-找到页面元素--('css selector', '.fastlg_l .pn')
2019-02-28 20:38:48,895-BasePage-INFO-Success The element was click
2019-02-28 20:38:51,925-BasePage-INFO-找到页面元素--('css selector', '.vwmy')
2019-02-28 20:38:51,952-BasePage-INFO-找到的文本admin
2019-02-28 20:38:54,956-BasePage-INFO-Success switch to window
2019-02-28 20:38:54,988-BasePage-INFO-找到页面元素--('css selector', '.fl_tb tr td h2 a')
2019-02-28 20:38:55,378-BasePage-INFO-Success The element was click
2019-02-28 20:38:58,382-BasePage-INFO-Success switch to window
2019-02-28 20:39:01,411-BasePage-INFO-找到页面元素--('xpath', "//div[@id='pgt']/a")
2019-02-28 20:39:01,436-BasePage-INFO-找到的文本
2019-02-28 20:39:01,437-BrowserEngine-INFO-Now,Close and quit the browser
