2019-02-28 11:00:58,988-BrowserEngine-INFO-You has select Chrome browser
2019-02-28 11:00:58,988-BrowserEngine-INFO-The test server url is:http://127.0.0.1/forum.php.
2019-02-28 11:01:01,986-BrowserEngine-INFO-Starting chrome brower
2019-02-28 11:01:03,868-BrowserEngine-INFO-Open url:http://127.0.0.1/forum.php.
2019-02-28 11:01:04,999-BrowserEngine-INFO-Maxizize the current window
2019-02-28 11:01:05,000-BrowserEngine-INFO-Set impicitly wait 10 seconds
2019-02-28 11:01:05,034-BasePage-INFO-找到页面元素--('name', 'username')
2019-02-28 11:01:05,120-BasePage-INFO-输入的内容admin
2019-02-28 11:01:05,147-BasePage-INFO-找到页面元素--('name', 'password')
2019-02-28 11:01:05,222-BasePage-INFO-输入的内容zx980504
2019-02-28 11:01:05,248-BasePage-INFO-找到页面元素--('css selector', '.fastlg_l .pn')
2019-02-28 11:01:05,297-BasePage-INFO-Success The element was click
2019-02-28 11:01:08,307-BasePage-INFO-Success switch to window
2019-02-28 11:01:08,360-BasePage-INFO-找到页面元素--('css selector', '.fl_tb tr td h2 a')
2019-02-28 11:01:08,652-BasePage-INFO-Success The element was click
2019-02-28 11:01:08,682-BasePage-INFO-找到页面元素--('xpath', "//div[@id='pgt']/a")
2019-02-28 11:01:08,706-BasePage-INFO-Success find float 
2019-02-28 11:01:08,751-BasePage-INFO-找到页面元素--('css selector', '.poll a')
2019-02-28 11:01:09,419-BasePage-INFO-Success The element was click
2019-02-28 11:01:09,423-BasePage-INFO-Success switch to window
2019-02-28 11:01:12,485-BasePage-INFO-找到页面元素--('id', 'subject')
2019-02-28 11:01:12,666-BasePage-INFO-输入的内容最喜欢吃什么？
2019-02-28 11:01:12,692-BasePage-INFO-找到页面元素--('css selector', '#pollm_c_1 > p:nth-child(1) > input')
2019-02-28 11:01:12,775-BasePage-INFO-输入的内容苹果
2019-02-28 11:01:12,800-BasePage-INFO-找到页面元素--('css selector', '#pollm_c_1 > p:nth-child(2) > input')
2019-02-28 11:01:12,863-BasePage-INFO-输入的内容香蕉
2019-02-28 11:01:12,887-BasePage-INFO-找到页面元素--('css selector', '#pollm_c_1 > p:nth-child(3) > input')
2019-02-28 11:01:12,960-BasePage-INFO-输入的内容橘子
2019-02-28 11:01:12,986-BasePage-INFO-找到页面元素--('id', 'postsubmit')
2019-02-28 11:01:13,104-BasePage-INFO-Success The element was click
2019-02-28 11:01:13,112-BasePage-INFO-Success switch to window
2019-02-28 11:01:14,110-BasePage-INFO-找到页面元素--('css selector', '#option_1')
2019-02-28 11:01:14,190-BasePage-INFO-Success The element was click
2019-02-28 11:01:14,222-BasePage-INFO-找到页面元素--('css selector', '#pollsubmit')
2019-02-28 11:01:14,893-BasePage-INFO-Success The element was click
2019-02-28 11:01:14,964-BasePage-INFO-找到页面元素--('css selector', '.pvt')
2019-02-28 11:01:15,059-BasePage-INFO-找到页面元素--('css selector', '.pcht  tbody > tr > td:nth-child(2)')
2019-02-28 11:01:15,068-BrowserEngine-INFO-Now,Close and quit the browser
