2019-02-28 09:06:17,814-BrowserEngine-INFO-You has select Chrome browser
2019-02-28 09:06:17,814-BrowserEngine-INFO-The test server url is:http://127.0.0.1/forum.php.
2019-02-28 09:06:21,292-BrowserEngine-INFO-Starting chrome brower
2019-02-28 09:06:23,666-BrowserEngine-INFO-Open url:http://127.0.0.1/forum.php.
2019-02-28 09:06:24,795-BrowserEngine-INFO-Maxizize the current window
2019-02-28 09:06:24,797-BrowserEngine-INFO-Set impicitly wait 10 seconds
2019-02-28 09:06:24,830-BasePage-INFO-找到页面元素--('name', 'username')
2019-02-28 09:06:24,916-BasePage-INFO-输入的内容admin
2019-02-28 09:06:24,943-BasePage-INFO-找到页面元素--('name', 'password')
2019-02-28 09:06:25,052-BasePage-INFO-输入的内容zx980504
2019-02-28 09:06:25,087-BasePage-INFO-找到页面元素--('css selector', '.fastlg_l .pn')
2019-02-28 09:06:25,140-BasePage-INFO-Success The element was click
2019-02-28 09:06:28,144-BasePage-INFO-Success switch to window
2019-02-28 09:06:28,172-BasePage-INFO-找到页面元素--('css selector', '.fl_tb tr td h2 a')
2019-02-28 09:06:28,556-BasePage-INFO-Success The element was click
2019-02-28 09:06:28,587-BasePage-INFO-找到页面元素--('name', 'moderate[]')
2019-02-28 09:06:28,672-BasePage-INFO-Success The element was click
2019-02-28 09:06:28,738-BasePage-INFO-Success switch to window
2019-02-28 09:06:28,783-BasePage-INFO-找到页面元素--('xpath', "//div[@id='mdly']/p/strong/a")
2019-02-28 09:06:29,026-BasePage-INFO-Success The element was click
2019-02-28 09:06:29,037-BasePage-INFO-Success switch to window
2019-02-28 09:06:29,069-BasePage-INFO-找到页面元素--('name', 'modsubmit')
2019-02-28 09:06:29,621-BasePage-INFO-Success The element was click
2019-02-28 09:06:29,696-BasePage-INFO-找到页面元素--('css selector', '#um > p:nth-child(2) > a:nth-child(16)')
2019-02-28 09:06:29,790-BasePage-INFO-Success The element was click
2019-02-28 09:06:41,455-BasePage-ERROR-<pageobjects.into_manage.Into_Manage object at 0x00000000035BC2E8>页面中找不到('name', 'admin_password')元素
2019-02-28 09:06:41,758-BasePage-INFO-Had take screenshot and save to folder:/ screenshots
2019-02-28 09:06:41,759-BasePage-ERROR-Failed to type in input box with 'NoneType' object has no attribute 'clear'
2019-02-28 09:06:52,322-BasePage-ERROR-<pageobjects.into_manage.Into_Manage object at 0x00000000035BC2E8>页面中找不到('name', 'submit')元素
2019-02-28 09:06:52,650-BasePage-INFO-Had take screenshot and save to folder:/ screenshots
2019-02-28 09:06:52,650-BasePage-ERROR-Failed to click the element with 'NoneType' object has no attribute 'click'
2019-02-28 09:06:52,655-BasePage-INFO-Success switch to window
2019-02-28 09:06:52,680-BasePage-INFO-找到页面元素--('id', 'header_forum')
2019-02-28 09:06:52,917-BasePage-INFO-Success The element was click
2019-02-28 09:06:52,944-BasePage-INFO-找到页面元素--('tag name', 'iframe')
2019-02-28 09:06:52,974-BasePage-INFO-Success into inframe
2019-02-28 09:06:53,000-BasePage-INFO-找到页面元素--('css selector', '.addtr')
2019-02-28 09:06:53,096-BasePage-INFO-Success The element was click
2019-02-28 09:06:53,142-BasePage-INFO-找到页面元素--('name', 'newforum[1][]')
2019-02-28 09:06:53,169-BasePage-INFO-Clear test is input box before typeing
2019-02-28 09:06:53,186-BasePage-INFO-找到页面元素--('name', 'newforum[1][]')
2019-02-28 09:06:53,251-BasePage-INFO-输入的内容dh
2019-02-28 09:06:53,278-BasePage-INFO-找到页面元素--('name', 'editsubmit')
2019-02-28 09:06:53,513-BasePage-INFO-Success The element was click
2019-02-28 09:06:53,538-BasePage-INFO-Closeing  on current page.
2019-02-28 09:06:59,656-BasePage-INFO-找到页面元素--('link text', '退出')
2019-02-28 09:06:59,976-BasePage-INFO-Success The element was click
2019-02-28 09:07:02,129-BasePage-INFO-找到页面元素--('name', 'username')
2019-02-28 09:07:02,223-BasePage-INFO-输入的内容zhangxiong
2019-02-28 09:07:02,247-BasePage-INFO-找到页面元素--('name', 'password')
2019-02-28 09:07:02,332-BasePage-INFO-输入的内容zx980504
2019-02-28 09:07:02,365-BasePage-INFO-找到页面元素--('css selector', '.fastlg_l .pn')
2019-02-28 09:07:02,412-BasePage-INFO-Success The element was click
2019-02-28 09:07:12,933-BasePage-ERROR-<pageobjects.post.Post object at 0x00000000026EBEB8>页面中找不到('css selector', '#category_1 > table tbody > tr:nth-child(2) > td:nth-child(2) > h2 > a')元素
2019-02-28 09:07:13,223-BasePage-INFO-Had take screenshot and save to folder:/ screenshots
2019-02-28 09:07:13,223-BasePage-ERROR-Failed to click the element with 'NoneType' object has no attribute 'click'
2019-02-28 09:07:13,251-BasePage-INFO-找到页面元素--('xpath', "//div[@id='pgt']/a")
2019-02-28 09:07:13,709-BasePage-INFO-Success The element was click
2019-02-28 09:07:16,719-BasePage-INFO-Success switch to window
2019-02-28 09:07:16,770-BasePage-INFO-找到页面元素--('name', 'subject')
2019-02-28 09:07:16,900-BasePage-INFO-输入的内容title
2019-02-28 09:07:16,927-BasePage-INFO-找到页面元素--('tag name', 'iframe')
2019-02-28 09:07:16,969-BasePage-INFO-Success into inframe
2019-02-28 09:07:16,991-BasePage-INFO-找到页面元素--('tag name', 'body')
2019-02-28 09:07:17,088-BasePage-INFO-输入的内容helloworld
2019-02-28 09:07:17,092-BasePage-INFO-Success switch to window
2019-02-28 09:07:17,118-BasePage-INFO-找到页面元素--('id', 'postsubmit')
2019-02-28 09:07:17,237-BasePage-INFO-Success The element was click
2019-02-28 09:07:20,245-BasePage-INFO-Success switch to window
2019-02-28 09:07:20,296-BasePage-INFO-找到页面元素--('id', 'post_reply')
2019-02-28 09:07:20,359-BasePage-INFO-Success The element was click
2019-02-28 09:07:23,368-BasePage-INFO-Success switch to window
2019-02-28 09:07:23,403-BasePage-INFO-找到页面元素--('id', 'postmessage')
2019-02-28 09:07:23,532-BasePage-INFO-输入的内容nice to meet you
2019-02-28 09:07:26,542-BasePage-INFO-Success switch to window
2019-02-28 09:07:26,584-BasePage-INFO-找到页面元素--('id', 'postsubmit')
2019-02-28 09:07:26,826-BasePage-INFO-Success The element was click
2019-02-28 09:07:29,835-BasePage-INFO-Success switch to window
2019-02-28 09:07:32,909-BasePage-INFO-找到页面元素--('link text', '退出')
2019-02-28 09:07:33,109-BasePage-INFO-Success The element was click
2019-02-28 09:07:33,109-BrowserEngine-INFO-Now,Close and quit the browser
