2019-02-27 14:29:14,472-BrowserEngine-INFO-You has select Chrome browser
2019-02-27 14:29:14,472-BrowserEngine-INFO-The test server url is:http://127.0.0.1/forum.php.
2019-02-27 14:29:20,361-BrowserEngine-INFO-Starting chrome brower
2019-02-27 14:29:22,259-BrowserEngine-INFO-Open url:http://127.0.0.1/forum.php.
2019-02-27 14:29:23,417-BrowserEngine-INFO-Maxizize the current window
2019-02-27 14:29:23,418-BrowserEngine-INFO-Set impicitly wait 10 seconds
2019-02-27 14:29:23,456-BasePage-INFO-找到页面元素--('name', 'username')
2019-02-27 14:29:23,573-BasePage-INFO-输入的内容admin
2019-02-27 14:29:23,605-BasePage-INFO-找到页面元素--('name', 'password')
2019-02-27 14:29:23,701-BasePage-INFO-输入的内容zx980504
2019-02-27 14:29:23,731-BasePage-INFO-找到页面元素--('css selector', '.fastlg_l .pn')
2019-02-27 14:29:23,785-BasePage-INFO-Success The element was click
2019-02-27 14:29:26,790-BasePage-INFO-Success switch to window
2019-02-27 14:29:26,829-BasePage-INFO-找到页面元素--('css selector', '.fl_tb tr td h2 a')
2019-02-27 14:29:27,193-BasePage-INFO-Success The element was click
2019-02-27 14:29:27,262-BasePage-INFO-找到页面元素--('name', 'moderate[]')
2019-02-27 14:29:27,391-BasePage-INFO-Success The element was click
2019-02-27 14:29:27,396-BasePage-INFO-Success switch to window
2019-02-27 14:29:27,439-BasePage-INFO-找到页面元素--('xpath', "//div[@id='mdly']/p/strong/a")
2019-02-27 14:29:27,640-BasePage-INFO-Success The element was click
2019-02-27 14:29:27,650-BasePage-INFO-Success switch to window
2019-02-27 14:29:27,690-BasePage-INFO-找到页面元素--('name', 'modsubmit')
2019-02-27 14:29:28,155-BasePage-INFO-Success The element was click
2019-02-27 14:29:28,217-BasePage-INFO-找到页面元素--('css selector', '#um > p:nth-child(2) > a:nth-child(16)')
2019-02-27 14:29:28,348-BasePage-INFO-Success The element was click
2019-02-27 14:29:40,075-BasePage-ERROR-<pageobjects.into_manage.Into_Manage object at 0x0000000003595F28>页面中找不到('name', 'admin_password')元素
2019-02-27 14:29:40,370-BasePage-INFO-Had take screenshot and save to folder:/ screenshots
2019-02-27 14:29:40,370-BasePage-ERROR-Failed to type in input box with 'NoneType' object has no attribute 'clear'
2019-02-27 14:29:50,921-BasePage-ERROR-<pageobjects.into_manage.Into_Manage object at 0x0000000003595F28>页面中找不到('name', 'submit')元素
2019-02-27 14:29:51,247-BasePage-INFO-Had take screenshot and save to folder:/ screenshots
2019-02-27 14:29:51,247-BasePage-ERROR-Failed to click the element with 'NoneType' object has no attribute 'click'
2019-02-27 14:29:51,252-BasePage-INFO-Success switch to window
2019-02-27 14:29:51,285-BasePage-INFO-找到页面元素--('id', 'header_forum')
2019-02-27 14:29:51,553-BasePage-INFO-Success The element was click
2019-02-27 14:29:51,586-BasePage-INFO-找到页面元素--('tag name', 'iframe')
2019-02-27 14:29:51,623-BasePage-INFO-Success into inframe
2019-02-27 14:29:51,662-BasePage-INFO-找到页面元素--('css selector', '.addtr')
2019-02-27 14:29:51,774-BasePage-INFO-Success The element was click
2019-02-27 14:29:51,815-BasePage-INFO-找到页面元素--('name', 'newforum[1][]')
2019-02-27 14:29:51,847-BasePage-INFO-Clear test is input box before typeing
2019-02-27 14:29:51,883-BasePage-INFO-找到页面元素--('name', 'newforum[1][]')
2019-02-27 14:29:51,954-BasePage-INFO-输入的内容zx
2019-02-27 14:29:51,985-BasePage-INFO-找到页面元素--('name', 'editsubmit')
2019-02-27 14:29:52,238-BasePage-INFO-Success The element was click
2019-02-27 14:30:02,833-BasePage-ERROR-<pageobjects.exit.Exit object at 0x0000000003595B70>页面中找不到('link text', '退出')元素
2019-02-27 14:30:03,149-BasePage-INFO-Had take screenshot and save to folder:/ screenshots
2019-02-27 14:30:03,149-BasePage-ERROR-Failed to click the element with 'NoneType' object has no attribute 'click'
2019-02-27 14:30:13,670-BasePage-ERROR-<pageobjects.userlogin.UserLogin object at 0x00000000035C6978>页面中找不到('name', 'username')元素
2019-02-27 14:30:13,984-BasePage-INFO-Had take screenshot and save to folder:/ screenshots
2019-02-27 14:30:13,985-BasePage-ERROR-Failed to type in input box with 'NoneType' object has no attribute 'clear'
2019-02-27 14:30:24,555-BasePage-ERROR-<pageobjects.userlogin.UserLogin object at 0x00000000035C6978>页面中找不到('name', 'password')元素
2019-02-27 14:30:25,007-BasePage-INFO-Had take screenshot and save to folder:/ screenshots
2019-02-27 14:30:25,007-BasePage-ERROR-Failed to type in input box with 'NoneType' object has no attribute 'clear'
2019-02-27 14:30:35,540-BasePage-ERROR-<pageobjects.userlogin.UserLogin object at 0x00000000035C6978>页面中找不到('css selector', '.fastlg_l .pn')元素
2019-02-27 14:30:36,002-BasePage-INFO-Had take screenshot and save to folder:/ screenshots
2019-02-27 14:30:36,002-BasePage-ERROR-Failed to click the element with 'NoneType' object has no attribute 'click'
2019-02-27 14:30:36,002-BrowserEngine-INFO-Now,Close and quit the browser
