2019-02-28 11:16:10,837-BrowserEngine-INFO-You has select Chrome browser
2019-02-28 11:16:10,838-BrowserEngine-INFO-The test server url is:http://127.0.0.1/forum.php.
2019-02-28 11:16:16,569-BrowserEngine-INFO-Starting chrome brower
2019-02-28 11:16:18,380-BrowserEngine-INFO-Open url:http://127.0.0.1/forum.php.
2019-02-28 11:16:19,508-BrowserEngine-INFO-Maxizize the current window
2019-02-28 11:16:19,510-BrowserEngine-INFO-Set impicitly wait 10 seconds
2019-02-28 11:16:19,539-BasePage-INFO-找到页面元素--('name', 'username')
2019-02-28 11:16:19,628-BasePage-INFO-输入的内容admin
2019-02-28 11:16:19,657-BasePage-INFO-找到页面元素--('name', 'password')
2019-02-28 11:16:19,737-BasePage-INFO-输入的内容zx980504
2019-02-28 11:16:19,765-BasePage-INFO-找到页面元素--('css selector', '.fastlg_l .pn')
2019-02-28 11:16:19,813-BasePage-INFO-Success The element was click
2019-02-28 11:16:22,827-BasePage-INFO-Success switch to window
2019-02-28 11:16:22,885-BasePage-INFO-找到页面元素--('css selector', '.fl_tb tr td h2 a')
2019-02-28 11:16:23,186-BasePage-INFO-Success The element was click
2019-02-28 11:16:23,217-BasePage-INFO-找到页面元素--('xpath', "//div[@id='pgt']/a")
2019-02-28 11:16:23,261-BasePage-INFO-Success find float 
2019-02-28 11:16:23,331-BasePage-INFO-找到页面元素--('css selector', '.poll a')
2019-02-28 11:16:23,691-BasePage-INFO-Success The element was click
2019-02-28 11:16:23,695-BasePage-INFO-Success switch to window
2019-02-28 11:16:26,726-BasePage-INFO-找到页面元素--('id', 'subject')
2019-02-28 11:16:26,882-BasePage-INFO-输入的内容最喜欢吃什么？
2019-02-28 11:16:26,916-BasePage-INFO-找到页面元素--('css selector', '#pollm_c_1 > p:nth-child(1) > input')
2019-02-28 11:16:27,026-BasePage-INFO-输入的内容苹果
2019-02-28 11:16:27,067-BasePage-INFO-找到页面元素--('css selector', '#pollm_c_1 > p:nth-child(2) > input')
2019-02-28 11:16:27,132-BasePage-INFO-输入的内容香蕉
2019-02-28 11:16:27,159-BasePage-INFO-找到页面元素--('css selector', '#pollm_c_1 > p:nth-child(3) > input')
2019-02-28 11:16:27,225-BasePage-INFO-输入的内容橘子
2019-02-28 11:16:27,252-BasePage-INFO-找到页面元素--('id', 'postsubmit')
2019-02-28 11:16:30,145-BasePage-INFO-Success The element was click
2019-02-28 11:16:30,158-BasePage-INFO-Success switch to window
2019-02-28 11:16:33,520-BasePage-INFO-找到页面元素--('css selector', '#option_1')
2019-02-28 11:16:33,592-BasePage-INFO-Success The element was click
2019-02-28 11:16:33,620-BasePage-INFO-找到页面元素--('css selector', '#pollsubmit')
2019-02-28 11:16:34,356-BasePage-INFO-Success The element was click
2019-02-28 11:16:34,432-BasePage-INFO-找到页面元素--('css selector', '.pvt')
2019-02-28 11:16:34,544-BasePage-INFO-找到页面元素--('css selector', '.pcht  tbody > tr > td:nth-child(2)')
2019-02-28 11:16:34,583-BasePage-INFO-找到页面元素--('css selector', '#thread_subject')
2019-02-28 11:16:37,847-BasePage-INFO-找到页面元素--('link text', '退出')
2019-02-28 11:16:38,037-BasePage-INFO-Success The element was click
2019-02-28 11:16:38,038-BrowserEngine-INFO-Now,Close and quit the browser
