2019-02-27 16:25:15,719-BrowserEngine-INFO-You has select Chrome browser
2019-02-27 16:25:15,719-BrowserEngine-INFO-The test server url is:http://127.0.0.1/forum.php.
2019-02-27 16:25:19,000-BrowserEngine-INFO-Starting chrome brower
2019-02-27 16:25:20,370-BrowserEngine-INFO-Open url:http://127.0.0.1/forum.php.
2019-02-27 16:25:21,519-BrowserEngine-INFO-Maxizize the current window
2019-02-27 16:25:21,520-BrowserEngine-INFO-Set impicitly wait 10 seconds
2019-02-27 16:25:21,558-BasePage-INFO-找到页面元素--('name', 'username')
2019-02-27 16:25:21,677-BasePage-INFO-输入的内容admin
2019-02-27 16:25:21,713-BasePage-INFO-找到页面元素--('name', 'password')
2019-02-27 16:25:21,816-BasePage-INFO-输入的内容zx980504
2019-02-27 16:25:21,850-BasePage-INFO-找到页面元素--('css selector', '.fastlg_l .pn')
2019-02-27 16:25:21,909-BasePage-INFO-Success The element was click
2019-02-27 16:25:21,944-BasePage-INFO-找到页面元素--('name', 'srchtxt')
2019-02-27 16:25:22,405-BasePage-ERROR-Failed to type in input box with Message: stale element reference: element is not attached to the page document
  (Session info: chrome=72.0.3626.109)
  (Driver info: chromedriver=2.41.578737 (49da6702b16031c40d63e5618de03a32ff6c197e),platform=Windows NT 6.1.7601 SP1 x86_64)

2019-02-27 16:25:22,497-BasePage-INFO-找到页面元素--('name', 'searchsubmit')
2019-02-27 16:25:22,637-BasePage-INFO-Success The element was click
2019-02-27 16:25:22,713-BasePage-INFO-Success switch to window
2019-02-27 16:25:27,418-BasePage-ERROR-<pageobjects.search.Search object at 0x00000000035C6A58>页面中找不到('css selector', '.pbw a font')元素
2019-02-27 16:25:51,309-BrowserEngine-INFO-You has select Chrome browser
2019-02-27 16:25:51,310-BrowserEngine-INFO-The test server url is:http://127.0.0.1/forum.php.
2019-02-27 16:25:54,876-BrowserEngine-INFO-Starting chrome brower
2019-02-27 16:25:56,932-BrowserEngine-INFO-Open url:http://127.0.0.1/forum.php.
2019-02-27 16:25:58,092-BrowserEngine-INFO-Maxizize the current window
2019-02-27 16:25:58,093-BrowserEngine-INFO-Set impicitly wait 10 seconds
2019-02-27 16:25:58,128-BasePage-INFO-找到页面元素--('name', 'username')
2019-02-27 16:25:58,244-BasePage-INFO-输入的内容admin
2019-02-27 16:25:58,282-BasePage-INFO-找到页面元素--('name', 'password')
2019-02-27 16:25:58,395-BasePage-INFO-输入的内容zx980504
2019-02-27 16:25:58,429-BasePage-INFO-找到页面元素--('css selector', '.fastlg_l .pn')
2019-02-27 16:25:58,493-BasePage-INFO-Success The element was click
2019-02-27 16:26:01,532-BasePage-INFO-找到页面元素--('name', 'srchtxt')
2019-02-27 16:26:01,699-BasePage-INFO-输入的内容haotest
2019-02-27 16:26:01,733-BasePage-INFO-找到页面元素--('name', 'searchsubmit')
2019-02-27 16:26:01,828-BasePage-INFO-Success The element was click
2019-02-27 16:26:01,850-BasePage-INFO-Success switch to window
2019-02-27 16:26:02,924-BasePage-INFO-找到页面元素--('css selector', '.pbw a font')
2019-02-27 16:26:03,009-BasePage-INFO-Success The element was click
2019-02-27 16:26:07,165-BasePage-INFO-找到页面元素--('link text', '退出')
2019-02-27 16:26:07,562-BasePage-INFO-Success The element was click
2019-02-27 16:26:07,563-BrowserEngine-INFO-Now,Close and quit the browser
