2019-03-01 09:03:42,582-BrowserEngine-INFO-You has select Chrome browser
2019-03-01 09:03:42,582-BrowserEngine-INFO-The test server url is:http://127.0.0.1/forum.php.
2019-03-01 09:03:46,687-BrowserEngine-INFO-Starting chrome brower
2019-03-01 09:03:49,188-BrowserEngine-INFO-Open url:http://127.0.0.1/forum.php.
2019-03-01 09:03:50,319-BrowserEngine-INFO-Maxizize the current window
2019-03-01 09:03:50,320-BrowserEngine-INFO-Set impicitly wait 10 seconds
2019-03-01 09:03:50,354-BasePage-INFO-找到页面元素--('name', 'username')
2019-03-01 09:03:50,443-BasePage-INFO-输入的内容admin
2019-03-01 09:03:50,474-BasePage-INFO-找到页面元素--('name', 'password')
2019-03-01 09:03:50,567-BasePage-INFO-输入的内容zx980504
2019-03-01 09:03:50,597-BasePage-INFO-找到页面元素--('css selector', '.fastlg_l .pn')
2019-03-01 09:03:50,661-BasePage-INFO-Success The element was click
2019-03-01 09:03:53,697-BasePage-INFO-找到页面元素--('css selector', '.vwmy')
2019-03-01 09:03:53,725-BasePage-INFO-找到的文本admin
2019-03-01 09:03:56,731-BasePage-INFO-Success switch to window
2019-03-01 09:03:56,759-BasePage-INFO-找到页面元素--('css selector', '.fl_tb tr td h2 a')
2019-03-01 09:03:57,250-BasePage-INFO-Success The element was click
2019-03-01 09:04:00,261-BasePage-INFO-Success switch to window
2019-03-01 09:04:03,326-BasePage-INFO-找到页面元素--('css selector', '.xs2 a')
2019-03-01 09:04:03,354-BasePage-INFO-找到的文本默认版块
2019-03-01 09:04:03,384-BasePage-INFO-找到页面元素--('xpath', "//div[@id='pgt']/a")
2019-03-01 09:04:04,226-BasePage-INFO-Success The element was click
2019-03-01 09:04:07,242-BasePage-INFO-Success switch to window
2019-03-01 09:04:07,293-BasePage-INFO-找到页面元素--('id', 'postsubmit')
2019-03-01 09:04:07,322-BasePage-INFO-找到的文本发表帖子
2019-03-01 09:04:07,350-BasePage-INFO-找到页面元素--('name', 'subject')
2019-03-01 09:04:07,521-BasePage-INFO-输入的内容title
2019-03-01 09:04:07,550-BasePage-INFO-找到页面元素--('tag name', 'iframe')
2019-03-01 09:04:07,580-BasePage-INFO-Success into inframe
2019-03-01 09:04:07,605-BasePage-INFO-找到页面元素--('tag name', 'body')
2019-03-01 09:04:07,699-BasePage-INFO-输入的内容hello
2019-03-01 09:04:07,704-BasePage-INFO-Success switch to window
2019-03-01 09:04:07,723-BasePage-INFO-找到页面元素--('id', 'postsubmit')
2019-03-01 09:04:07,855-BasePage-INFO-Success The element was click
2019-03-01 09:04:09,219-BasePage-INFO-找到页面元素--('css selector', '#thread_subject')
2019-03-01 09:04:09,251-BasePage-INFO-找到的文本title
2019-03-01 09:04:12,263-BasePage-INFO-Success switch to window
2019-03-01 09:04:12,324-BasePage-INFO-找到页面元素--('id', 'post_reply')
2019-03-01 09:04:12,380-BasePage-INFO-Success The element was click
2019-03-01 09:04:15,392-BasePage-INFO-Success switch to window
2019-03-01 09:04:15,434-BasePage-INFO-找到页面元素--('id', 'postsubmit')
2019-03-01 09:04:15,464-BasePage-INFO-找到的文本参与/回复主题
2019-03-01 09:04:15,500-BasePage-INFO-找到页面元素--('id', 'postmessage')
2019-03-01 09:04:15,577-BasePage-INFO-输入的内容hello
2019-03-01 09:04:18,584-BasePage-INFO-Success switch to window
2019-03-01 09:04:18,616-BasePage-INFO-找到页面元素--('id', 'postsubmit')
2019-03-01 09:04:19,230-BasePage-INFO-Success The element was click
2019-03-01 09:04:22,240-BasePage-INFO-Success switch to window
2019-03-01 09:04:25,304-BasePage-INFO-找到页面元素--('link text', '退出')
2019-03-01 09:04:25,413-BasePage-ERROR-Failed to click the element with Message: unknown error: Element <a href="member.php?mod=logging&action=logout&formhash=12580c52">...</a> is not clickable at point (1263, 7). Other element would receive the click: <a href="javascript:;" id="qmenu" onmouseover="delayShow(this, function () {showMenu({'ctrlid':'qmenu','pos':'34!','ctrlclass':'a','duration':2});showForummenu(61);})">...</a>
  (Session info: chrome=72.0.3626.109)
  (Driver info: chromedriver=2.41.578737 (49da6702b16031c40d63e5618de03a32ff6c197e),platform=Windows NT 6.1.7601 SP1 x86_64)

2019-03-01 09:04:25,413-BrowserEngine-INFO-Now,Close and quit the browser
