2019-02-27 09:09:49,257-BrowserEngine-INFO-You has select Chrome browser
2019-02-27 09:09:49,258-BrowserEngine-INFO-The test server url is:http://127.0.0.1/forum.php.
2019-02-27 09:09:51,888-BrowserEngine-INFO-Starting chrome brower
2019-02-27 09:09:54,308-BrowserEngine-INFO-Open url:http://127.0.0.1/forum.php.
2019-02-27 09:09:55,436-BrowserEngine-INFO-Maxizize the current window
2019-02-27 09:09:55,437-BrowserEngine-INFO-Set impicitly wait 10 seconds
2019-02-27 09:09:58,473-BasePage-INFO-找到页面元素--('name', 'username')
2019-02-27 09:09:58,600-BasePage-INFO-输入的内容admin
2019-02-27 09:09:58,634-BasePage-INFO-找到页面元素--('name', 'password')
2019-02-27 09:09:58,745-BasePage-INFO-输入的内容zx980504
2019-02-27 09:09:58,786-BasePage-INFO-找到页面元素--('css selector', '.fastlg_l .pn')
2019-02-27 09:09:58,867-BasePage-INFO-The element 登录 was click
2019-02-27 09:10:01,874-BasePage-INFO-Success switch to window
2019-02-27 09:10:01,905-BasePage-INFO-找到页面元素--('css selector', '.fl_tb tr td h2 a')
2019-02-27 09:10:02,353-BasePage-INFO-Failed to click the element with Message: stale element reference: element is not attached to the page document
  (Session info: chrome=72.0.3626.109)
  (Driver info: chromedriver=2.41.578737 (49da6702b16031c40d63e5618de03a32ff6c197e),platform=Windows NT 6.1.7601 SP1 x86_64)

2019-02-27 09:10:05,359-BasePage-INFO-Success switch to window
2019-02-27 09:10:05,399-BasePage-INFO-找到页面元素--('xpath', "//div[@id='pgt']/a")
2019-02-27 09:10:05,869-BasePage-INFO-Failed to click the element with Message: stale element reference: element is not attached to the page document
  (Session info: chrome=72.0.3626.109)
  (Driver info: chromedriver=2.41.578737 (49da6702b16031c40d63e5618de03a32ff6c197e),platform=Windows NT 6.1.7601 SP1 x86_64)

2019-02-27 09:10:08,881-BasePage-INFO-Success switch to window
2019-02-27 09:10:08,943-BasePage-INFO-找到页面元素--('name', 'subject')
2019-02-27 09:10:09,050-BasePage-INFO-输入的内容title
2019-02-27 09:10:09,077-BasePage-INFO-找到页面元素--('tag name', 'iframe')
2019-02-27 09:10:09,108-BasePage-INFO-Success into inframe
2019-02-27 09:10:09,133-BasePage-INFO-找到页面元素--('tag name', 'body')
2019-02-27 09:10:09,223-BasePage-INFO-输入的内容hello
2019-02-27 09:10:19,760-BasePage-ERROR-<pageobjects.discuz_homepage.HomePage object at 0x0000000003525470>页面中找不到('id', 'postsubmit')元素
2019-02-27 09:10:20,048-BasePage-INFO-Had take screenshot and save to folder:/ screenshots
2019-02-27 09:10:20,048-BasePage-INFO-Failed to click the element with 'NoneType' object has no attribute 'click'
2019-02-27 09:10:23,090-BasePage-INFO-Success switch to window
2019-02-27 09:10:33,621-BasePage-ERROR-<pageobjects.discuz_homepage.HomePage object at 0x0000000003525470>页面中找不到('id', 'post_reply')元素
2019-02-27 09:10:33,889-BasePage-INFO-Had take screenshot and save to folder:/ screenshots
2019-02-27 09:10:33,889-BasePage-INFO-Failed to click the element with 'NoneType' object has no attribute 'click'
2019-02-27 09:10:36,893-BasePage-INFO-Success switch to window
2019-02-27 09:10:47,454-BasePage-ERROR-<pageobjects.discuz_homepage.HomePage object at 0x0000000003525470>页面中找不到('id', 'postmessage')元素
2019-02-27 09:10:47,694-BasePage-INFO-Had take screenshot and save to folder:/ screenshots
2019-02-27 09:10:47,694-BasePage-ERROR-Failed to type in input box with 'NoneType' object has no attribute 'clear'
2019-02-27 09:10:50,715-BasePage-INFO-Success switch to window
2019-02-27 09:10:50,754-BasePage-INFO-找到页面元素--('id', 'postsubmit')
2019-02-27 09:10:50,871-BasePage-INFO-The element 发表帖子 was click
2019-02-27 09:10:53,887-BasePage-INFO-Success switch to window
2019-02-27 09:10:53,966-BasePage-INFO-找到页面元素--('link text', '退出')
2019-02-27 09:10:54,216-BasePage-INFO-Failed to click the element with Message: stale element reference: element is not attached to the page document
  (Session info: chrome=72.0.3626.109)
  (Driver info: chromedriver=2.41.578737 (49da6702b16031c40d63e5618de03a32ff6c197e),platform=Windows NT 6.1.7601 SP1 x86_64)

2019-02-27 09:10:54,216-BrowserEngine-INFO-Now,Close and quit the browser
