2019-02-27 17:19:52,724-BrowserEngine-INFO-You has select Chrome browser
2019-02-27 17:19:52,724-BrowserEngine-INFO-The test server url is:http://127.0.0.1/forum.php.
2019-02-27 17:19:56,045-BrowserEngine-INFO-Starting chrome brower
2019-02-27 17:19:57,985-BrowserEngine-INFO-Open url:http://127.0.0.1/forum.php.
2019-02-27 17:19:59,134-BrowserEngine-INFO-Maxizize the current window
2019-02-27 17:19:59,135-BrowserEngine-INFO-Set impicitly wait 10 seconds
2019-02-27 17:19:59,176-BasePage-INFO-找到页面元素--('name', 'username')
2019-02-27 17:19:59,285-BasePage-INFO-输入的内容admin
2019-02-27 17:19:59,316-BasePage-INFO-找到页面元素--('name', 'password')
2019-02-27 17:19:59,409-BasePage-INFO-输入的内容zx980504
2019-02-27 17:19:59,439-BasePage-INFO-找到页面元素--('css selector', '.fastlg_l .pn')
2019-02-27 17:19:59,494-BasePage-INFO-Success The element was click
2019-02-27 17:20:02,530-BasePage-INFO-找到页面元素--('name', 'srchtxt')
2019-02-27 17:20:02,642-BasePage-INFO-输入的内容haotest
2019-02-27 17:20:02,675-BasePage-INFO-找到页面元素--('name', 'searchsubmit')
2019-02-27 17:20:02,768-BasePage-INFO-Success The element was click
2019-02-27 17:20:02,801-BasePage-INFO-Success switch to window
2019-02-27 17:20:03,871-BasePage-INFO-找到页面元素--('css selector', '.pbw a font')
2019-02-27 17:20:03,959-BasePage-INFO-Success The element was click
2019-02-27 17:20:14,075-BasePage-ERROR-<pageobjects.exit.Exit object at 0x00000000021DBEB8>页面中找不到('link text', '退出')元素
