2019-02-28 20:29:20,337-BrowserEngine-INFO-You has select Chrome browser
2019-02-28 20:29:20,338-BrowserEngine-INFO-The test server url is:http://127.0.0.1/forum.php.
2019-02-28 20:29:23,331-BrowserEngine-INFO-Starting chrome brower
2019-02-28 20:29:24,442-BrowserEngine-INFO-Open url:http://127.0.0.1/forum.php.
2019-02-28 20:29:25,559-BrowserEngine-INFO-Maxizize the current window
2019-02-28 20:29:25,561-BrowserEngine-INFO-Set impicitly wait 10 seconds
2019-02-28 20:29:25,595-BasePage-INFO-找到页面元素--('name', 'username')
2019-02-28 20:29:25,702-BasePage-INFO-输入的内容admin
2019-02-28 20:29:25,734-BasePage-INFO-找到页面元素--('name', 'password')
2019-02-28 20:29:25,819-BasePage-INFO-输入的内容zx980504
2019-02-28 20:29:25,850-BasePage-INFO-找到页面元素--('css selector', '.fastlg_l .pn')
2019-02-28 20:29:25,904-BasePage-INFO-Success The element was click
2019-02-28 20:29:28,938-BasePage-INFO-找到页面元素--('css selector', '.vwmy')
2019-02-28 20:29:28,969-BasePage-INFO-找到的文本admin
2019-02-28 20:29:31,974-BasePage-INFO-Success switch to window
2019-02-28 20:29:31,999-BasePage-INFO-找到页面元素--('css selector', '.fl_tb tr td h2 a')
2019-02-28 20:29:32,413-BasePage-INFO-Success The element was click
2019-02-28 20:29:35,417-BasePage-INFO-Success switch to window
2019-02-28 20:29:38,446-BasePage-INFO-找到页面元素--('xpath', "//div[@id='pgt']/a")
2019-02-28 20:29:38,471-BasePage-INFO-找到的文本
2019-02-28 20:29:38,471-BrowserEngine-INFO-Now,Close and quit the browser
