2019-02-27 09:35:30,132-BrowserEngine-INFO-You has select Chrome browser
2019-02-27 09:35:30,138-BrowserEngine-INFO-The test server url is:http://127.0.0.1/forum.php.
2019-02-27 09:35:32,721-BrowserEngine-INFO-Starting chrome brower
2019-02-27 09:35:34,349-BrowserEngine-INFO-Open url:http://127.0.0.1/forum.php.
2019-02-27 09:35:34,411-BrowserEngine-INFO-You has select Chrome browser
2019-02-27 09:35:34,411-BrowserEngine-INFO-The test server url is:http://127.0.0.1/forum.php.
2019-02-27 09:35:35,491-BrowserEngine-INFO-Maxizize the current window
2019-02-27 09:35:35,503-BrowserEngine-INFO-Set impicitly wait 10 seconds
2019-02-27 09:35:37,761-BrowserEngine-INFO-Starting chrome brower
2019-02-27 09:35:38,539-BasePage-INFO-找到页面元素--('name', 'username')
2019-02-27 09:35:38,668-BasePage-INFO-输入的内容admin
2019-02-27 09:35:38,709-BasePage-INFO-找到页面元素--('name', 'password')
2019-02-27 09:35:38,848-BasePage-INFO-输入的内容zx980504
2019-02-27 09:35:38,884-BasePage-INFO-找到页面元素--('css selector', '.fastlg_l .pn')
2019-02-27 09:35:38,967-BasePage-INFO-The element 登录 was click
2019-02-27 09:35:39,549-BrowserEngine-INFO-Open url:http://127.0.0.1/forum.php.
2019-02-27 09:35:40,849-BrowserEngine-INFO-Maxizize the current window
2019-02-27 09:35:40,850-BrowserEngine-INFO-Set impicitly wait 10 seconds
2019-02-27 09:35:41,977-BasePage-INFO-Success switch to window
2019-02-27 09:35:42,029-BasePage-INFO-找到页面元素--('css selector', '.fl_tb tr td h2 a')
2019-02-27 09:35:42,413-BasePage-ERROR-Failed to click the element with Message: stale element reference: element is not attached to the page document
  (Session info: chrome=72.0.3626.109)
  (Driver info: chromedriver=2.41.578737 (49da6702b16031c40d63e5618de03a32ff6c197e),platform=Windows NT 6.1.7601 SP1 x86_64)

2019-02-27 09:35:43,883-BasePage-INFO-找到页面元素--('name', 'username')
2019-02-27 09:35:44,001-BasePage-INFO-输入的内容admin
2019-02-27 09:35:44,041-BasePage-INFO-找到页面元素--('name', 'password')
2019-02-27 09:35:44,132-BasePage-INFO-输入的内容zx980504
2019-02-27 09:35:44,164-BasePage-INFO-找到页面元素--('css selector', '.fastlg_l .pn')
2019-02-27 09:35:44,239-BasePage-INFO-The element 登录 was click
2019-02-27 09:35:45,419-BasePage-INFO-Success switch to window
2019-02-27 09:35:45,462-BasePage-INFO-找到页面元素--('xpath', "//div[@id='pgt']/a")
2019-02-27 09:35:46,018-BasePage-ERROR-Failed to click the element with Message: stale element reference: element is not attached to the page document
  (Session info: chrome=72.0.3626.109)
  (Driver info: chromedriver=2.41.578737 (49da6702b16031c40d63e5618de03a32ff6c197e),platform=Windows NT 6.1.7601 SP1 x86_64)

2019-02-27 09:35:47,247-BasePage-INFO-Success switch to window
2019-02-27 09:35:47,288-BasePage-INFO-找到页面元素--('css selector', '.fl_tb tr td h2 a')
2019-02-27 09:35:47,769-BasePage-ERROR-Failed to click the element with Message: stale element reference: element is not attached to the page document
  (Session info: chrome=72.0.3626.109)
  (Driver info: chromedriver=2.41.578737 (49da6702b16031c40d63e5618de03a32ff6c197e),platform=Windows NT 6.1.7601 SP1 x86_64)

2019-02-27 09:35:49,025-BasePage-INFO-Success switch to window
2019-02-27 09:35:49,059-BasePage-INFO-找到页面元素--('name', 'subject')
2019-02-27 09:35:49,170-BasePage-INFO-输入的内容title
2019-02-27 09:35:49,203-BasePage-INFO-找到页面元素--('tag name', 'iframe')
2019-02-27 09:35:49,241-BasePage-INFO-Success into inframe
2019-02-27 09:35:49,270-BasePage-INFO-找到页面元素--('tag name', 'body')
2019-02-27 09:35:49,371-BasePage-INFO-输入的内容hello
2019-02-27 09:35:49,381-BasePage-INFO-Success switch to window
2019-02-27 09:35:49,417-BasePage-INFO-找到页面元素--('id', 'postsubmit')
2019-02-27 09:35:49,569-BasePage-INFO-The element 发表帖子 was click
2019-02-27 09:35:50,781-BasePage-INFO-Success switch to window
2019-02-27 09:35:50,819-BasePage-INFO-找到页面元素--('xpath', "//div[@id='pgt']/a")
2019-02-27 09:35:51,315-BasePage-ERROR-Failed to click the element with Message: stale element reference: element is not attached to the page document
  (Session info: chrome=72.0.3626.109)
  (Driver info: chromedriver=2.41.578737 (49da6702b16031c40d63e5618de03a32ff6c197e),platform=Windows NT 6.1.7601 SP1 x86_64)

2019-02-27 09:35:52,591-BasePage-INFO-Success switch to window
2019-02-27 09:35:52,642-BasePage-INFO-找到页面元素--('id', 'post_reply')
2019-02-27 09:35:52,722-BasePage-INFO-The element  was click
2019-02-27 09:35:54,335-BasePage-INFO-Success switch to window
2019-02-27 09:35:54,387-BasePage-INFO-找到页面元素--('name', 'subject')
2019-02-27 09:35:54,497-BasePage-INFO-输入的内容title
2019-02-27 09:35:54,528-BasePage-INFO-找到页面元素--('tag name', 'iframe')
2019-02-27 09:35:54,561-BasePage-INFO-Success into inframe
2019-02-27 09:35:54,590-BasePage-INFO-找到页面元素--('tag name', 'body')
2019-02-27 09:35:54,678-BasePage-INFO-输入的内容hello
2019-02-27 09:35:54,684-BasePage-INFO-Success switch to window
2019-02-27 09:35:54,713-BasePage-INFO-找到页面元素--('id', 'postsubmit')
2019-02-27 09:35:54,854-BasePage-INFO-The element 发表帖子 was click
2019-02-27 09:35:55,747-BasePage-INFO-Success switch to window
2019-02-27 09:35:55,837-BasePage-INFO-找到页面元素--('id', 'postmessage')
2019-02-27 09:35:55,924-BasePage-INFO-输入的内容hello
2019-02-27 09:35:57,876-BasePage-INFO-Success switch to window
2019-02-27 09:35:57,917-BasePage-INFO-找到页面元素--('id', 'post_reply')
2019-02-27 09:35:57,992-BasePage-INFO-The element  was click
2019-02-27 09:35:58,940-BasePage-INFO-Success switch to window
2019-02-27 09:35:58,987-BasePage-INFO-找到页面元素--('id', 'postsubmit')
2019-02-27 09:35:59,305-BasePage-ERROR-Failed to click the element with Message: stale element reference: element is not attached to the page document
  (Session info: chrome=72.0.3626.109)
  (Driver info: chromedriver=2.41.578737 (49da6702b16031c40d63e5618de03a32ff6c197e),platform=Windows NT 6.1.7601 SP1 x86_64)

2019-02-27 09:36:01,002-BasePage-INFO-Success switch to window
2019-02-27 09:36:01,057-BasePage-INFO-找到页面元素--('id', 'postmessage')
2019-02-27 09:36:01,153-BasePage-INFO-输入的内容hello
2019-02-27 09:36:02,325-BasePage-INFO-Success switch to window
2019-02-27 09:36:02,386-BasePage-INFO-找到页面元素--('link text', '退出')
2019-02-27 09:36:02,651-BasePage-ERROR-Failed to click the element with Message: stale element reference: element is not attached to the page document
  (Session info: chrome=72.0.3626.109)
  (Driver info: chromedriver=2.41.578737 (49da6702b16031c40d63e5618de03a32ff6c197e),platform=Windows NT 6.1.7601 SP1 x86_64)

2019-02-27 09:36:02,652-BrowserEngine-INFO-Now,Close and quit the browser
2019-02-27 09:36:04,163-BasePage-INFO-Success switch to window
2019-02-27 09:36:04,208-BasePage-INFO-找到页面元素--('id', 'postsubmit')
2019-02-27 09:36:04,521-BasePage-ERROR-Failed to click the element with Message: stale element reference: element is not attached to the page document
  (Session info: chrome=72.0.3626.109)
  (Driver info: chromedriver=2.41.578737 (49da6702b16031c40d63e5618de03a32ff6c197e),platform=Windows NT 6.1.7601 SP1 x86_64)

2019-02-27 09:36:07,531-BasePage-INFO-Success switch to window
2019-02-27 09:36:07,621-BasePage-INFO-找到页面元素--('link text', '退出')
2019-02-27 09:36:07,876-BasePage-ERROR-Failed to click the element with Message: stale element reference: element is not attached to the page document
  (Session info: chrome=72.0.3626.109)
  (Driver info: chromedriver=2.41.578737 (49da6702b16031c40d63e5618de03a32ff6c197e),platform=Windows NT 6.1.7601 SP1 x86_64)

2019-02-27 09:36:07,876-BrowserEngine-INFO-Now,Close and quit the browser
