2019-02-27 16:23:14,342-BrowserEngine-INFO-You has select Chrome browser
2019-02-27 16:23:14,342-BrowserEngine-INFO-The test server url is:http://127.0.0.1/forum.php.
2019-02-27 16:23:17,552-BrowserEngine-INFO-Starting chrome brower
2019-02-27 16:23:19,618-BrowserEngine-INFO-Open url:http://127.0.0.1/forum.php.
2019-02-27 16:23:20,745-BrowserEngine-INFO-Maxizize the current window
2019-02-27 16:23:20,747-BrowserEngine-INFO-Set impicitly wait 10 seconds
2019-02-27 16:23:20,785-BasePage-INFO-找到页面元素--('name', 'username')
2019-02-27 16:23:20,902-BasePage-INFO-输入的内容admin
2019-02-27 16:23:20,936-BasePage-INFO-找到页面元素--('name', 'password')
2019-02-27 16:23:21,040-BasePage-INFO-输入的内容zx980504
2019-02-27 16:23:21,074-BasePage-INFO-找到页面元素--('css selector', '.fastlg_l .pn')
2019-02-27 16:23:21,158-BasePage-INFO-Success The element was click
2019-02-27 16:23:21,714-BasePage-INFO-找到页面元素--('name', 'srchtxt')
2019-02-27 16:23:21,944-BasePage-INFO-输入的内容haotest
2019-02-27 16:23:21,985-BasePage-INFO-找到页面元素--('name', 'searchsubmit')
2019-02-27 16:23:22,093-BasePage-INFO-Success The element was click
2019-02-27 16:23:22,195-BasePage-INFO-Success switch to window
2019-02-27 16:23:23,282-BasePage-INFO-找到页面元素--('css selector', '.pbw a font')
2019-02-27 16:23:23,371-BasePage-INFO-Success The element was click
2019-02-27 16:23:26,412-BasePage-INFO-找到页面元素--('link text', '退出')
2019-02-27 16:23:28,805-BasePage-INFO-Success The element was click
2019-02-27 16:23:28,805-BrowserEngine-INFO-Now,Close and quit the browser
