2019-02-28 10:47:08,711-BrowserEngine-INFO-You has select Chrome browser
2019-02-28 10:47:08,711-BrowserEngine-INFO-The test server url is:http://127.0.0.1/forum.php.
2019-02-28 10:47:11,549-BrowserEngine-INFO-Starting chrome brower
2019-02-28 10:47:13,182-BrowserEngine-INFO-Open url:http://127.0.0.1/forum.php.
2019-02-28 10:47:14,352-BrowserEngine-INFO-Maxizize the current window
2019-02-28 10:47:14,356-BrowserEngine-INFO-Set impicitly wait 10 seconds
2019-02-28 10:47:14,408-BasePage-INFO-找到页面元素--('name', 'username')
2019-02-28 10:47:14,502-BasePage-INFO-输入的内容admin
2019-02-28 10:47:14,534-BasePage-INFO-找到页面元素--('name', 'password')
2019-02-28 10:47:14,623-BasePage-INFO-输入的内容zx980504
2019-02-28 10:47:14,651-BasePage-INFO-找到页面元素--('css selector', '.fastlg_l .pn')
2019-02-28 10:47:14,702-BasePage-INFO-Success The element was click
2019-02-28 10:47:17,705-BasePage-INFO-Success switch to window
2019-02-28 10:47:17,733-BasePage-INFO-找到页面元素--('css selector', '.fl_tb tr td h2 a')
2019-02-28 10:47:18,075-BasePage-INFO-Success The element was click
2019-02-28 10:47:18,151-BasePage-INFO-找到页面元素--('xpath', "//div[@id='pgt']/a")
2019-02-28 10:47:18,186-BasePage-INFO-Success find float 
2019-02-28 10:47:18,240-BasePage-INFO-找到页面元素--('css selector', '.poll a')
2019-02-28 10:47:18,644-BasePage-INFO-Success The element was click
2019-02-28 10:47:18,649-BasePage-INFO-Success switch to window
2019-02-28 10:47:21,677-BasePage-INFO-找到页面元素--('id', 'subject')
2019-02-28 10:47:21,869-BasePage-INFO-输入的内容最喜欢吃什么？
2019-02-28 10:47:21,896-BasePage-INFO-找到页面元素--('css selector', '#pollm_c_1 > p:nth-child(1) > input')
2019-02-28 10:47:21,981-BasePage-INFO-输入的内容苹果
2019-02-28 10:47:22,011-BasePage-INFO-找到页面元素--('css selector', '#pollm_c_1 > p:nth-child(2) > input')
2019-02-28 10:47:22,084-BasePage-INFO-输入的内容香蕉
2019-02-28 10:47:22,112-BasePage-INFO-找到页面元素--('css selector', '#pollm_c_1 > p:nth-child(3) > input')
2019-02-28 10:47:22,180-BasePage-INFO-输入的内容橘子
2019-02-28 10:47:22,206-BasePage-INFO-找到页面元素--('id', 'postsubmit')
2019-02-28 10:47:22,329-BasePage-INFO-Success The element was click
2019-02-28 10:47:22,336-BasePage-INFO-Success switch to window
2019-02-28 10:47:23,420-BasePage-INFO-找到页面元素--('css selector', '#option_1')
2019-02-28 10:47:23,486-BasePage-INFO-Success The element was click
2019-02-28 10:47:23,516-BasePage-INFO-找到页面元素--('css selector', '#pollsubmit')
2019-02-28 10:47:24,106-BasePage-INFO-Success The element was click
2019-02-28 10:47:24,157-BasePage-INFO-找到页面元素--('css selector', '#thread_subject')
2019-02-28 10:47:24,317-BasePage-INFO-找到页面元素--('css selector', '.pvt')
2019-02-28 10:47:24,434-BasePage-INFO-找到页面元素--('css selector', '.pcht  tbody > tr > td:nth-child(2)')
2019-02-28 10:47:24,445-BasePage-ERROR-<pageobjects.post.Post object at 0x00000000035B8CF8>页面中找不到(<selenium.webdriver.remote.webelement.WebElement (session="afbc1199edc349840b27e8517f13177d", element="0.3492793305479833-2")>,)元素
2019-02-28 10:47:24,779-BasePage-INFO-Had take screenshot and save to folder:/ screenshots
2019-02-28 10:47:24,779-BasePage-ERROR-
2019-02-28 10:47:24,784-BasePage-ERROR-<pageobjects.post.Post object at 0x00000000035B8CF8>页面中找不到(<selenium.webdriver.remote.webelement.WebElement (session="afbc1199edc349840b27e8517f13177d", element="0.3492793305479833-5")>,)元素
2019-02-28 10:47:25,109-BasePage-INFO-Had take screenshot and save to folder:/ screenshots
2019-02-28 10:47:25,110-BasePage-ERROR-
2019-02-28 10:47:25,115-BasePage-ERROR-<pageobjects.post.Post object at 0x00000000035B8CF8>页面中找不到(<selenium.webdriver.remote.webelement.WebElement (session="afbc1199edc349840b27e8517f13177d", element="0.3492793305479833-3")>,)元素
2019-02-28 10:47:25,433-BasePage-INFO-Had take screenshot and save to folder:/ screenshots
2019-02-28 10:47:25,433-BasePage-ERROR-
2019-02-28 10:47:25,437-BasePage-ERROR-<pageobjects.post.Post object at 0x00000000035B8CF8>页面中找不到(<selenium.webdriver.remote.webelement.WebElement (session="afbc1199edc349840b27e8517f13177d", element="0.3492793305479833-6")>,)元素
2019-02-28 10:47:25,747-BasePage-INFO-Had take screenshot and save to folder:/ screenshots
2019-02-28 10:47:25,747-BasePage-ERROR-
2019-02-28 10:47:25,752-BasePage-ERROR-<pageobjects.post.Post object at 0x00000000035B8CF8>页面中找不到(<selenium.webdriver.remote.webelement.WebElement (session="afbc1199edc349840b27e8517f13177d", element="0.3492793305479833-4")>,)元素
2019-02-28 10:47:26,053-BasePage-INFO-Had take screenshot and save to folder:/ screenshots
2019-02-28 10:47:26,054-BasePage-ERROR-
2019-02-28 10:47:26,058-BasePage-ERROR-<pageobjects.post.Post object at 0x00000000035B8CF8>页面中找不到(<selenium.webdriver.remote.webelement.WebElement (session="afbc1199edc349840b27e8517f13177d", element="0.3492793305479833-7")>,)元素
2019-02-28 10:47:26,365-BasePage-INFO-Had take screenshot and save to folder:/ screenshots
2019-02-28 10:47:26,365-BasePage-ERROR-
2019-02-28 10:47:29,409-BasePage-INFO-找到页面元素--('link text', '退出')
2019-02-28 10:47:29,613-BasePage-INFO-Success The element was click
2019-02-28 10:47:29,614-BrowserEngine-INFO-Now,Close and quit the browser
