2019-02-28 10:39:58,753-BrowserEngine-INFO-You has select Chrome browser
2019-02-28 10:39:58,753-BrowserEngine-INFO-The test server url is:http://127.0.0.1/forum.php.
2019-02-28 10:40:01,356-BrowserEngine-INFO-Starting chrome brower
2019-02-28 10:40:03,108-BrowserEngine-INFO-Open url:http://127.0.0.1/forum.php.
2019-02-28 10:40:04,273-BrowserEngine-INFO-Maxizize the current window
2019-02-28 10:40:04,277-BrowserEngine-INFO-Set impicitly wait 10 seconds
2019-02-28 10:40:04,337-BasePage-INFO-找到页面元素--('name', 'username')
2019-02-28 10:40:04,441-BasePage-INFO-输入的内容admin
2019-02-28 10:40:04,475-BasePage-INFO-找到页面元素--('name', 'password')
2019-02-28 10:40:04,556-BasePage-INFO-输入的内容zx980504
2019-02-28 10:40:04,585-BasePage-INFO-找到页面元素--('css selector', '.fastlg_l .pn')
2019-02-28 10:40:04,633-BasePage-INFO-Success The element was click
2019-02-28 10:40:07,636-BasePage-INFO-Success switch to window
2019-02-28 10:40:07,667-BasePage-INFO-找到页面元素--('css selector', '.fl_tb tr td h2 a')
2019-02-28 10:40:08,031-BasePage-INFO-Success The element was click
2019-02-28 10:40:08,142-BasePage-INFO-找到页面元素--('xpath', "//div[@id='pgt']/a")
2019-02-28 10:40:08,181-BasePage-INFO-Success find float 
2019-02-28 10:40:08,208-BasePage-INFO-找到页面元素--('css selector', '.poll a')
2019-02-28 10:40:08,631-BasePage-INFO-Success The element was click
2019-02-28 10:40:08,637-BasePage-INFO-Success switch to window
2019-02-28 10:40:11,661-BasePage-INFO-找到页面元素--('id', 'subject')
2019-02-28 10:40:11,843-BasePage-INFO-输入的内容最喜欢吃什么？
2019-02-28 10:40:11,874-BasePage-INFO-找到页面元素--('css selector', '#pollm_c_1 > p:nth-child(1) > input')
2019-02-28 10:40:11,964-BasePage-INFO-输入的内容苹果
2019-02-28 10:40:11,994-BasePage-INFO-找到页面元素--('css selector', '#pollm_c_1 > p:nth-child(2) > input')
2019-02-28 10:40:12,066-BasePage-INFO-输入的内容香蕉
2019-02-28 10:40:12,092-BasePage-INFO-找到页面元素--('css selector', '#pollm_c_1 > p:nth-child(3) > input')
2019-02-28 10:40:12,166-BasePage-INFO-输入的内容橘子
2019-02-28 10:40:12,192-BasePage-INFO-找到页面元素--('id', 'postsubmit')
2019-02-28 10:40:12,316-BasePage-INFO-Success The element was click
2019-02-28 10:40:12,325-BasePage-INFO-Success switch to window
2019-02-28 10:40:13,279-BasePage-INFO-找到页面元素--('css selector', '#option_1')
2019-02-28 10:40:13,343-BasePage-INFO-Success The element was click
2019-02-28 10:40:13,378-BasePage-INFO-找到页面元素--('css selector', '#pollsubmit')
2019-02-28 10:40:13,996-BasePage-INFO-Success The element was click
2019-02-28 10:40:14,023-BasePage-INFO-找到页面元素--('css selector', '#thread_subject')
2019-02-28 10:40:14,051-BasePage-ERROR-
2019-02-28 10:40:14,081-BasePage-INFO-找到页面元素--('css selector', '.pvt')
2019-02-28 10:40:14,114-BasePage-ERROR-
2019-02-28 10:40:14,117-BasePage-ERROR-<pageobjects.post.Post object at 0x00000000035B8CC0>页面中找不到(None,)元素
2019-02-28 10:40:14,427-BasePage-INFO-Had take screenshot and save to folder:/ screenshots
2019-02-28 10:40:14,456-BasePage-INFO-找到页面元素--('css selector', '.pcht  tbody > tr > td:nth-child(2)')
2019-02-28 10:40:14,480-BasePage-ERROR-
2019-02-28 10:40:14,483-BasePage-ERROR-<pageobjects.post.Post object at 0x00000000035B8CC0>页面中找不到(None,)元素
2019-02-28 10:40:14,771-BasePage-INFO-Had take screenshot and save to folder:/ screenshots
2019-02-28 10:40:14,771-BrowserEngine-INFO-Now,Close and quit the browser
