2019-02-28 19:15:10,448-BrowserEngine-INFO-You has select Chrome browser
2019-02-28 19:15:10,448-BrowserEngine-INFO-The test server url is:http://127.0.0.1/forum.php.
2019-02-28 19:15:13,601-BrowserEngine-INFO-Starting chrome brower
2019-02-28 19:15:15,254-BrowserEngine-INFO-Open url:http://127.0.0.1/forum.php.
2019-02-28 19:15:16,387-BrowserEngine-INFO-Maxizize the current window
2019-02-28 19:15:16,388-BrowserEngine-INFO-Set impicitly wait 10 seconds
2019-02-28 19:15:16,424-BasePage-INFO-找到页面元素--('name', 'username')
2019-02-28 19:15:16,531-BasePage-INFO-输入的内容admin
2019-02-28 19:15:16,565-BasePage-INFO-找到页面元素--('name', 'password')
2019-02-28 19:15:16,699-BasePage-INFO-输入的内容zx980504
2019-02-28 19:15:16,741-BasePage-INFO-找到页面元素--('css selector', '.fastlg_l .pn')
2019-02-28 19:15:16,816-BasePage-INFO-Success The element was click
2019-02-28 19:15:19,845-BasePage-INFO-找到页面元素--('css selector', '.vwmy')
2019-02-28 19:15:19,870-BasePage-INFO-找到的文本admin
2019-02-28 19:15:19,871-BasePage-ERROR-text is not equal with except_value'str' object has no attribute 'assertEqual'
2019-02-28 19:15:22,875-BasePage-INFO-Success switch to window
2019-02-28 19:15:22,902-BasePage-INFO-找到页面元素--('css selector', '.fl_tb tr td h2 a')
2019-02-28 19:15:23,278-BasePage-INFO-Success The element was click
2019-02-28 19:15:26,283-BasePage-INFO-Success switch to window
2019-02-28 19:15:26,328-BasePage-INFO-找到页面元素--('xpath', "//div[@id='pgt']/a")
2019-02-28 19:15:26,833-BasePage-INFO-Success The element was click
2019-02-28 19:15:29,837-BasePage-INFO-Success switch to window
2019-02-28 19:15:29,873-BasePage-INFO-找到页面元素--('name', 'subject')
2019-02-28 19:15:30,022-BasePage-INFO-输入的内容title
2019-02-28 19:15:30,056-BasePage-INFO-找到页面元素--('tag name', 'iframe')
2019-02-28 19:15:30,088-BasePage-INFO-Success into inframe
2019-02-28 19:15:30,115-BasePage-INFO-找到页面元素--('tag name', 'body')
2019-02-28 19:15:30,205-BasePage-INFO-输入的内容hello
2019-02-28 19:15:30,210-BasePage-INFO-Success switch to window
2019-02-28 19:15:30,243-BasePage-INFO-找到页面元素--('id', 'postsubmit')
2019-02-28 19:15:30,383-BasePage-INFO-Success The element was click
2019-02-28 19:15:33,386-BasePage-INFO-Success switch to window
2019-02-28 19:16:36,741-BasePage-ERROR-<pageobjects.page_reply.Reply object at 0x00000000021CBEB8>页面中找不到('id', 'post_reply')元素
