2019-02-28 20:25:43,662-BrowserEngine-INFO-You has select Chrome browser
2019-02-28 20:25:43,662-BrowserEngine-INFO-The test server url is:http://127.0.0.1/forum.php.
2019-02-28 20:25:46,853-BrowserEngine-INFO-Starting chrome brower
2019-02-28 20:25:48,169-BrowserEngine-INFO-Open url:http://127.0.0.1/forum.php.
2019-02-28 20:25:49,300-BrowserEngine-INFO-Maxizize the current window
2019-02-28 20:25:49,302-BrowserEngine-INFO-Set impicitly wait 10 seconds
2019-02-28 20:25:49,333-BasePage-INFO-找到页面元素--('name', 'username')
2019-02-28 20:25:49,445-BasePage-INFO-输入的内容admin
2019-02-28 20:25:49,476-BasePage-INFO-找到页面元素--('name', 'password')
2019-02-28 20:25:49,564-BasePage-INFO-输入的内容zx980504
2019-02-28 20:25:49,596-BasePage-INFO-找到页面元素--('css selector', '.fastlg_l .pn')
2019-02-28 20:25:49,652-BasePage-INFO-Success The element was click
2019-02-28 20:25:52,681-BasePage-INFO-找到页面元素--('css selector', '.vwmy')
2019-02-28 20:25:52,710-BasePage-INFO-找到的文本admin
2019-02-28 20:25:55,714-BasePage-INFO-Success switch to window
2019-02-28 20:25:55,745-BasePage-INFO-找到页面元素--('css selector', '.fl_tb tr td h2 a')
2019-02-28 20:25:56,186-BasePage-INFO-Success The element was click
2019-02-28 20:25:59,191-BasePage-INFO-Success switch to window
2019-02-28 20:26:02,219-BasePage-INFO-找到页面元素--('xpath', "//div[@id='pgt']/a")
2019-02-28 20:26:02,243-BasePage-INFO-找到的文本
2019-02-28 20:26:02,244-BrowserEngine-INFO-Now,Close and quit the browser
