2019-02-27 11:59:22,602-BrowserEngine-INFO-You has select Chrome browser
2019-02-27 11:59:22,602-BrowserEngine-INFO-The test server url is:http://127.0.0.1/forum.php.
2019-02-27 11:59:25,745-BrowserEngine-INFO-Starting chrome brower
2019-02-27 11:59:28,180-BrowserEngine-INFO-Open url:http://127.0.0.1/forum.php.
2019-02-27 11:59:29,326-BrowserEngine-INFO-Maxizize the current window
2019-02-27 11:59:29,337-BrowserEngine-INFO-Set impicitly wait 10 seconds
2019-02-27 11:59:29,382-BasePage-INFO-找到页面元素--('name', 'username')
2019-02-27 11:59:29,504-BasePage-INFO-输入的内容admin
2019-02-27 11:59:29,535-BasePage-INFO-找到页面元素--('name', 'password')
2019-02-27 11:59:29,621-BasePage-INFO-输入的内容zx980504
2019-02-27 11:59:29,651-BasePage-INFO-找到页面元素--('css selector', '.fastlg_l .pn')
2019-02-27 11:59:29,707-BasePage-INFO-Success The element was click
2019-02-27 11:59:32,711-BasePage-INFO-Success switch to window
2019-02-27 11:59:32,744-BasePage-INFO-找到页面元素--('css selector', '.fl_tb tr td h2 a')
2019-02-27 11:59:33,120-BasePage-INFO-Success The element was click
2019-02-27 11:59:33,198-BasePage-INFO-找到页面元素--('name', 'moderate[]')
2019-02-27 11:59:33,314-BasePage-INFO-Success The element was click
2019-02-27 11:59:33,318-BasePage-INFO-Success switch to window
2019-02-27 11:59:33,360-BasePage-INFO-找到页面元素--('xpath', "//div[@id='mdly']/p/strong/a")
2019-02-27 11:59:33,562-BasePage-INFO-Success The element was click
2019-02-27 11:59:33,576-BasePage-INFO-Success switch to window
2019-02-27 11:59:33,613-BasePage-INFO-找到页面元素--('name', 'modsubmit')
2019-02-27 11:59:34,090-BasePage-INFO-Success The element was click
2019-02-27 11:59:34,128-BasePage-INFO-找到页面元素--('css selector', '#um > p:nth-child(2) > a:nth-child(16)')
2019-02-27 11:59:34,278-BasePage-INFO-Success The element was click
2019-02-27 11:59:45,858-BasePage-ERROR-<pageobjects.into_manage.Into_Manage object at 0x0000000003595978>页面中找不到('name', 'admin_password')元素
2019-02-27 11:59:46,170-BasePage-INFO-Had take screenshot and save to folder:/ screenshots
2019-02-27 11:59:46,171-BasePage-ERROR-Failed to type in input box with 'NoneType' object has no attribute 'clear'
2019-02-27 11:59:56,688-BasePage-ERROR-<pageobjects.into_manage.Into_Manage object at 0x0000000003595978>页面中找不到('name', 'submit')元素
2019-02-27 11:59:56,997-BasePage-INFO-Had take screenshot and save to folder:/ screenshots
2019-02-27 11:59:56,997-BasePage-ERROR-Failed to click the element with 'NoneType' object has no attribute 'click'
2019-02-27 11:59:57,005-BasePage-INFO-Success switch to window
2019-02-27 11:59:57,036-BasePage-INFO-找到页面元素--('id', 'header_forum')
2019-02-27 11:59:57,271-BasePage-INFO-Success The element was click
2019-02-27 12:00:07,795-BasePage-ERROR-<pageobjects.create_mode.Create_Mode object at 0x00000000035CE828>页面中找不到('css selector', '.addtr')元素
2019-02-27 12:00:08,119-BasePage-INFO-Had take screenshot and save to folder:/ screenshots
2019-02-27 12:00:08,120-BasePage-ERROR-Failed to click the element with 'NoneType' object has no attribute 'click'
2019-02-27 12:00:18,666-BasePage-ERROR-<pageobjects.create_mode.Create_Mode object at 0x00000000035CE828>页面中找不到('name', 'newforum[1][]')元素
2019-02-27 12:00:19,121-BasePage-INFO-Had take screenshot and save to folder:/ screenshots
2019-02-27 12:00:19,121-BasePage-ERROR-Failed to clear is input box with 'NoneType' object has no attribute 'clear'
2019-02-27 12:00:29,656-BasePage-ERROR-<pageobjects.create_mode.Create_Mode object at 0x00000000035CE828>页面中找不到('name', 'newforum[1][]')元素
2019-02-27 12:00:29,936-BasePage-INFO-Had take screenshot and save to folder:/ screenshots
2019-02-27 12:00:29,936-BasePage-ERROR-Failed to type in input box with 'NoneType' object has no attribute 'clear'
2019-02-27 12:00:40,478-BasePage-ERROR-<pageobjects.create_mode.Create_Mode object at 0x00000000035CE828>页面中找不到('name', 'editsubmit')元素
2019-02-27 12:00:40,803-BasePage-INFO-Had take screenshot and save to folder:/ screenshots
2019-02-27 12:00:40,803-BasePage-ERROR-Failed to click the element with 'NoneType' object has no attribute 'click'
2019-02-27 12:00:40,803-BrowserEngine-INFO-Now,Close and quit the browser
