2019-02-27 17:36:05,864-BrowserEngine-INFO-You has select Chrome browser
2019-02-27 17:36:05,864-BrowserEngine-INFO-The test server url is:http://127.0.0.1/forum.php.
2019-02-27 17:36:08,755-BrowserEngine-INFO-Starting chrome brower
2019-02-27 17:36:10,869-BrowserEngine-INFO-Open url:http://127.0.0.1/forum.php.
2019-02-27 17:36:12,001-BrowserEngine-INFO-Maxizize the current window
2019-02-27 17:36:12,003-BrowserEngine-INFO-Set impicitly wait 10 seconds
2019-02-27 17:36:12,041-BasePage-INFO-找到页面元素--('name', 'username')
2019-02-27 17:36:12,185-BasePage-INFO-输入的内容admin
2019-02-27 17:36:12,231-BasePage-INFO-找到页面元素--('name', 'password')
2019-02-27 17:36:12,341-BasePage-INFO-输入的内容zx980504
2019-02-27 17:36:12,379-BasePage-INFO-找到页面元素--('css selector', '.fastlg_l .pn')
2019-02-27 17:36:12,449-BasePage-INFO-Success The element was click
2019-02-27 17:36:15,455-BasePage-INFO-Success switch to window
2019-02-27 17:36:15,495-BasePage-INFO-找到页面元素--('css selector', '.fl_tb tr td h2 a')
2019-02-27 17:36:15,897-BasePage-INFO-Success The element was click
2019-02-27 17:36:16,035-BasePage-INFO-找到页面元素--('name', 'moderate[]')
2019-02-27 17:36:16,097-BasePage-INFO-Success The element was click
2019-02-27 17:36:16,103-BasePage-INFO-Success switch to window
2019-02-27 17:36:16,161-BasePage-INFO-找到页面元素--('xpath', "//div[@id='mdly']/p/strong/a")
2019-02-27 17:36:16,366-BasePage-INFO-Success The element was click
2019-02-27 17:36:16,375-BasePage-INFO-Success switch to window
2019-02-27 17:36:16,411-BasePage-INFO-找到页面元素--('name', 'modsubmit')
2019-02-27 17:36:16,918-BasePage-INFO-Success The element was click
2019-02-27 17:36:16,973-BasePage-INFO-找到页面元素--('css selector', '#um > p:nth-child(2) > a:nth-child(16)')
2019-02-27 17:36:17,095-BasePage-INFO-Success The element was click
2019-02-27 17:36:18,209-BasePage-INFO-找到页面元素--('name', 'admin_password')
2019-02-27 17:36:18,301-BasePage-INFO-输入的内容zx980504
2019-02-27 17:36:18,330-BasePage-INFO-找到页面元素--('name', 'submit')
2019-02-27 17:36:40,353-BasePage-INFO-Success The element was click
2019-02-27 17:36:40,362-BasePage-INFO-Success switch to window
2019-02-27 17:36:40,405-BasePage-INFO-找到页面元素--('id', 'header_forum')
2019-02-27 17:36:40,672-BasePage-INFO-Success The element was click
2019-02-27 17:36:40,702-BasePage-INFO-找到页面元素--('tag name', 'iframe')
2019-02-27 17:36:40,738-BasePage-INFO-Success into inframe
2019-02-27 17:36:40,773-BasePage-INFO-找到页面元素--('css selector', '.addtr')
2019-02-27 17:36:40,887-BasePage-INFO-Success The element was click
2019-02-27 17:36:40,921-BasePage-INFO-找到页面元素--('name', 'newforum[1][]')
2019-02-27 17:36:40,952-BasePage-INFO-Clear test is input box before typeing
2019-02-27 17:36:40,983-BasePage-INFO-找到页面元素--('name', 'newforum[1][]')
2019-02-27 17:36:41,053-BasePage-INFO-输入的内容dh
2019-02-27 17:36:41,086-BasePage-INFO-找到页面元素--('name', 'editsubmit')
2019-02-27 17:36:41,337-BasePage-INFO-Success The element was click
2019-02-27 17:36:41,366-BasePage-INFO-Closeing  on current page.
2019-02-27 17:36:47,442-BasePage-INFO-找到页面元素--('link text', '退出')
2019-02-27 17:36:47,682-BasePage-INFO-Success The element was click
2019-02-27 17:36:49,933-BasePage-INFO-找到页面元素--('name', 'username')
2019-02-27 17:36:50,070-BasePage-INFO-输入的内容zhangxiong
2019-02-27 17:36:50,099-BasePage-INFO-找到页面元素--('name', 'password')
2019-02-27 17:36:50,191-BasePage-INFO-输入的内容zx980504
2019-02-27 17:36:50,224-BasePage-INFO-找到页面元素--('css selector', '.fastlg_l .pn')
2019-02-27 17:36:50,285-BasePage-INFO-Success The element was click
2019-02-27 17:36:53,295-BasePage-INFO-Success switch to window
2019-02-27 17:37:03,852-BasePage-ERROR-<pageobjects.post.Post object at 0x00000000035C8BE0>页面中找不到('css selector', '#category_1  table tbody > tr:nth-child(2) > td:nth-child(2)  h2 a')元素
2019-02-27 17:37:04,185-BasePage-INFO-Had take screenshot and save to folder:/ screenshots
2019-02-27 17:37:04,185-BasePage-ERROR-Failed to click the element with 'NoneType' object has no attribute 'click'
2019-02-27 17:37:07,202-BasePage-INFO-Success switch to window
2019-02-27 17:37:07,245-BasePage-INFO-找到页面元素--('xpath', "//div[@id='pgt']/a")
2019-02-27 17:37:07,740-BasePage-INFO-Success The element was click
2019-02-27 17:37:10,744-BasePage-INFO-Success switch to window
2019-02-27 17:37:10,778-BasePage-INFO-找到页面元素--('name', 'subject')
2019-02-27 17:37:10,943-BasePage-INFO-输入的内容title
2019-02-27 17:37:10,975-BasePage-INFO-找到页面元素--('tag name', 'iframe')
2019-02-27 17:37:11,013-BasePage-INFO-Success into inframe
2019-02-27 17:37:11,049-BasePage-INFO-找到页面元素--('tag name', 'body')
2019-02-27 17:37:11,191-BasePage-INFO-输入的内容helloworld
2019-02-27 17:37:11,198-BasePage-INFO-Success switch to window
2019-02-27 17:37:11,230-BasePage-INFO-找到页面元素--('id', 'postsubmit')
2019-02-27 17:37:11,369-BasePage-INFO-Success The element was click
2019-02-27 17:37:14,384-BasePage-INFO-Success switch to window
2019-02-27 17:37:14,436-BasePage-INFO-找到页面元素--('id', 'post_reply')
2019-02-27 17:37:14,493-BasePage-INFO-Success The element was click
2019-02-27 17:37:17,509-BasePage-INFO-Success switch to window
2019-02-27 17:37:17,562-BasePage-INFO-找到页面元素--('id', 'postmessage')
2019-02-27 17:37:17,714-BasePage-INFO-输入的内容nice to meet you
2019-02-27 17:37:20,724-BasePage-INFO-Success switch to window
2019-02-27 17:37:20,773-BasePage-INFO-找到页面元素--('id', 'postsubmit')
2019-02-27 17:37:21,008-BasePage-INFO-Success The element was click
2019-02-27 17:37:24,032-BasePage-INFO-Success switch to window
2019-02-27 17:37:27,115-BasePage-INFO-找到页面元素--('link text', '退出')
2019-02-27 17:37:27,368-BasePage-INFO-Success The element was click
2019-02-27 17:37:27,368-BrowserEngine-INFO-Now,Close and quit the browser
