2019-03-03 20:26:37,415-BrowserEngine-INFO-You has select Chrome browser
2019-03-03 20:26:37,415-BrowserEngine-INFO-The test server url is:http://127.0.0.1/forum.php.
2019-03-03 20:26:40,492-BrowserEngine-INFO-Starting chrome brower
2019-03-03 20:26:42,174-BrowserEngine-INFO-Open url:http://127.0.0.1/forum.php.
2019-03-03 20:26:43,291-BrowserEngine-INFO-Maxizize the current window
2019-03-03 20:26:43,293-BrowserEngine-INFO-Set impicitly wait 10 seconds
2019-03-03 20:26:43,325-BasePage-INFO-找到页面元素--('name', 'username')
2019-03-03 20:26:43,421-BasePage-INFO-输入的内容admin
2019-03-03 20:26:43,448-BasePage-INFO-找到页面元素--('name', 'password')
2019-03-03 20:26:43,528-BasePage-INFO-输入的内容zx980504
2019-03-03 20:26:43,556-BasePage-INFO-找到页面元素--('css selector', '.fastlg_l .pn')
2019-03-03 20:26:43,607-BasePage-INFO-Success The element was click
2019-03-03 20:26:46,673-BasePage-INFO-找到页面元素--('css selector', '.vwmy')
2019-03-03 20:26:46,703-BasePage-INFO-找到的文本admin
2019-03-03 20:26:49,707-BasePage-INFO-Success switch to window
2019-03-03 20:26:49,738-BasePage-INFO-找到页面元素--('css selector', '.fl_tb tr td h2 a')
2019-03-03 20:26:50,080-BasePage-INFO-Success The element was click
2019-03-03 20:26:53,084-BasePage-INFO-Success switch to window
2019-03-03 20:26:56,146-BasePage-INFO-找到页面元素--('css selector', '.xs2 a')
2019-03-03 20:26:56,174-BasePage-INFO-找到的文本fd
2019-03-03 20:26:56,175-BrowserEngine-INFO-Now,Close and quit the browser
2019-03-03 20:26:58,312-BrowserEngine-INFO-You has select Chrome browser
2019-03-03 20:26:58,313-BrowserEngine-INFO-The test server url is:http://127.0.0.1/forum.php.
2019-03-03 20:27:01,344-BrowserEngine-INFO-Starting chrome brower
2019-03-03 20:27:02,651-BrowserEngine-INFO-Open url:http://127.0.0.1/forum.php.
2019-03-03 20:27:03,802-BrowserEngine-INFO-Maxizize the current window
2019-03-03 20:27:03,807-BrowserEngine-INFO-Set impicitly wait 10 seconds
2019-03-03 20:27:03,864-BasePage-INFO-找到页面元素--('name', 'username')
2019-03-03 20:27:03,975-BasePage-INFO-输入的内容admin
2019-03-03 20:27:04,003-BasePage-INFO-找到页面元素--('name', 'password')
2019-03-03 20:27:04,078-BasePage-INFO-输入的内容zx980504
2019-03-03 20:27:04,105-BasePage-INFO-找到页面元素--('css selector', '.fastlg_l .pn')
2019-03-03 20:27:04,150-BasePage-INFO-Success The element was click
2019-03-03 20:27:07,234-BasePage-INFO-找到页面元素--('css selector', '.vwmy')
2019-03-03 20:27:07,265-BasePage-INFO-找到的文本admin
2019-03-03 20:27:10,269-BasePage-INFO-Success switch to window
2019-03-03 20:27:10,308-BasePage-INFO-找到页面元素--('css selector', '.fl_tb tr td h2 a')
2019-03-03 20:27:10,749-BasePage-INFO-Success The element was click
2019-03-03 20:27:21,300-BasePage-ERROR-<pageobjects.page_delete.Delete object at 0x00000000035B3DD8>页面中找不到('name', 'moderate[]')元素
2019-03-03 20:27:21,576-BasePage-INFO-Had take screenshot and save to folder:/ screenshots
2019-03-03 20:27:21,577-BasePage-ERROR-Failed to click the element with 'NoneType' object has no attribute 'click'
2019-03-03 20:27:21,582-BasePage-INFO-Success switch to window
2019-03-03 20:27:32,101-BasePage-ERROR-<pageobjects.page_delete.Delete object at 0x00000000035B3DD8>页面中找不到('css selector', '#mdly h6 span')元素
2019-03-03 20:27:32,389-BasePage-INFO-Had take screenshot and save to folder:/ screenshots
2019-03-03 20:27:32,389-BrowserEngine-INFO-Now,Close and quit the browser
2019-03-03 20:27:34,525-BrowserEngine-INFO-You has select Chrome browser
2019-03-03 20:27:34,526-BrowserEngine-INFO-The test server url is:http://127.0.0.1/forum.php.
2019-03-03 20:27:37,108-BrowserEngine-INFO-Starting chrome brower
2019-03-03 20:27:38,415-BrowserEngine-INFO-Open url:http://127.0.0.1/forum.php.
2019-03-03 20:27:48,426-BrowserEngine-INFO-Maxizize the current window
2019-03-03 20:27:48,768-BrowserEngine-INFO-Set impicitly wait 10 seconds
2019-03-03 20:27:49,410-BasePage-ERROR-<pageobjects.page_manage_login.Login object at 0x00000000035DE5C0>页面中找不到('name', 'username')元素
