2019-02-27 19:52:17,379-BrowserEngine-INFO-You has select Chrome browser
2019-02-27 19:52:17,379-BrowserEngine-INFO-The test server url is:http://127.0.0.1/forum.php.
2019-02-27 19:52:20,539-BrowserEngine-INFO-Starting chrome brower
2019-02-27 19:52:22,770-BrowserEngine-INFO-Open url:http://127.0.0.1/forum.php.
2019-02-27 19:52:23,896-BrowserEngine-INFO-Maxizize the current window
2019-02-27 19:52:23,898-BrowserEngine-INFO-Set impicitly wait 10 seconds
2019-02-27 19:52:23,938-BasePage-INFO-找到页面元素--('name', 'username')
2019-02-27 19:52:24,071-BasePage-INFO-输入的内容admin
2019-02-27 19:52:24,110-BasePage-INFO-找到页面元素--('name', 'password')
2019-02-27 19:52:24,224-BasePage-INFO-输入的内容zx980504
2019-02-27 19:52:24,260-BasePage-INFO-找到页面元素--('css selector', '.fastlg_l .pn')
2019-02-27 19:52:24,327-BasePage-INFO-Success The element was click
2019-02-27 19:52:27,332-BasePage-INFO-Success switch to window
2019-02-27 19:52:27,367-BasePage-INFO-找到页面元素--('css selector', '.fl_tb tr td h2 a')
2019-02-27 19:52:27,800-BasePage-INFO-Success The element was click
2019-02-27 19:52:27,856-BasePage-INFO-找到页面元素--('xpath', "//div[@id='pgt']/a")
2019-02-27 19:52:28,027-BasePage-INFO-Success find float 
2019-02-27 19:52:28,063-BasePage-INFO-找到页面元素--('css selector', '.poll a')
2019-02-27 19:52:28,620-BasePage-INFO-Success The element was click
2019-02-27 19:52:28,655-BasePage-INFO-Success switch to window
2019-02-27 19:52:28,741-BasePage-INFO-找到页面元素--('id', 'subject')
2019-02-27 19:52:28,884-BasePage-INFO-输入的内容最喜欢吃什么？
2019-02-27 19:52:28,924-BasePage-INFO-找到页面元素--('css selector', '#pollm_c_1 > p:nth-child(1) > input')
2019-02-27 19:52:29,032-BasePage-INFO-输入的内容苹果
2019-02-27 19:52:29,068-BasePage-INFO-找到页面元素--('css selector', '#pollm_c_1 > p:nth-child(2) > input')
2019-02-27 19:52:29,173-BasePage-INFO-输入的内容香蕉
2019-02-27 19:52:29,210-BasePage-INFO-找到页面元素--('css selector', '#pollm_c_1 > p:nth-child(3) > input')
2019-02-27 19:52:29,304-BasePage-INFO-输入的内容橘子
2019-02-27 19:52:29,311-BasePage-INFO-Success switch to window
2019-02-27 19:52:32,347-BasePage-INFO-找到页面元素--('id', 'postsubmit')
2019-02-27 19:52:32,487-BasePage-INFO-Success The element was click
2019-02-27 19:52:32,494-BasePage-INFO-Success switch to window
2019-02-27 19:52:34,052-BasePage-INFO-找到页面元素--('css selector', '#option_1')
2019-02-27 19:52:34,148-BasePage-INFO-Success The element was click
2019-02-27 19:52:44,700-BasePage-ERROR-<pageobjects.post.Post object at 0x00000000035C7B38>页面中找不到('id', 'subject')元素
2019-02-27 19:52:45,032-BasePage-INFO-Had take screenshot and save to folder:/ screenshots
2019-02-27 19:52:45,032-BasePage-ERROR-
2019-02-27 19:52:55,559-BasePage-ERROR-<pageobjects.post.Post object at 0x00000000035C7B38>页面中找不到('css selector', '#pollm_c_1 > p:nth-child(1) > input')元素
2019-02-27 19:52:55,843-BasePage-INFO-Had take screenshot and save to folder:/ screenshots
2019-02-27 19:52:55,843-BasePage-ERROR-
2019-02-27 19:52:55,879-BasePage-INFO-找到页面元素--('css selector', '.pcht  tbody > tr:nth-child(2) > td:nth-child(2)')
2019-02-27 19:52:56,039-BasePage-ERROR-
2019-02-27 19:53:02,072-BasePage-ERROR-<pageobjects.post.Post object at 0x00000000035C7B38>页面中找不到('css selector', '#pollm_c_1 > p:nth-child(2) > input')元素
