2019-02-27 14:39:02,683-BrowserEngine-INFO-You has select Chrome browser
2019-02-27 14:39:02,683-BrowserEngine-INFO-The test server url is:http://127.0.0.1/forum.php.
2019-02-27 14:39:06,427-BrowserEngine-INFO-Starting chrome brower
2019-02-27 14:39:08,626-BrowserEngine-INFO-Open url:http://127.0.0.1/forum.php.
2019-02-27 14:39:09,762-BrowserEngine-INFO-Maxizize the current window
2019-02-27 14:39:09,764-BrowserEngine-INFO-Set impicitly wait 10 seconds
2019-02-27 14:39:09,808-BasePage-INFO-找到页面元素--('name', 'username')
2019-02-27 14:39:09,927-BasePage-INFO-输入的内容admin
2019-02-27 14:39:09,961-BasePage-INFO-找到页面元素--('name', 'password')
2019-02-27 14:39:10,065-BasePage-INFO-输入的内容zx980504
2019-02-27 14:39:10,103-BasePage-INFO-找到页面元素--('css selector', '.fastlg_l .pn')
2019-02-27 14:39:10,161-BasePage-INFO-Success The element was click
2019-02-27 14:39:13,166-BasePage-INFO-Success switch to window
2019-02-27 14:39:13,200-BasePage-INFO-找到页面元素--('css selector', '.fl_tb tr td h2 a')
2019-02-27 14:39:13,640-BasePage-INFO-Success The element was click
2019-02-27 14:39:13,752-BasePage-INFO-找到页面元素--('name', 'moderate[]')
2019-02-27 14:39:13,821-BasePage-INFO-Success The element was click
2019-02-27 14:39:13,826-BasePage-INFO-Success switch to window
2019-02-27 14:39:13,871-BasePage-INFO-找到页面元素--('xpath', "//div[@id='mdly']/p/strong/a")
2019-02-27 14:39:14,087-BasePage-INFO-Success The element was click
2019-02-27 14:39:14,094-BasePage-INFO-Success switch to window
2019-02-27 14:39:14,128-BasePage-INFO-找到页面元素--('name', 'modsubmit')
2019-02-27 14:39:14,600-BasePage-INFO-Success The element was click
2019-02-27 14:39:14,658-BasePage-INFO-找到页面元素--('css selector', '#um > p:nth-child(2) > a:nth-child(16)')
2019-02-27 14:39:14,812-BasePage-INFO-Success The element was click
2019-02-27 14:39:15,947-BasePage-INFO-找到页面元素--('name', 'admin_password')
2019-02-27 14:39:16,050-BasePage-INFO-输入的内容zx980504
2019-02-27 14:39:16,079-BasePage-INFO-找到页面元素--('name', 'submit')
2019-02-27 14:39:38,639-BasePage-INFO-Success The element was click
2019-02-27 14:39:38,655-BasePage-INFO-Success switch to window
2019-02-27 14:39:38,696-BasePage-INFO-找到页面元素--('id', 'header_forum')
2019-02-27 14:39:38,954-BasePage-INFO-Success The element was click
2019-02-27 14:39:38,987-BasePage-INFO-找到页面元素--('tag name', 'iframe')
2019-02-27 14:39:39,024-BasePage-INFO-Success into inframe
2019-02-27 14:39:39,058-BasePage-INFO-找到页面元素--('css selector', '.addtr')
2019-02-27 14:39:39,184-BasePage-INFO-Success The element was click
2019-02-27 14:39:39,222-BasePage-INFO-找到页面元素--('name', 'newforum[1][]')
2019-02-27 14:39:39,256-BasePage-INFO-Clear test is input box before typeing
2019-02-27 14:39:39,288-BasePage-INFO-找到页面元素--('name', 'newforum[1][]')
2019-02-27 14:39:39,360-BasePage-INFO-输入的内容zx
2019-02-27 14:39:39,392-BasePage-INFO-找到页面元素--('name', 'editsubmit')
2019-02-27 14:39:39,649-BasePage-INFO-Success The element was click
2019-02-27 14:39:39,674-BasePage-INFO-Closeing  on current page.
2019-02-27 14:39:42,680-BasePage-ERROR-<pageobjects.exit.Exit object at 0x00000000035D6B70>页面中找不到('link text', '退出')元素
