2019-02-27 20:58:53,840-BrowserEngine-INFO-You has select Chrome browser
2019-02-27 20:58:53,840-BrowserEngine-INFO-The test server url is:http://127.0.0.1/forum.php.
2019-02-27 20:58:56,628-BrowserEngine-INFO-Starting chrome brower
2019-02-27 20:58:58,333-BrowserEngine-INFO-Open url:http://127.0.0.1/forum.php.
2019-02-27 20:58:59,511-BrowserEngine-INFO-Maxizize the current window
2019-02-27 20:58:59,512-BrowserEngine-INFO-Set impicitly wait 10 seconds
2019-02-27 20:58:59,556-BasePage-INFO-找到页面元素--('name', 'username')
2019-02-27 20:58:59,695-BasePage-INFO-输入的内容admin
2019-02-27 20:58:59,736-BasePage-INFO-找到页面元素--('name', 'password')
2019-02-27 20:58:59,862-BasePage-INFO-输入的内容zx980504
2019-02-27 20:58:59,904-BasePage-INFO-找到页面元素--('css selector', '.fastlg_l .pn')
2019-02-27 20:58:59,973-BasePage-INFO-Success The element was click
2019-02-27 20:59:02,980-BasePage-INFO-Success switch to window
2019-02-27 20:59:03,017-BasePage-INFO-找到页面元素--('css selector', '.fl_tb tr td h2 a')
2019-02-27 20:59:03,660-BasePage-INFO-Success The element was click
2019-02-27 20:59:06,666-BasePage-INFO-Success switch to window
2019-02-27 20:59:06,703-BasePage-INFO-找到页面元素--('xpath', "//div[@id='pgt']/a")
2019-02-27 20:59:07,151-BasePage-INFO-Success The element was click
2019-02-27 20:59:10,159-BasePage-INFO-Success switch to window
2019-02-27 20:59:10,200-BasePage-INFO-找到页面元素--('name', 'subject')
2019-02-27 20:59:10,363-BasePage-INFO-输入的内容title
2019-02-27 20:59:10,396-BasePage-INFO-找到页面元素--('tag name', 'iframe')
2019-02-27 20:59:10,434-BasePage-INFO-Success into inframe
2019-02-27 20:59:10,462-BasePage-INFO-找到页面元素--('tag name', 'body')
2019-02-27 20:59:10,564-BasePage-INFO-输入的内容hello
2019-02-27 20:59:10,572-BasePage-INFO-Success switch to window
2019-02-27 20:59:10,607-BasePage-INFO-找到页面元素--('id', 'postsubmit')
2019-02-27 20:59:10,735-BasePage-INFO-Success The element was click
2019-02-27 20:59:13,750-BasePage-INFO-Success switch to window
2019-02-27 20:59:13,818-BasePage-INFO-找到页面元素--('id', 'post_reply')
2019-02-27 20:59:13,880-BasePage-INFO-Success The element was click
2019-02-27 20:59:16,887-BasePage-INFO-Success switch to window
2019-02-27 20:59:16,925-BasePage-INFO-找到页面元素--('id', 'postmessage')
2019-02-27 20:59:17,026-BasePage-INFO-输入的内容hello
2019-02-27 20:59:20,042-BasePage-INFO-Success switch to window
2019-02-27 20:59:20,080-BasePage-INFO-找到页面元素--('id', 'postsubmit')
2019-02-27 20:59:20,356-BasePage-INFO-Success The element was click
2019-02-27 20:59:23,369-BasePage-INFO-Success switch to window
2019-02-27 20:59:26,451-BasePage-INFO-找到页面元素--('link text', '退出')
2019-02-27 20:59:26,676-BasePage-INFO-Success The element was click
2019-02-27 20:59:26,676-BrowserEngine-INFO-Now,Close and quit the browser
