2019-02-26 20:54:57,756-BrowserEngine-INFO-You has select Chrome browser
2019-02-26 20:54:57,756-BrowserEngine-INFO-The test server url is:http://127.0.0.1/forum.php.
2019-02-26 20:55:00,616-BrowserEngine-INFO-Starting chrome brower
2019-02-26 20:55:02,434-BrowserEngine-INFO-Open url:http://127.0.0.1/forum.php.
2019-02-26 20:55:03,586-BrowserEngine-INFO-Maxizize the current window
2019-02-26 20:55:03,588-BrowserEngine-INFO-Set impicitly wait 10 seconds
2019-02-26 20:55:06,662-BasePage-INFO-找到页面元素--('name', 'username')
2019-02-26 20:55:06,817-BasePage-INFO-输入的内容admin
2019-02-26 20:55:06,845-BasePage-INFO-找到页面元素--('name', 'password')
2019-02-26 20:55:06,938-BasePage-INFO-输入的内容zx980504
2019-02-26 20:55:06,966-BasePage-INFO-找到页面元素--('css selector', '.fastlg_l .pn')
2019-02-26 20:55:07,040-BasePage-INFO-The element 登录 was click
2019-02-26 20:55:10,045-BasePage-INFO-Success switch to window
2019-02-26 20:55:10,075-BasePage-INFO-找到页面元素--('css selector', '.fl_tb tr td h2 a')
2019-02-26 20:55:10,478-BasePage-INFO-Failed to click the element with Message: stale element reference: element is not attached to the page document
  (Session info: chrome=72.0.3626.109)
  (Driver info: chromedriver=2.41.578737 (49da6702b16031c40d63e5618de03a32ff6c197e),platform=Windows NT 6.1.7601 SP1 x86_64)

2019-02-26 20:55:13,492-BasePage-INFO-Success switch to window
2019-02-26 20:55:13,542-BasePage-INFO-找到页面元素--('xpath', "//div[@id='pgt']/a")
2019-02-26 20:55:14,043-BasePage-INFO-Failed to click the element with Message: stale element reference: element is not attached to the page document
  (Session info: chrome=72.0.3626.109)
  (Driver info: chromedriver=2.41.578737 (49da6702b16031c40d63e5618de03a32ff6c197e),platform=Windows NT 6.1.7601 SP1 x86_64)

2019-02-26 20:55:17,058-BasePage-INFO-Success switch to window
2019-02-26 20:55:17,120-BasePage-INFO-找到页面元素--('name', 'subject')
2019-02-26 20:55:17,232-BasePage-INFO-输入的内容title
2019-02-26 20:55:17,233-BrowserEngine-INFO-Now,Close and quit the browser
