2019-02-27 14:18:31,904-BrowserEngine-INFO-You has select Chrome browser
2019-02-27 14:18:31,905-BrowserEngine-INFO-The test server url is:http://127.0.0.1/forum.php.
2019-02-27 14:18:35,358-BrowserEngine-INFO-Starting chrome brower
2019-02-27 14:18:36,908-BrowserEngine-INFO-Open url:http://127.0.0.1/forum.php.
2019-02-27 14:18:38,030-BrowserEngine-INFO-Maxizize the current window
2019-02-27 14:18:38,032-BrowserEngine-INFO-Set impicitly wait 10 seconds
2019-02-27 14:18:38,072-BasePage-INFO-找到页面元素--('name', 'username')
2019-02-27 14:18:38,214-BasePage-INFO-输入的内容admin
2019-02-27 14:18:38,267-BasePage-INFO-找到页面元素--('name', 'password')
2019-02-27 14:18:38,404-BasePage-INFO-输入的内容zx980504
2019-02-27 14:18:38,444-BasePage-INFO-找到页面元素--('css selector', '.fastlg_l .pn')
2019-02-27 14:18:38,508-BasePage-INFO-Success The element was click
2019-02-27 14:18:41,514-BasePage-INFO-Success switch to window
2019-02-27 14:18:41,555-BasePage-INFO-找到页面元素--('css selector', '.fl_tb tr td h2 a')
2019-02-27 14:18:41,963-BasePage-INFO-Success The element was click
2019-02-27 14:18:42,091-BasePage-INFO-找到页面元素--('name', 'moderate[]')
2019-02-27 14:18:42,158-BasePage-INFO-Success The element was click
2019-02-27 14:18:42,163-BasePage-INFO-Success switch to window
2019-02-27 14:18:42,204-BasePage-INFO-找到页面元素--('xpath', "//div[@id='mdly']/p/strong/a")
2019-02-27 14:18:42,413-BasePage-INFO-Success The element was click
2019-02-27 14:18:42,429-BasePage-INFO-Success switch to window
2019-02-27 14:18:42,466-BasePage-INFO-找到页面元素--('name', 'modsubmit')
2019-02-27 14:18:42,998-BasePage-INFO-Success The element was click
2019-02-27 14:18:43,066-BasePage-INFO-找到页面元素--('css selector', '#um > p:nth-child(2) > a:nth-child(16)')
2019-02-27 14:18:43,197-BasePage-INFO-Success The element was click
2019-02-27 14:18:54,830-BasePage-ERROR-<pageobjects.into_manage.Into_Manage object at 0x0000000003514C88>页面中找不到('name', 'admin_password')元素
2019-02-27 14:18:55,156-BasePage-INFO-Had take screenshot and save to folder:/ screenshots
2019-02-27 14:18:55,156-BasePage-ERROR-Failed to type in input box with 'NoneType' object has no attribute 'clear'
2019-02-27 14:19:05,714-BasePage-ERROR-<pageobjects.into_manage.Into_Manage object at 0x0000000003514C88>页面中找不到('name', 'submit')元素
2019-02-27 14:19:06,006-BasePage-INFO-Had take screenshot and save to folder:/ screenshots
2019-02-27 14:19:06,006-BasePage-ERROR-Failed to click the element with 'NoneType' object has no attribute 'click'
2019-02-27 14:19:06,012-BasePage-INFO-Success switch to window
2019-02-27 14:19:06,044-BasePage-INFO-找到页面元素--('id', 'header_forum')
2019-02-27 14:19:06,288-BasePage-INFO-Success The element was click
2019-02-27 14:19:06,324-BasePage-INFO-找到页面元素--('tag name', 'iframe')
2019-02-27 14:19:06,361-BasePage-INFO-Success into inframe
2019-02-27 14:19:06,397-BasePage-INFO-找到页面元素--('css selector', '.addtr')
2019-02-27 14:19:06,523-BasePage-INFO-Success The element was click
2019-02-27 14:19:06,562-BasePage-INFO-找到页面元素--('name', 'newforum[1][]')
2019-02-27 14:19:06,594-BasePage-INFO-Clear test is input box before typeing
2019-02-27 14:19:06,626-BasePage-INFO-找到页面元素--('name', 'newforum[1][]')
2019-02-27 14:19:06,696-BasePage-INFO-输入的内容zx
2019-02-27 14:19:06,727-BasePage-INFO-找到页面元素--('name', 'editsubmit')
2019-02-27 14:19:06,968-BasePage-INFO-Success The element was click
2019-02-27 14:19:06,968-BrowserEngine-INFO-Now,Close and quit the browser
