2019-02-27 20:48:10,675-BrowserEngine-INFO-You has select Chrome browser
2019-02-27 20:48:10,675-BrowserEngine-INFO-The test server url is:http://127.0.0.1/forum.php.
2019-02-27 20:48:14,201-BrowserEngine-INFO-Starting chrome brower
2019-02-27 20:48:16,004-BrowserEngine-INFO-Open url:http://127.0.0.1/forum.php.
2019-02-27 20:48:17,176-BrowserEngine-INFO-Maxizize the current window
2019-02-27 20:48:17,181-BrowserEngine-INFO-Set impicitly wait 10 seconds
2019-02-27 20:48:17,254-BasePage-INFO-找到页面元素--('name', 'username')
2019-02-27 20:48:17,407-BasePage-INFO-输入的内容admin
2019-02-27 20:48:17,441-BasePage-INFO-找到页面元素--('name', 'password')
2019-02-27 20:48:17,548-BasePage-INFO-输入的内容zx980504
2019-02-27 20:48:17,582-BasePage-INFO-找到页面元素--('css selector', '.fastlg_l .pn')
2019-02-27 20:48:17,646-BasePage-INFO-Success The element was click
2019-02-27 20:48:20,654-BasePage-INFO-Success switch to window
2019-02-27 20:48:20,696-BasePage-INFO-找到页面元素--('css selector', '.fl_tb tr td h2 a')
2019-02-27 20:48:21,072-BasePage-INFO-Success The element was click
2019-02-27 20:48:24,076-BasePage-INFO-Success switch to window
2019-02-27 20:48:24,114-BasePage-INFO-找到页面元素--('xpath', "//div[@id='pgt']/a")
2019-02-27 20:48:24,531-BasePage-INFO-Success The element was click
2019-02-27 20:48:29,537-BasePage-ERROR-Failed Switch to windowMessage: chrome not reachable
  (Session info: chrome=72.0.3626.109)
  (Driver info: chromedriver=2.41.578737 (49da6702b16031c40d63e5618de03a32ff6c197e),platform=Windows NT 6.1.7601 SP1 x86_64)
 
2019-02-27 20:48:35,560-BasePage-ERROR-<pageobjects.post.Post object at 0x00000000021E9E80>页面中找不到('name', 'subject')元素
