2019-02-28 19:54:27,480-BrowserEngine-INFO-You has select Chrome browser
2019-02-28 19:54:27,480-BrowserEngine-INFO-The test server url is:http://127.0.0.1/forum.php.
2019-02-28 19:54:30,089-BrowserEngine-INFO-Starting chrome brower
2019-02-28 19:54:31,249-BrowserEngine-INFO-Open url:http://127.0.0.1/forum.php.
2019-02-28 19:54:32,376-BrowserEngine-INFO-Maxizize the current window
2019-02-28 19:54:32,378-BrowserEngine-INFO-Set impicitly wait 10 seconds
2019-02-28 19:54:32,407-BasePage-INFO-找到页面元素--('name', 'username')
2019-02-28 19:54:32,514-BasePage-INFO-输入的内容admin
2019-02-28 19:54:32,544-BasePage-INFO-找到页面元素--('name', 'password')
2019-02-28 19:54:32,630-BasePage-INFO-输入的内容zx980504
2019-02-28 19:54:32,660-BasePage-INFO-找到页面元素--('css selector', '.fastlg_l .pn')
2019-02-28 19:54:32,715-BasePage-INFO-Success The element was click
2019-02-28 19:54:35,748-BasePage-INFO-找到页面元素--('css selector', '.vwmy')
2019-02-28 19:54:35,780-BasePage-INFO-找到的文本admin
2019-02-28 19:54:35,780-BasePage-ERROR-text is not equal with except_value'str' object has no attribute 'assertEqual'
2019-02-28 19:54:38,785-BasePage-INFO-Success switch to window
2019-02-28 19:54:38,814-BasePage-INFO-找到页面元素--('css selector', '.fl_tb tr td h2 a')
2019-02-28 19:54:39,222-BasePage-INFO-Success The element was click
2019-02-28 19:54:42,226-BasePage-INFO-Success switch to window
2019-02-28 19:54:45,254-BasePage-INFO-找到页面元素--('xpath', "//div[@id='pgt']/a")
2019-02-28 19:54:45,279-BasePage-INFO-找到的文本
2019-02-28 19:54:45,280-BasePage-ERROR-text is not equal with except_value'str' object has no attribute 'assertEqual'
2019-02-28 19:54:45,299-BasePage-INFO-找到页面元素--('xpath', "//div[@id='pgt']/a")
2019-02-28 19:54:45,761-BasePage-INFO-Success The element was click
2019-02-28 19:54:48,765-BasePage-INFO-Success switch to window
2019-02-28 19:54:48,792-BasePage-INFO-找到页面元素--('id', 'postsubmit')
2019-02-28 19:54:48,818-BasePage-INFO-找到的文本发表帖子
2019-02-28 19:54:48,819-BasePage-ERROR-text is not equal with except_value'str' object has no attribute 'assertEqual'
2019-02-28 19:54:48,849-BasePage-INFO-找到页面元素--('name', 'subject')
2019-02-28 19:54:49,008-BasePage-INFO-输入的内容title
2019-02-28 19:54:49,039-BasePage-INFO-找到页面元素--('tag name', 'iframe')
2019-02-28 19:54:49,073-BasePage-INFO-Success into inframe
2019-02-28 19:54:49,099-BasePage-INFO-找到页面元素--('tag name', 'body')
2019-02-28 19:54:49,193-BasePage-INFO-输入的内容hello
2019-02-28 19:54:49,198-BasePage-INFO-Success switch to window
2019-02-28 19:54:49,223-BasePage-INFO-找到页面元素--('id', 'postsubmit')
2019-02-28 19:54:49,364-BasePage-INFO-Success The element was click
2019-02-28 19:54:52,369-BasePage-INFO-Success switch to window
2019-02-28 19:54:52,397-BasePage-INFO-找到页面元素--('id', 'post_reply')
2019-02-28 19:54:52,421-BasePage-INFO-找到的文本
2019-02-28 19:54:52,422-BasePage-ERROR-text is not equal with except_value'str' object has no attribute 'assertEqual'
2019-02-28 19:54:52,437-BasePage-INFO-找到页面元素--('id', 'post_reply')
2019-02-28 19:54:52,486-BasePage-INFO-Success The element was click
2019-02-28 19:54:55,489-BasePage-INFO-Success switch to window
2019-02-28 19:54:55,511-BasePage-INFO-找到页面元素--('id', 'postsubmit')
2019-02-28 19:54:55,535-BasePage-INFO-找到的文本参与/回复主题
2019-02-28 19:54:55,536-BasePage-ERROR-text is not equal with except_value'str' object has no attribute 'assertEqual'
2019-02-28 19:54:55,566-BasePage-INFO-找到页面元素--('id', 'postmessage')
2019-02-28 19:54:55,647-BasePage-INFO-输入的内容hello
2019-02-28 19:54:58,650-BasePage-INFO-Success switch to window
2019-02-28 19:54:58,668-BasePage-INFO-找到页面元素--('id', 'postsubmit')
2019-02-28 19:54:58,948-BasePage-INFO-Success The element was click
2019-02-28 19:55:01,953-BasePage-INFO-Success switch to window
2019-02-28 19:55:05,008-BasePage-INFO-找到页面元素--('link text', '退出')
2019-02-28 19:55:05,222-BasePage-INFO-Success The element was click
2019-02-28 19:55:05,223-BrowserEngine-INFO-Now,Close and quit the browser
