2019-02-28 10:35:48,016-BrowserEngine-INFO-You has select Chrome browser
2019-02-28 10:35:48,016-BrowserEngine-INFO-The test server url is:http://127.0.0.1/forum.php.
2019-02-28 10:35:54,110-BrowserEngine-INFO-Starting chrome brower
2019-02-28 10:35:55,748-BrowserEngine-INFO-Open url:http://127.0.0.1/forum.php.
2019-02-28 10:35:56,931-BrowserEngine-INFO-Maxizize the current window
2019-02-28 10:35:56,933-BrowserEngine-INFO-Set impicitly wait 10 seconds
2019-02-28 10:35:56,964-BasePage-INFO-找到页面元素--('name', 'username')
2019-02-28 10:35:57,056-BasePage-INFO-输入的内容admin
2019-02-28 10:35:57,088-BasePage-INFO-找到页面元素--('name', 'password')
2019-02-28 10:35:57,167-BasePage-INFO-输入的内容zx980504
2019-02-28 10:35:57,196-BasePage-INFO-找到页面元素--('css selector', '.fastlg_l .pn')
2019-02-28 10:35:57,244-BasePage-INFO-Success The element was click
2019-02-28 10:36:00,253-BasePage-INFO-Success switch to window
2019-02-28 10:36:00,325-BasePage-INFO-找到页面元素--('css selector', '.fl_tb tr td h2 a')
2019-02-28 10:36:00,631-BasePage-INFO-Success The element was click
2019-02-28 10:36:00,679-BasePage-INFO-找到页面元素--('xpath', "//div[@id='pgt']/a")
2019-02-28 10:36:00,734-BasePage-INFO-Success find float 
2019-02-28 10:36:00,789-BasePage-INFO-找到页面元素--('css selector', '.poll a')
2019-02-28 10:36:01,197-BasePage-INFO-Success The element was click
2019-02-28 10:36:01,201-BasePage-INFO-Success switch to window
2019-02-28 10:36:04,230-BasePage-INFO-找到页面元素--('id', 'subject')
2019-02-28 10:36:04,411-BasePage-INFO-输入的内容最喜欢吃什么？
2019-02-28 10:36:04,440-BasePage-INFO-找到页面元素--('css selector', '#pollm_c_1 > p:nth-child(1) > input')
2019-02-28 10:36:04,530-BasePage-INFO-输入的内容苹果
2019-02-28 10:36:04,559-BasePage-INFO-找到页面元素--('css selector', '#pollm_c_1 > p:nth-child(2) > input')
2019-02-28 10:36:04,634-BasePage-INFO-输入的内容香蕉
2019-02-28 10:36:04,664-BasePage-INFO-找到页面元素--('css selector', '#pollm_c_1 > p:nth-child(3) > input')
2019-02-28 10:36:04,739-BasePage-INFO-输入的内容橘子
2019-02-28 10:36:04,768-BasePage-INFO-找到页面元素--('id', 'postsubmit')
2019-02-28 10:36:04,899-BasePage-INFO-Success The element was click
2019-02-28 10:36:04,905-BasePage-INFO-Success switch to window
2019-02-28 10:36:26,947-BasePage-INFO-找到页面元素--('css selector', '#option_1')
2019-02-28 10:36:27,019-BasePage-INFO-Success The element was click
2019-02-28 10:36:27,050-BasePage-INFO-找到页面元素--('css selector', '#pollsubmit')
2019-02-28 10:36:27,786-BasePage-INFO-Success The element was click
2019-02-28 10:36:27,818-BasePage-INFO-找到页面元素--('css selector', '#thread_subject')
2019-02-28 10:36:27,850-BasePage-ERROR-
2019-02-28 10:36:27,883-BasePage-INFO-找到页面元素--('css selector', '.pvt')
2019-02-28 10:36:27,908-BasePage-ERROR-
2019-02-28 10:36:27,936-BasePage-INFO-找到页面元素--('css selector', '.pcht  tbody > tr > td:nth-child(2)')
2019-02-28 10:36:27,965-BasePage-ERROR-
2019-02-28 10:36:27,965-BrowserEngine-INFO-Now,Close and quit the browser
