2019-02-27 11:49:21,568-BrowserEngine-INFO-You has select Chrome browser
2019-02-27 11:49:21,568-BrowserEngine-INFO-The test server url is:http://127.0.0.1/forum.php.
2019-02-27 11:49:24,205-BrowserEngine-INFO-Starting chrome brower
2019-02-27 11:49:26,385-BrowserEngine-INFO-Open url:http://127.0.0.1/forum.php.
2019-02-27 11:49:27,547-BrowserEngine-INFO-Maxizize the current window
2019-02-27 11:49:27,548-BrowserEngine-INFO-Set impicitly wait 10 seconds
2019-02-27 11:49:27,583-BasePage-INFO-找到页面元素--('name', 'username')
2019-02-27 11:49:27,684-BasePage-INFO-输入的内容admin
2019-02-27 11:49:27,713-BasePage-INFO-找到页面元素--('name', 'password')
2019-02-27 11:49:27,796-BasePage-INFO-输入的内容zx980504
2019-02-27 11:49:27,825-BasePage-INFO-找到页面元素--('css selector', '.fastlg_l .pn')
2019-02-27 11:49:27,873-BasePage-INFO-Success The element was click
2019-02-27 11:49:30,877-BasePage-INFO-Success switch to window
2019-02-27 11:49:30,908-BasePage-INFO-找到页面元素--('css selector', '.fl_tb tr td h2 a')
2019-02-27 11:49:31,387-BasePage-INFO-Success The element was click
2019-02-27 11:49:31,441-BasePage-INFO-找到页面元素--('name', 'moderate[]')
2019-02-27 11:49:31,504-BasePage-INFO-Success The element was click
2019-02-27 11:49:31,511-BasePage-INFO-Success switch to window
2019-02-27 11:49:31,566-BasePage-INFO-找到页面元素--('xpath', "//div[@id='mdly']/p/strong/a")
2019-02-27 11:49:31,823-BasePage-INFO-Success The element was click
2019-02-27 11:49:31,834-BasePage-INFO-Success switch to window
2019-02-27 11:49:31,877-BasePage-INFO-找到页面元素--('name', 'modsubmit')
2019-02-27 11:49:32,395-BasePage-INFO-Success The element was click
2019-02-27 11:49:42,921-BasePage-ERROR-<pageobjects.into_manage.Into_Manage object at 0x00000000035CDFD0>页面中找不到('css selector', '#um > p:nth-child(2) > a:nth-child(15)')元素
2019-02-27 11:49:43,218-BasePage-INFO-Had take screenshot and save to folder:/ screenshots
2019-02-27 11:49:43,219-BasePage-ERROR-Failed to click the element with 'NoneType' object has no attribute 'click'
2019-02-27 11:49:43,223-BasePage-INFO-Success switch to window
2019-02-27 11:49:53,751-BasePage-ERROR-<pageobjects.into_manage.Into_Manage object at 0x00000000035CDFD0>页面中找不到('name', 'admin_password')元素
2019-02-27 11:49:54,076-BasePage-INFO-Had take screenshot and save to folder:/ screenshots
2019-02-27 11:49:54,077-BasePage-ERROR-Failed to type in input box with 'NoneType' object has no attribute 'clear'
2019-02-27 11:50:04,635-BasePage-ERROR-<pageobjects.into_manage.Into_Manage object at 0x00000000035CDFD0>页面中找不到('name', 'submit')元素
2019-02-27 11:50:04,937-BasePage-INFO-Had take screenshot and save to folder:/ screenshots
2019-02-27 11:50:04,937-BasePage-ERROR-Failed to click the element with 'NoneType' object has no attribute 'click'
2019-02-27 11:50:04,942-BasePage-INFO-Success switch to window
2019-02-27 11:50:15,486-BasePage-ERROR-<pageobjects.create_mode.Create_Mode object at 0x00000000035DCA90>页面中找不到('id', 'header_forum')元素
2019-02-27 11:50:15,753-BasePage-INFO-Had take screenshot and save to folder:/ screenshots
2019-02-27 11:50:15,753-BasePage-ERROR-Failed to click the element with 'NoneType' object has no attribute 'click'
2019-02-27 11:50:26,307-BasePage-ERROR-<pageobjects.create_mode.Create_Mode object at 0x00000000035DCA90>页面中找不到('css selector', '.addtr')元素
2019-02-27 11:50:26,664-BasePage-INFO-Had take screenshot and save to folder:/ screenshots
2019-02-27 11:50:26,664-BasePage-ERROR-Failed to click the element with 'NoneType' object has no attribute 'click'
2019-02-27 11:50:34,739-BasePage-ERROR-<pageobjects.create_mode.Create_Mode object at 0x00000000035DCA90>页面中找不到('name', 'newforum[1][]')元素
