2019-02-27 09:25:13,635-BrowserEngine-INFO-You has select Chrome browser
2019-02-27 09:25:13,635-BrowserEngine-INFO-The test server url is:http://127.0.0.1/forum.php.
2019-02-27 09:25:16,299-BrowserEngine-INFO-Starting chrome brower
2019-02-27 09:25:17,773-BrowserEngine-INFO-Open url:http://127.0.0.1/forum.php.
2019-02-27 09:25:18,907-BrowserEngine-INFO-Maxizize the current window
2019-02-27 09:25:18,909-BrowserEngine-INFO-Set impicitly wait 10 seconds
2019-02-27 09:25:21,986-BasePage-INFO-找到页面元素--('name', 'username')
2019-02-27 09:25:22,108-BasePage-INFO-输入的内容admin
2019-02-27 09:25:22,136-BasePage-INFO-找到页面元素--('name', 'password')
2019-02-27 09:25:22,218-BasePage-INFO-输入的内容zx980504
2019-02-27 09:25:22,247-BasePage-INFO-找到页面元素--('css selector', '.fastlg_l .pn')
2019-02-27 09:25:22,315-BasePage-INFO-The element 登录 was click
2019-02-27 09:25:25,319-BasePage-INFO-Success switch to window
2019-02-27 09:25:25,358-BasePage-INFO-找到页面元素--('css selector', '.fl_tb tr td h2 a')
2019-02-27 09:25:25,962-BasePage-INFO-Failed to click the element with Message: stale element reference: element is not attached to the page document
  (Session info: chrome=72.0.3626.109)
  (Driver info: chromedriver=2.41.578737 (49da6702b16031c40d63e5618de03a32ff6c197e),platform=Windows NT 6.1.7601 SP1 x86_64)

2019-02-27 09:25:28,975-BasePage-INFO-Success switch to window
2019-02-27 09:25:29,028-BasePage-INFO-找到页面元素--('xpath', "//div[@id='pgt']/a")
2019-02-27 09:25:29,440-BasePage-INFO-Failed to click the element with Message: stale element reference: element is not attached to the page document
  (Session info: chrome=72.0.3626.109)
  (Driver info: chromedriver=2.41.578737 (49da6702b16031c40d63e5618de03a32ff6c197e),platform=Windows NT 6.1.7601 SP1 x86_64)

2019-02-27 09:25:32,453-BasePage-INFO-Success switch to window
2019-02-27 09:25:32,503-BasePage-INFO-找到页面元素--('name', 'subject')
2019-02-27 09:25:32,615-BasePage-INFO-输入的内容title
2019-02-27 09:25:32,646-BasePage-INFO-找到页面元素--('tag name', 'iframe')
2019-02-27 09:25:32,680-BasePage-INFO-Success into inframe
2019-02-27 09:25:32,706-BasePage-INFO-找到页面元素--('tag name', 'body')
2019-02-27 09:25:32,796-BasePage-INFO-输入的内容hello
2019-02-27 09:25:32,802-BasePage-INFO-Success switch to window
2019-02-27 09:25:32,831-BasePage-INFO-找到页面元素--('id', 'postsubmit')
2019-02-27 09:25:32,965-BasePage-INFO-The element 发表帖子 was click
2019-02-27 09:25:35,975-BasePage-INFO-Success switch to window
2019-02-27 09:25:36,028-BasePage-INFO-找到页面元素--('id', 'post_reply')
2019-02-27 09:25:36,114-BasePage-INFO-The element  was click
2019-02-27 09:25:39,118-BasePage-INFO-Success switch to window
2019-02-27 09:25:39,144-BasePage-INFO-找到页面元素--('id', 'postmessage')
2019-02-27 09:25:39,226-BasePage-INFO-输入的内容hello
2019-02-27 09:25:42,240-BasePage-INFO-Success switch to window
2019-02-27 09:25:42,291-BasePage-INFO-找到页面元素--('id', 'postsubmit')
2019-02-27 09:25:42,853-BasePage-INFO-Failed to click the element with Message: stale element reference: element is not attached to the page document
  (Session info: chrome=72.0.3626.109)
  (Driver info: chromedriver=2.41.578737 (49da6702b16031c40d63e5618de03a32ff6c197e),platform=Windows NT 6.1.7601 SP1 x86_64)

2019-02-27 09:25:45,873-BasePage-INFO-Success switch to window
2019-02-27 09:25:45,960-BasePage-INFO-找到页面元素--('link text', '退出')
2019-02-27 09:25:46,200-BasePage-INFO-Failed to click the element with Message: stale element reference: element is not attached to the page document
  (Session info: chrome=72.0.3626.109)
  (Driver info: chromedriver=2.41.578737 (49da6702b16031c40d63e5618de03a32ff6c197e),platform=Windows NT 6.1.7601 SP1 x86_64)

2019-02-27 09:25:46,200-BrowserEngine-INFO-Now,Close and quit the browser
