2019-02-28 09:29:04,458-BrowserEngine-INFO-You has select Chrome browser
2019-02-28 09:29:04,459-BrowserEngine-INFO-The test server url is:http://127.0.0.1/forum.php.
2019-02-28 09:29:07,477-BrowserEngine-INFO-Starting chrome brower
2019-02-28 09:29:09,070-BrowserEngine-INFO-Open url:http://127.0.0.1/forum.php.
2019-02-28 09:29:10,228-BrowserEngine-INFO-Maxizize the current window
2019-02-28 09:29:10,229-BrowserEngine-INFO-Set impicitly wait 10 seconds
2019-02-28 09:29:10,262-BasePage-INFO-找到页面元素--('name', 'username')
2019-02-28 09:29:10,352-BasePage-INFO-输入的内容admin
2019-02-28 09:29:10,381-BasePage-INFO-找到页面元素--('name', 'password')
2019-02-28 09:29:10,462-BasePage-INFO-输入的内容zx980504
2019-02-28 09:29:10,491-BasePage-INFO-找到页面元素--('css selector', '.fastlg_l .pn')
2019-02-28 09:29:10,543-BasePage-INFO-Success The element was click
2019-02-28 09:29:13,554-BasePage-INFO-Success switch to window
2019-02-28 09:29:13,617-BasePage-INFO-找到页面元素--('css selector', '.fl_tb tr td h2 a')
2019-02-28 09:29:13,977-BasePage-INFO-Success The element was click
2019-02-28 09:29:14,030-BasePage-INFO-找到页面元素--('name', 'moderate[]')
2019-02-28 09:29:14,112-BasePage-INFO-Success The element was click
2019-02-28 09:29:14,116-BasePage-INFO-Success switch to window
2019-02-28 09:29:14,149-BasePage-INFO-找到页面元素--('xpath', "//div[@id='mdly']/p/strong/a")
2019-02-28 09:29:14,339-BasePage-INFO-Success The element was click
2019-02-28 09:29:14,344-BasePage-INFO-Success switch to window
2019-02-28 09:29:14,383-BasePage-INFO-找到页面元素--('name', 'modsubmit')
2019-02-28 09:29:14,803-BasePage-INFO-Success The element was click
2019-02-28 09:29:14,845-BasePage-INFO-找到页面元素--('css selector', '#um > p:nth-child(2) > a:nth-child(16)')
2019-02-28 09:29:14,952-BasePage-INFO-Success The element was click
2019-02-28 09:29:26,494-BasePage-ERROR-<pageobjects.into_manage.Into_Manage object at 0x00000000035BE278>页面中找不到('name', 'admin_password')元素
2019-02-28 09:29:26,801-BasePage-INFO-Had take screenshot and save to folder:/ screenshots
2019-02-28 09:29:26,801-BasePage-ERROR-Failed to type in input box with 'NoneType' object has no attribute 'clear'
2019-02-28 09:29:37,363-BasePage-ERROR-<pageobjects.into_manage.Into_Manage object at 0x00000000035BE278>页面中找不到('name', 'submit')元素
2019-02-28 09:29:37,673-BasePage-INFO-Had take screenshot and save to folder:/ screenshots
2019-02-28 09:29:37,673-BasePage-ERROR-Failed to click the element with 'NoneType' object has no attribute 'click'
2019-02-28 09:29:37,676-BasePage-INFO-Success switch to window
2019-02-28 09:29:37,703-BasePage-INFO-找到页面元素--('id', 'header_forum')
2019-02-28 09:29:37,925-BasePage-INFO-Success The element was click
2019-02-28 09:29:37,951-BasePage-INFO-找到页面元素--('tag name', 'iframe')
2019-02-28 09:29:37,977-BasePage-INFO-Success into inframe
2019-02-28 09:29:38,002-BasePage-INFO-找到页面元素--('css selector', '.addtr')
2019-02-28 09:29:38,104-BasePage-INFO-Success The element was click
2019-02-28 09:29:38,138-BasePage-INFO-找到页面元素--('name', 'newforum[1][]')
2019-02-28 09:29:38,166-BasePage-INFO-Clear test is input box before typeing
2019-02-28 09:29:38,182-BasePage-INFO-找到页面元素--('name', 'newforum[1][]')
2019-02-28 09:29:38,252-BasePage-INFO-输入的内容fd
2019-02-28 09:29:38,281-BasePage-INFO-找到页面元素--('name', 'editsubmit')
2019-02-28 09:29:38,509-BasePage-INFO-Success The element was click
2019-02-28 09:29:38,526-BasePage-INFO-Closeing  on current page.
2019-02-28 09:29:44,626-BasePage-INFO-找到页面元素--('link text', '退出')
2019-02-28 09:29:44,895-BasePage-INFO-Success The element was click
2019-02-28 09:29:47,141-BasePage-INFO-找到页面元素--('name', 'username')
2019-02-28 09:29:47,230-BasePage-INFO-输入的内容zhangxiong
2019-02-28 09:29:47,255-BasePage-INFO-找到页面元素--('name', 'password')
2019-02-28 09:29:47,325-BasePage-INFO-输入的内容zx980504
2019-02-28 09:29:47,352-BasePage-INFO-找到页面元素--('css selector', '.fastlg_l .pn')
2019-02-28 09:29:47,397-BasePage-INFO-Success The element was click
2019-02-28 09:29:47,449-BasePage-INFO-Click back on current page.
2019-02-28 09:29:47,524-BasePage-INFO-Click back on current page.
2019-02-28 09:29:58,058-BasePage-ERROR-<pageobjects.post.Post object at 0x00000000035CA9E8>页面中找不到('css selector', '#category_1 > table tbody > tr:nth-child(2) > td:nth-child(2) > h2 > a')元素
2019-02-28 09:29:58,346-BasePage-INFO-Had take screenshot and save to folder:/ screenshots
2019-02-28 09:29:58,346-BasePage-ERROR-Failed to click the element with 'NoneType' object has no attribute 'click'
2019-02-28 09:29:58,372-BasePage-INFO-找到页面元素--('xpath', "//div[@id='pgt']/a")
2019-02-28 09:29:58,606-BasePage-INFO-Success The element was click
2019-02-28 09:30:01,609-BasePage-INFO-Success switch to window
2019-02-28 09:30:12,158-BasePage-ERROR-<pageobjects.post.Post object at 0x00000000035CA9E8>页面中找不到('name', 'subject')元素
2019-02-28 09:30:12,430-BasePage-INFO-Had take screenshot and save to folder:/ screenshots
2019-02-28 09:30:12,430-BasePage-ERROR-Failed to type in input box with 'NoneType' object has no attribute 'clear'
2019-02-28 09:30:16,827-BasePage-ERROR-<pageobjects.post.Post object at 0x00000000035CA9E8>页面中找不到('tag name', 'iframe')元素
