2019-02-27 10:30:42,974-BrowserEngine-INFO-You has select Chrome browser
2019-02-27 10:30:42,974-BrowserEngine-INFO-The test server url is:http://127.0.0.1/forum.php.
2019-02-27 10:30:46,079-BrowserEngine-INFO-Starting chrome brower
2019-02-27 10:30:47,808-BrowserEngine-INFO-Open url:http://127.0.0.1/forum.php.
2019-02-27 10:30:48,941-BrowserEngine-INFO-Maxizize the current window
2019-02-27 10:30:48,942-BrowserEngine-INFO-Set impicitly wait 10 seconds
2019-02-27 10:30:48,976-BasePage-INFO-找到页面元素--('name', 'username')
2019-02-27 10:30:49,079-BasePage-INFO-输入的内容admin
2019-02-27 10:30:49,108-BasePage-INFO-找到页面元素--('name', 'password')
2019-02-27 10:30:49,193-BasePage-INFO-输入的内容zx980504
2019-02-27 10:30:49,223-BasePage-INFO-找到页面元素--('css selector', '.fastlg_l .pn')
2019-02-27 10:30:49,278-BasePage-INFO-Success The element was click
2019-02-27 10:30:52,282-BasePage-INFO-Success switch to window
2019-02-27 10:30:52,311-BasePage-INFO-找到页面元素--('css selector', '.fl_tb tr td h2 a')
2019-02-27 10:30:52,693-BasePage-INFO-Success The element was click
2019-02-27 10:30:55,708-BasePage-INFO-Success switch to window
2019-02-27 10:30:55,772-BasePage-INFO-找到页面元素--('xpath', "//div[@id='pgt']/a")
2019-02-27 10:30:56,300-BasePage-INFO-Success The element was click
2019-02-27 10:30:59,304-BasePage-INFO-Success switch to window
2019-02-27 10:30:59,335-BasePage-INFO-找到页面元素--('name', 'subject')
2019-02-27 10:30:59,447-BasePage-INFO-输入的内容title
2019-02-27 10:30:59,477-BasePage-INFO-找到页面元素--('tag name', 'iframe')
2019-02-27 10:30:59,510-BasePage-INFO-Success into inframe
2019-02-27 10:30:59,540-BasePage-INFO-找到页面元素--('tag name', 'body')
2019-02-27 10:30:59,684-BasePage-INFO-输入的内容hello
2019-02-27 10:30:59,692-BasePage-INFO-Success switch to window
2019-02-27 10:30:59,728-BasePage-INFO-找到页面元素--('id', 'postsubmit')
2019-02-27 10:30:59,853-BasePage-INFO-Success The element was click
2019-02-27 10:30:59,861-BasePage-INFO-Success switch to window
2019-02-27 10:30:59,861-BrowserEngine-INFO-Now,Close and quit the browser
