2019-02-28 20:32:00,661-BrowserEngine-INFO-You has select Chrome browser
2019-02-28 20:32:00,662-BrowserEngine-INFO-The test server url is:http://127.0.0.1/forum.php.
2019-02-28 20:32:03,813-BrowserEngine-INFO-Starting chrome brower
2019-02-28 20:32:05,819-BrowserEngine-INFO-Open url:http://127.0.0.1/forum.php.
2019-02-28 20:32:06,952-BrowserEngine-INFO-Maxizize the current window
2019-02-28 20:32:06,953-BrowserEngine-INFO-Set impicitly wait 10 seconds
2019-02-28 20:32:06,985-BasePage-INFO-找到页面元素--('name', 'username')
2019-02-28 20:32:07,090-BasePage-INFO-输入的内容admin
2019-02-28 20:32:07,123-BasePage-INFO-找到页面元素--('name', 'password')
2019-02-28 20:32:07,215-BasePage-INFO-输入的内容zx980504
2019-02-28 20:32:07,250-BasePage-INFO-找到页面元素--('css selector', '.fastlg_l .pn')
2019-02-28 20:32:07,306-BasePage-INFO-Success The element was click
2019-02-28 20:32:10,341-BasePage-INFO-找到页面元素--('css selector', '.vwmy')
2019-02-28 20:32:10,372-BasePage-INFO-找到的文本admin
2019-02-28 20:32:13,376-BasePage-INFO-Success switch to window
2019-02-28 20:32:13,409-BasePage-INFO-找到页面元素--('css selector', '.fl_tb tr td h2 a')
2019-02-28 20:32:13,828-BasePage-INFO-Success The element was click
2019-02-28 20:32:16,832-BasePage-INFO-Success switch to window
2019-02-28 20:32:19,862-BasePage-INFO-找到页面元素--('xpath', "//div[@id='pgt']/a")
2019-02-28 20:32:19,888-BasePage-INFO-找到的文本
2019-02-28 20:32:19,889-BrowserEngine-INFO-Now,Close and quit the browser
