2019-02-28 20:03:57,554-BrowserEngine-INFO-You has select Chrome browser
2019-02-28 20:03:57,554-BrowserEngine-INFO-The test server url is:http://127.0.0.1/forum.php.
2019-02-28 20:04:00,609-BrowserEngine-INFO-Starting chrome brower
2019-02-28 20:04:05,101-BrowserEngine-INFO-Open url:http://127.0.0.1/forum.php.
2019-02-28 20:04:06,220-BrowserEngine-INFO-Maxizize the current window
2019-02-28 20:04:06,221-BrowserEngine-INFO-Set impicitly wait 10 seconds
2019-02-28 20:04:06,254-BasePage-INFO-找到页面元素--('name', 'username')
2019-02-28 20:04:06,352-BasePage-INFO-输入的内容admin
2019-02-28 20:04:06,384-BasePage-INFO-找到页面元素--('name', 'password')
2019-02-28 20:04:06,478-BasePage-INFO-输入的内容zx980504
2019-02-28 20:04:06,508-BasePage-INFO-找到页面元素--('css selector', '.fastlg_l .pn')
2019-02-28 20:04:06,564-BasePage-INFO-Success The element was click
2019-02-28 20:04:09,599-BasePage-INFO-找到页面元素--('css selector', '.vwmy')
2019-02-28 20:04:09,631-BasePage-INFO-找到的文本admin
2019-02-28 20:04:09,631-BasePage-ERROR-text is not equal with except_valuemodule 'unittest' has no attribute 'assertEqual'
2019-02-28 20:04:12,635-BasePage-INFO-Success switch to window
2019-02-28 20:04:12,664-BasePage-INFO-找到页面元素--('css selector', '.fl_tb tr td h2 a')
2019-02-28 20:04:13,025-BasePage-INFO-Success The element was click
2019-02-28 20:04:16,028-BasePage-INFO-Success switch to window
2019-02-28 20:04:19,058-BasePage-INFO-找到页面元素--('xpath', "//div[@id='pgt']/a")
2019-02-28 20:04:19,084-BasePage-INFO-找到的文本
2019-02-28 20:04:19,084-BrowserEngine-INFO-Now,Close and quit the browser
