2019-02-28 20:51:26,505-BrowserEngine-INFO-You has select Chrome browser
2019-02-28 20:51:26,505-BrowserEngine-INFO-The test server url is:http://127.0.0.1/forum.php.
2019-02-28 20:51:29,692-BrowserEngine-INFO-Starting chrome brower
2019-02-28 20:51:30,954-BrowserEngine-INFO-Open url:http://127.0.0.1/forum.php.
2019-02-28 20:51:32,073-BrowserEngine-INFO-Maxizize the current window
2019-02-28 20:51:32,074-BrowserEngine-INFO-Set impicitly wait 10 seconds
2019-02-28 20:51:32,110-BasePage-INFO-找到页面元素--('name', 'username')
2019-02-28 20:51:32,216-BasePage-INFO-输入的内容admin
2019-02-28 20:51:32,248-BasePage-INFO-找到页面元素--('name', 'password')
2019-02-28 20:51:32,333-BasePage-INFO-输入的内容zx980504
2019-02-28 20:51:32,363-BasePage-INFO-找到页面元素--('css selector', '.fastlg_l .pn')
2019-02-28 20:51:32,417-BasePage-INFO-Success The element was click
2019-02-28 20:51:35,444-BasePage-INFO-找到页面元素--('css selector', '.vwmy')
2019-02-28 20:51:35,470-BasePage-INFO-找到的文本admin
2019-02-28 20:51:38,475-BasePage-INFO-Success switch to window
2019-02-28 20:51:38,502-BasePage-INFO-找到页面元素--('css selector', '.fl_tb tr td h2 a')
2019-02-28 20:51:38,920-BasePage-INFO-Success The element was click
2019-02-28 20:51:41,924-BasePage-INFO-Success switch to window
2019-02-28 20:51:44,953-BasePage-INFO-找到页面元素--('css selector', '.xs2')
2019-02-28 20:51:44,980-BasePage-INFO-找到的文本默认版块 今日: 33 |主题: 27
2019-02-28 20:51:45,002-BrowserEngine-INFO-Now,Close and quit the browser
