2019-02-27 19:47:41,291-BrowserEngine-INFO-You has select Chrome browser
2019-02-27 19:47:41,292-BrowserEngine-INFO-The test server url is:http://127.0.0.1/forum.php.
2019-02-27 19:47:45,101-BrowserEngine-INFO-Starting chrome brower
2019-02-27 19:47:47,113-BrowserEngine-INFO-Open url:http://127.0.0.1/forum.php.
2019-02-27 19:47:48,289-BrowserEngine-INFO-Maxizize the current window
2019-02-27 19:47:48,291-BrowserEngine-INFO-Set impicitly wait 10 seconds
2019-02-27 19:47:48,332-BasePage-INFO-找到页面元素--('name', 'username')
2019-02-27 19:47:48,476-BasePage-INFO-输入的内容admin
2019-02-27 19:47:48,513-BasePage-INFO-找到页面元素--('name', 'password')
2019-02-27 19:47:48,623-BasePage-INFO-输入的内容zx980504
2019-02-27 19:47:48,657-BasePage-INFO-找到页面元素--('css selector', '.fastlg_l .pn')
2019-02-27 19:47:48,724-BasePage-INFO-Success The element was click
2019-02-27 19:47:48,765-BasePage-INFO-找到页面元素--('css selector', '.fl_tb tr td h2 a')
2019-02-27 19:47:49,256-BasePage-ERROR-Failed to click the element with Message: stale element reference: element is not attached to the page document
  (Session info: chrome=72.0.3626.109)
  (Driver info: chromedriver=2.41.578737 (49da6702b16031c40d63e5618de03a32ff6c197e),platform=Windows NT 6.1.7601 SP1 x86_64)

2019-02-27 19:47:59,794-BasePage-ERROR-<pageobjects.post.Post object at 0x00000000035B8C18>页面中找不到('xpath', "//div[@id='pgt']/a")元素
2019-02-27 19:48:00,090-BasePage-INFO-Had take screenshot and save to folder:/ screenshots
2019-02-27 19:48:00,091-BasePage-ERROR-Falied not find float 
2019-02-27 19:48:04,637-BasePage-ERROR-<pageobjects.post.Post object at 0x00000000035B8C18>页面中找不到('css selector', '.poll a')元素
