2019-02-26 21:09:15,014-BrowserEngine-INFO-You has select Chrome browser
2019-02-26 21:09:15,014-BrowserEngine-INFO-The test server url is:http://127.0.0.1/forum.php.
2019-02-26 21:09:21,023-BrowserEngine-INFO-Starting chrome brower
2019-02-26 21:09:23,044-BrowserEngine-INFO-Open url:http://127.0.0.1/forum.php.
2019-02-26 21:09:24,175-BrowserEngine-INFO-Maxizize the current window
2019-02-26 21:09:24,176-BrowserEngine-INFO-Set impicitly wait 10 seconds
2019-02-26 21:09:27,209-BasePage-INFO-找到页面元素--('name', 'username')
2019-02-26 21:09:27,329-BasePage-INFO-输入的内容admin
2019-02-26 21:09:27,358-BasePage-INFO-找到页面元素--('name', 'password')
2019-02-26 21:09:27,445-BasePage-INFO-输入的内容zx980504
2019-02-26 21:09:27,474-BasePage-INFO-找到页面元素--('css selector', '.fastlg_l .pn')
2019-02-26 21:09:27,544-BasePage-INFO-The element 登录 was click
2019-02-26 21:09:30,558-BasePage-INFO-Success switch to window
2019-02-26 21:09:30,621-BasePage-INFO-找到页面元素--('css selector', '.fl_tb tr td h2 a')
2019-02-26 21:09:31,018-BasePage-INFO-Failed to click the element with Message: stale element reference: element is not attached to the page document
  (Session info: chrome=72.0.3626.109)
  (Driver info: chromedriver=2.41.578737 (49da6702b16031c40d63e5618de03a32ff6c197e),platform=Windows NT 6.1.7601 SP1 x86_64)

2019-02-26 21:09:34,030-BasePage-INFO-Success switch to window
2019-02-26 21:09:34,081-BasePage-INFO-找到页面元素--('xpath', "//div[@id='pgt']/a")
2019-02-26 21:09:34,675-BasePage-INFO-Failed to click the element with Message: stale element reference: element is not attached to the page document
  (Session info: chrome=72.0.3626.109)
  (Driver info: chromedriver=2.41.578737 (49da6702b16031c40d63e5618de03a32ff6c197e),platform=Windows NT 6.1.7601 SP1 x86_64)

2019-02-26 21:09:37,693-BasePage-INFO-Success switch to window
2019-02-26 21:09:37,733-BasePage-INFO-找到页面元素--('name', 'subject')
2019-02-26 21:09:37,835-BasePage-INFO-输入的内容title
2019-02-26 21:09:37,835-BasePage-INFO-Failed into inframe
2019-02-26 21:09:37,866-BasePage-INFO-找到页面元素--('tag name', 'body')
2019-02-26 21:09:37,892-BasePage-ERROR-Failed to type in input box with Message: invalid element state: Element must be user-editable in order to clear it.
  (Session info: chrome=72.0.3626.109)
  (Driver info: chromedriver=2.41.578737 (49da6702b16031c40d63e5618de03a32ff6c197e),platform=Windows NT 6.1.7601 SP1 x86_64)

2019-02-26 21:09:37,922-BasePage-INFO-找到页面元素--('id', 'postsubmit')
2019-02-26 21:09:38,065-BasePage-INFO-The element 发表帖子 was click
2019-02-26 21:09:41,072-BasePage-INFO-Success switch to window
2019-02-26 21:09:51,640-BasePage-ERROR-<pageobjects.discuz_homepage.HomePage object at 0x000000000351D2B0>页面中找不到('id', 'post_reply')元素
2019-02-26 21:09:52,127-BasePage-INFO-Had take screenshot and save to folder:/ screenshots
2019-02-26 21:09:52,128-BasePage-INFO-Failed to click the element with 'NoneType' object has no attribute 'click'
2019-02-26 21:09:55,159-BasePage-INFO-Success switch to window
2019-02-26 21:09:57,170-BasePage-ERROR-<pageobjects.discuz_homepage.HomePage object at 0x000000000351D2B0>页面中找不到('id', 'postmessage')元素
