2019-02-28 10:55:12,745-BrowserEngine-INFO-You has select Chrome browser
2019-02-28 10:55:12,745-BrowserEngine-INFO-The test server url is:http://127.0.0.1/forum.php.
2019-02-28 10:55:15,598-BrowserEngine-INFO-Starting chrome brower
2019-02-28 10:55:17,670-BrowserEngine-INFO-Open url:http://127.0.0.1/forum.php.
2019-02-28 10:55:18,836-BrowserEngine-INFO-Maxizize the current window
2019-02-28 10:55:18,837-BrowserEngine-INFO-Set impicitly wait 10 seconds
2019-02-28 10:55:18,872-BasePage-INFO-找到页面元素--('name', 'username')
2019-02-28 10:55:18,967-BasePage-INFO-输入的内容admin
2019-02-28 10:55:18,995-BasePage-INFO-找到页面元素--('name', 'password')
2019-02-28 10:55:19,070-BasePage-INFO-输入的内容zx980504
2019-02-28 10:55:19,098-BasePage-INFO-找到页面元素--('css selector', '.fastlg_l .pn')
2019-02-28 10:55:19,149-BasePage-INFO-Success The element was click
2019-02-28 10:55:22,155-BasePage-INFO-Success switch to window
2019-02-28 10:55:22,185-BasePage-INFO-找到页面元素--('css selector', '.fl_tb tr td h2 a')
2019-02-28 10:55:22,567-BasePage-INFO-Success The element was click
2019-02-28 10:55:22,611-BasePage-INFO-找到页面元素--('xpath', "//div[@id='pgt']/a")
2019-02-28 10:55:22,639-BasePage-INFO-Success find float 
2019-02-28 10:55:22,671-BasePage-INFO-找到页面元素--('css selector', '.poll a')
2019-02-28 10:55:23,037-BasePage-INFO-Success The element was click
2019-02-28 10:55:23,040-BasePage-INFO-Success switch to window
2019-02-28 10:55:26,103-BasePage-INFO-找到页面元素--('id', 'subject')
2019-02-28 10:55:26,294-BasePage-INFO-输入的内容最喜欢吃什么？
2019-02-28 10:55:26,324-BasePage-INFO-找到页面元素--('css selector', '#pollm_c_1 > p:nth-child(1) > input')
2019-02-28 10:55:26,405-BasePage-INFO-输入的内容苹果
2019-02-28 10:55:26,430-BasePage-INFO-找到页面元素--('css selector', '#pollm_c_1 > p:nth-child(2) > input')
2019-02-28 10:55:26,499-BasePage-INFO-输入的内容香蕉
2019-02-28 10:55:26,524-BasePage-INFO-找到页面元素--('css selector', '#pollm_c_1 > p:nth-child(3) > input')
2019-02-28 10:55:26,591-BasePage-INFO-输入的内容橘子
2019-02-28 10:55:26,619-BasePage-INFO-找到页面元素--('id', 'postsubmit')
2019-02-28 10:55:26,733-BasePage-INFO-Success The element was click
2019-02-28 10:55:26,739-BasePage-INFO-Success switch to window
2019-02-28 10:55:27,745-BasePage-INFO-找到页面元素--('css selector', '#option_1')
2019-02-28 10:55:27,806-BasePage-INFO-Success The element was click
2019-02-28 10:55:27,847-BasePage-INFO-找到页面元素--('css selector', '#pollsubmit')
2019-02-28 10:55:28,441-BasePage-INFO-Success The element was click
2019-02-28 10:55:28,510-BasePage-INFO-找到页面元素--('css selector', '.pvt')
2019-02-28 10:55:28,610-BasePage-INFO-找到页面元素--('css selector', '.pcht  tbody > tr > td:nth-child(2)')
2019-02-28 10:55:28,643-BasePage-INFO-找到页面元素--('css selector', '#thread_subject')
2019-02-28 10:55:28,701-BasePage-ERROR-<pageobjects.post.Post object at 0x00000000035C7CF8>页面中找不到(<selenium.webdriver.remote.webelement.WebElement (session="7a373c97876676c8b3b8f432e3b2d6fe", element="0.06389184302486917-1")>,)元素
2019-02-28 10:55:29,012-BasePage-INFO-Had take screenshot and save to folder:/ screenshots
2019-02-28 10:55:29,013-BasePage-ERROR-
2019-02-28 10:55:29,017-BasePage-ERROR-<pageobjects.post.Post object at 0x00000000035C7CF8>页面中找不到(<selenium.webdriver.remote.webelement.WebElement (session="7a373c97876676c8b3b8f432e3b2d6fe", element="0.06389184302486917-4")>,)元素
2019-02-28 10:55:29,323-BasePage-INFO-Had take screenshot and save to folder:/ screenshots
2019-02-28 10:55:29,323-BasePage-ERROR-
2019-02-28 10:55:29,327-BasePage-ERROR-<pageobjects.post.Post object at 0x00000000035C7CF8>页面中找不到(<selenium.webdriver.remote.webelement.WebElement (session="7a373c97876676c8b3b8f432e3b2d6fe", element="0.06389184302486917-2")>,)元素
2019-02-28 10:55:29,641-BasePage-INFO-Had take screenshot and save to folder:/ screenshots
2019-02-28 10:55:29,641-BasePage-ERROR-
2019-02-28 10:55:29,645-BasePage-ERROR-<pageobjects.post.Post object at 0x00000000035C7CF8>页面中找不到(<selenium.webdriver.remote.webelement.WebElement (session="7a373c97876676c8b3b8f432e3b2d6fe", element="0.06389184302486917-5")>,)元素
2019-02-28 10:55:29,959-BasePage-INFO-Had take screenshot and save to folder:/ screenshots
2019-02-28 10:55:29,959-BasePage-ERROR-
2019-02-28 10:55:29,962-BasePage-ERROR-<pageobjects.post.Post object at 0x00000000035C7CF8>页面中找不到(<selenium.webdriver.remote.webelement.WebElement (session="7a373c97876676c8b3b8f432e3b2d6fe", element="0.06389184302486917-3")>,)元素
2019-02-28 10:55:30,282-BasePage-INFO-Had take screenshot and save to folder:/ screenshots
2019-02-28 10:55:30,283-BasePage-ERROR-
2019-02-28 10:55:30,287-BasePage-ERROR-<pageobjects.post.Post object at 0x00000000035C7CF8>页面中找不到(<selenium.webdriver.remote.webelement.WebElement (session="7a373c97876676c8b3b8f432e3b2d6fe", element="0.06389184302486917-6")>,)元素
2019-02-28 10:55:30,594-BasePage-INFO-Had take screenshot and save to folder:/ screenshots
2019-02-28 10:55:30,595-BasePage-ERROR-
2019-02-28 10:55:33,661-BasePage-INFO-找到页面元素--('link text', '退出')
2019-02-28 10:55:33,876-BasePage-INFO-Success The element was click
2019-02-28 10:55:33,876-BrowserEngine-INFO-Now,Close and quit the browser
