2019-02-28 19:33:42,344-BrowserEngine-INFO-You has select Chrome browser
2019-02-28 19:33:42,345-BrowserEngine-INFO-The test server url is:http://127.0.0.1/forum.php.
2019-02-28 19:33:44,949-BrowserEngine-INFO-Starting chrome brower
2019-02-28 19:33:46,275-BrowserEngine-INFO-Open url:http://127.0.0.1/forum.php.
2019-02-28 19:33:47,399-BrowserEngine-INFO-Maxizize the current window
2019-02-28 19:33:47,400-BrowserEngine-INFO-Set impicitly wait 10 seconds
2019-02-28 19:33:47,434-BasePage-INFO-找到页面元素--('name', 'username')
2019-02-28 19:33:47,549-BasePage-INFO-输入的内容admin
2019-02-28 19:33:47,585-BasePage-INFO-找到页面元素--('name', 'password')
2019-02-28 19:33:47,717-BasePage-INFO-输入的内容zx980504
2019-02-28 19:33:47,755-BasePage-INFO-找到页面元素--('css selector', '.fastlg_l .pn')
2019-02-28 19:33:47,817-BasePage-INFO-Success The element was click
2019-02-28 19:33:50,846-BasePage-INFO-找到页面元素--('css selector', '.vwmy')
2019-02-28 19:33:50,876-BasePage-INFO-找到的文本admin
2019-02-28 19:33:50,876-BasePage-ERROR-text is not equal with except_value'str' object has no attribute 'assertEqual'
2019-02-28 19:33:53,881-BasePage-INFO-Success switch to window
2019-02-28 19:33:53,915-BasePage-INFO-找到页面元素--('css selector', '.fl_tb tr td h2 a')
2019-02-28 19:33:54,324-BasePage-INFO-Success The element was click
2019-02-28 19:33:57,328-BasePage-INFO-Success switch to window
2019-02-28 19:34:00,357-BasePage-INFO-找到页面元素--('xpath', "//div[@id='pgt']/a")
2019-02-28 19:34:00,383-BasePage-INFO-找到的文本
2019-02-28 19:34:00,383-BasePage-ERROR-text is not equal with except_value'str' object has no attribute 'assertEqual'
2019-02-28 19:34:00,401-BasePage-INFO-找到页面元素--('xpath', "//div[@id='pgt']/a")
2019-02-28 19:34:00,865-BasePage-INFO-Success The element was click
2019-02-28 19:34:03,869-BasePage-INFO-Success switch to window
2019-02-28 19:34:03,897-BasePage-INFO-找到页面元素--('id', 'postsubmit')
2019-02-28 19:34:03,924-BasePage-INFO-找到的文本发表帖子
2019-02-28 19:34:03,925-BasePage-ERROR-text is not equal with except_value'str' object has no attribute 'assertEqual'
2019-02-28 19:34:03,954-BasePage-INFO-找到页面元素--('name', 'subject')
2019-02-28 19:34:04,111-BasePage-INFO-输入的内容title
2019-02-28 19:34:04,142-BasePage-INFO-找到页面元素--('tag name', 'iframe')
2019-02-28 19:34:04,175-BasePage-INFO-Success into inframe
2019-02-28 19:34:04,201-BasePage-INFO-找到页面元素--('tag name', 'body')
2019-02-28 19:34:04,294-BasePage-INFO-输入的内容hello
2019-02-28 19:34:04,302-BasePage-INFO-Success switch to window
2019-02-28 19:34:04,323-BasePage-INFO-找到页面元素--('id', 'postsubmit')
2019-02-28 19:34:04,470-BasePage-INFO-Success The element was click
2019-02-28 19:34:04,470-BrowserEngine-INFO-Now,Close and quit the browser
