2019-02-26 21:14:07,312-BrowserEngine-INFO-You has select Chrome browser
2019-02-26 21:14:07,312-BrowserEngine-INFO-The test server url is:http://127.0.0.1/forum.php.
2019-02-26 21:14:10,541-BrowserEngine-INFO-Starting chrome brower
2019-02-26 21:14:12,676-BrowserEngine-INFO-Open url:http://127.0.0.1/forum.php.
2019-02-26 21:14:13,810-BrowserEngine-INFO-Maxizize the current window
2019-02-26 21:14:13,811-BrowserEngine-INFO-Set impicitly wait 10 seconds
2019-02-26 21:14:16,844-BasePage-INFO-找到页面元素--('name', 'username')
2019-02-26 21:14:16,982-BasePage-INFO-输入的内容admin
2019-02-26 21:14:17,019-BasePage-INFO-找到页面元素--('name', 'password')
2019-02-26 21:14:17,116-BasePage-INFO-输入的内容zx980504
2019-02-26 21:14:17,149-BasePage-INFO-找到页面元素--('css selector', '.fastlg_l .pn')
2019-02-26 21:14:17,227-BasePage-INFO-The element 登录 was click
2019-02-26 21:14:20,241-BasePage-INFO-Success switch to window
2019-02-26 21:14:20,352-BasePage-INFO-找到页面元素--('css selector', '.fl_tb tr td h2 a')
2019-02-26 21:14:20,908-BasePage-INFO-Failed to click the element with Message: stale element reference: element is not attached to the page document
  (Session info: chrome=72.0.3626.109)
  (Driver info: chromedriver=2.41.578737 (49da6702b16031c40d63e5618de03a32ff6c197e),platform=Windows NT 6.1.7601 SP1 x86_64)

2019-02-26 21:14:23,919-BasePage-INFO-Success switch to window
2019-02-26 21:14:23,991-BasePage-INFO-找到页面元素--('xpath', "//div[@id='pgt']/a")
2019-02-26 21:14:24,451-BasePage-INFO-Failed to click the element with Message: stale element reference: element is not attached to the page document
  (Session info: chrome=72.0.3626.109)
  (Driver info: chromedriver=2.41.578737 (49da6702b16031c40d63e5618de03a32ff6c197e),platform=Windows NT 6.1.7601 SP1 x86_64)

2019-02-26 21:14:27,466-BasePage-INFO-Success switch to window
2019-02-26 21:14:27,554-BasePage-INFO-找到页面元素--('name', 'subject')
2019-02-26 21:14:27,711-BasePage-INFO-输入的内容title
2019-02-26 21:14:27,725-BasePage-INFO-Success into inframe
2019-02-26 21:14:27,749-BasePage-INFO-找到页面元素--('tag name', 'body')
2019-02-26 21:14:27,851-BasePage-INFO-输入的内容hello
2019-02-26 21:14:38,368-BasePage-ERROR-<pageobjects.discuz_homepage.HomePage object at 0x0000000003597470>页面中找不到('id', 'postsubmit')元素
2019-02-26 21:14:38,711-BasePage-INFO-Had take screenshot and save to folder:/ screenshots
2019-02-26 21:14:38,711-BasePage-INFO-Failed to click the element with 'NoneType' object has no attribute 'click'
2019-02-26 21:14:41,715-BasePage-INFO-Success switch to window
2019-02-26 21:14:52,254-BasePage-ERROR-<pageobjects.discuz_homepage.HomePage object at 0x0000000003597470>页面中找不到('id', 'post_reply')元素
2019-02-26 21:14:52,639-BasePage-INFO-Had take screenshot and save to folder:/ screenshots
2019-02-26 21:14:52,639-BasePage-INFO-Failed to click the element with 'NoneType' object has no attribute 'click'
2019-02-26 21:14:55,654-BasePage-INFO-Success switch to window
2019-02-26 21:15:00,542-BasePage-ERROR-<pageobjects.discuz_homepage.HomePage object at 0x0000000003597470>页面中找不到('id', 'postmessage')元素
