2019-02-27 20:00:18,837-BrowserEngine-INFO-You has select Chrome browser
2019-02-27 20:00:18,837-BrowserEngine-INFO-The test server url is:http://127.0.0.1/forum.php.
2019-02-27 20:00:21,439-BrowserEngine-INFO-Starting chrome brower
2019-02-27 20:00:23,142-BrowserEngine-INFO-Open url:http://127.0.0.1/forum.php.
2019-02-27 20:00:24,256-BrowserEngine-INFO-Maxizize the current window
2019-02-27 20:00:24,258-BrowserEngine-INFO-Set impicitly wait 10 seconds
2019-02-27 20:00:24,297-BasePage-INFO-找到页面元素--('name', 'username')
2019-02-27 20:00:24,415-BasePage-INFO-输入的内容admin
2019-02-27 20:00:24,447-BasePage-INFO-找到页面元素--('name', 'password')
2019-02-27 20:00:24,545-BasePage-INFO-输入的内容zx980504
2019-02-27 20:00:24,577-BasePage-INFO-找到页面元素--('css selector', '.fastlg_l .pn')
2019-02-27 20:00:24,635-BasePage-INFO-Success The element was click
2019-02-27 20:00:27,641-BasePage-INFO-Success switch to window
2019-02-27 20:00:27,682-BasePage-INFO-找到页面元素--('css selector', '.fl_tb tr td h2 a')
2019-02-27 20:00:28,162-BasePage-INFO-Success The element was click
2019-02-27 20:00:28,225-BasePage-INFO-找到页面元素--('xpath', "//div[@id='pgt']/a")
2019-02-27 20:00:28,288-BasePage-INFO-Success find float 
2019-02-27 20:00:28,357-BasePage-INFO-找到页面元素--('css selector', '.poll a')
2019-02-27 20:00:28,828-BasePage-INFO-Success The element was click
2019-02-27 20:00:28,836-BasePage-INFO-Success switch to window
2019-02-27 20:00:31,873-BasePage-INFO-找到页面元素--('id', 'subject')
2019-02-27 20:00:32,127-BasePage-INFO-输入的内容最喜欢吃什么？
2019-02-27 20:00:32,161-BasePage-INFO-找到页面元素--('css selector', '#pollm_c_1 > p:nth-child(1) > input')
2019-02-27 20:00:32,269-BasePage-INFO-输入的内容苹果
2019-02-27 20:00:32,305-BasePage-INFO-找到页面元素--('css selector', '#pollm_c_1 > p:nth-child(2) > input')
2019-02-27 20:00:32,387-BasePage-INFO-输入的内容香蕉
2019-02-27 20:00:32,420-BasePage-INFO-找到页面元素--('css selector', '#pollm_c_1 > p:nth-child(3) > input')
2019-02-27 20:00:32,498-BasePage-INFO-输入的内容橘子
2019-02-27 20:00:32,519-BasePage-INFO-找到页面元素--('id', 'subject')
2019-02-27 20:00:32,547-BasePage-ERROR-
2019-02-27 20:00:32,567-BasePage-INFO-找到页面元素--('css selector', '#pollm_c_1 > p:nth-child(1) > input')
2019-02-27 20:00:32,594-BasePage-ERROR-
2019-02-27 20:00:43,130-BasePage-ERROR-<pageobjects.post.Post object at 0x00000000035C7B70>页面中找不到('css selector', '.pcht  tbody > tr:nth-child(2) > td:nth-child(2)')元素
2019-02-27 20:00:43,485-BasePage-INFO-Had take screenshot and save to folder:/ screenshots
2019-02-27 20:00:43,485-BasePage-ERROR-
2019-02-27 20:00:43,507-BasePage-INFO-找到页面元素--('css selector', '#pollm_c_1 > p:nth-child(2) > input')
2019-02-27 20:00:43,536-BasePage-ERROR-
2019-02-27 20:00:54,051-BasePage-ERROR-<pageobjects.post.Post object at 0x00000000035C7B70>页面中找不到('css selector', '.pcht  tbody > tr:nth-child(4) > td:nth-child(2)')元素
2019-02-27 20:00:54,526-BasePage-INFO-Had take screenshot and save to folder:/ screenshots
2019-02-27 20:00:54,526-BasePage-ERROR-
2019-02-27 20:00:54,562-BasePage-INFO-找到页面元素--('css selector', '#pollm_c_1 > p:nth-child(3) > input')
2019-02-27 20:00:54,593-BasePage-ERROR-
2019-02-27 20:00:55,488-BasePage-ERROR-<pageobjects.post.Post object at 0x00000000035C7B70>页面中找不到('css selector', '.pcht  tbody > tr:nth-child(6) > td:nth-child(2)')元素
