2019-02-26 21:02:55,857-BrowserEngine-INFO-You has select Chrome browser
2019-02-26 21:02:55,857-BrowserEngine-INFO-The test server url is:http://127.0.0.1/forum.php.
2019-02-26 21:02:58,966-BrowserEngine-INFO-Starting chrome brower
2019-02-26 21:03:00,815-BrowserEngine-INFO-Open url:http://127.0.0.1/forum.php.
2019-02-26 21:03:01,960-BrowserEngine-INFO-Maxizize the current window
2019-02-26 21:03:01,961-BrowserEngine-INFO-Set impicitly wait 10 seconds
2019-02-26 21:03:05,029-BasePage-INFO-找到页面元素--('name', 'username')
2019-02-26 21:03:05,153-BasePage-INFO-输入的内容admin
2019-02-26 21:03:05,182-BasePage-INFO-找到页面元素--('name', 'password')
2019-02-26 21:03:05,266-BasePage-INFO-输入的内容zx980504
2019-02-26 21:03:05,294-BasePage-INFO-找到页面元素--('css selector', '.fastlg_l .pn')
2019-02-26 21:03:05,365-BasePage-INFO-The element 登录 was click
2019-02-26 21:03:08,379-BasePage-INFO-Success switch to window
2019-02-26 21:03:08,443-BasePage-INFO-找到页面元素--('css selector', '.fl_tb tr td h2 a')
2019-02-26 21:03:09,273-BasePage-INFO-Failed to click the element with Message: stale element reference: element is not attached to the page document
  (Session info: chrome=72.0.3626.109)
  (Driver info: chromedriver=2.41.578737 (49da6702b16031c40d63e5618de03a32ff6c197e),platform=Windows NT 6.1.7601 SP1 x86_64)

2019-02-26 21:03:12,282-BasePage-INFO-Success switch to window
2019-02-26 21:03:12,331-BasePage-INFO-找到页面元素--('xpath', "//div[@id='pgt']/a")
2019-02-26 21:03:12,793-BasePage-INFO-Failed to click the element with Message: stale element reference: element is not attached to the page document
  (Session info: chrome=72.0.3626.109)
  (Driver info: chromedriver=2.41.578737 (49da6702b16031c40d63e5618de03a32ff6c197e),platform=Windows NT 6.1.7601 SP1 x86_64)

2019-02-26 21:03:15,801-BasePage-INFO-Success switch to window
2019-02-26 21:03:15,838-BasePage-INFO-找到页面元素--('name', 'subject')
2019-02-26 21:03:15,987-BasePage-INFO-输入的内容title
2019-02-26 21:03:15,987-BasePage-INFO-Failed into inframe
2019-02-26 21:03:16,020-BasePage-INFO-找到页面元素--('tag name', 'body')
2019-02-26 21:03:16,048-BasePage-ERROR-Failed to type in input box with Message: invalid element state: Element must be user-editable in order to clear it.
  (Session info: chrome=72.0.3626.109)
  (Driver info: chromedriver=2.41.578737 (49da6702b16031c40d63e5618de03a32ff6c197e),platform=Windows NT 6.1.7601 SP1 x86_64)

2019-02-26 21:03:16,082-BasePage-INFO-找到页面元素--('id', 'postsubmit')
2019-02-26 21:03:16,311-BasePage-INFO-The element 发表帖子 was click
2019-02-26 21:03:19,330-BasePage-INFO-Success switch to window
2019-02-26 21:03:29,840-BasePage-ERROR-<pageobjects.discuz_homepage.HomePage object at 0x0000000003596470>页面中找不到('id', 'post_reply')元素
2019-02-26 21:03:30,311-BasePage-INFO-Had take screenshot and save to folder:/ screenshots
2019-02-26 21:03:30,312-BasePage-INFO-Failed to click the element with 'NoneType' object has no attribute 'click'
2019-02-26 21:03:33,322-BasePage-INFO-Success switch to window
2019-02-26 21:03:37,945-BasePage-ERROR-<pageobjects.discuz_homepage.HomePage object at 0x0000000003596470>页面中找不到('id', 'postmessage')元素
