2019-02-28 10:03:36,490-BrowserEngine-INFO-You has select Chrome browser
2019-02-28 10:03:36,490-BrowserEngine-INFO-The test server url is:http://127.0.0.1/forum.php.
2019-02-28 10:03:39,743-BrowserEngine-INFO-Starting chrome brower
2019-02-28 10:03:41,375-BrowserEngine-INFO-Open url:http://127.0.0.1/forum.php.
2019-02-28 10:03:42,489-BrowserEngine-INFO-Maxizize the current window
2019-02-28 10:03:42,491-BrowserEngine-INFO-Set impicitly wait 10 seconds
2019-02-28 10:03:42,523-BasePage-INFO-找到页面元素--('name', 'username')
2019-02-28 10:03:42,616-BasePage-INFO-输入的内容admin
2019-02-28 10:03:42,652-BasePage-INFO-找到页面元素--('name', 'password')
2019-02-28 10:03:42,742-BasePage-INFO-输入的内容zx980504
2019-02-28 10:03:42,781-BasePage-INFO-找到页面元素--('css selector', '.fastlg_l .pn')
2019-02-28 10:03:42,849-BasePage-INFO-Success The element was click
2019-02-28 10:03:45,859-BasePage-INFO-Success switch to window
2019-02-28 10:03:45,909-BasePage-INFO-找到页面元素--('css selector', '.fl_tb tr td h2 a')
2019-02-28 10:03:46,200-BasePage-INFO-Success The element was click
2019-02-28 10:03:46,246-BasePage-INFO-找到页面元素--('name', 'moderate[]')
2019-02-28 10:03:46,344-BasePage-INFO-Success The element was click
2019-02-28 10:03:46,359-BasePage-INFO-Success switch to window
2019-02-28 10:03:46,400-BasePage-INFO-找到页面元素--('xpath', "//div[@id='mdly']/p/strong/a")
2019-02-28 10:03:46,570-BasePage-INFO-Success The element was click
2019-02-28 10:03:46,578-BasePage-INFO-Success switch to window
2019-02-28 10:03:46,611-BasePage-INFO-找到页面元素--('name', 'modsubmit')
2019-02-28 10:03:47,197-BasePage-INFO-Success The element was click
2019-02-28 10:03:47,254-BasePage-INFO-找到页面元素--('css selector', '#um > p:nth-child(2) > a:nth-child(16)')
2019-02-28 10:03:47,336-BasePage-INFO-Success The element was click
2019-02-28 10:03:58,962-BasePage-ERROR-<pageobjects.into_manage.Into_Manage object at 0x00000000035BCC88>页面中找不到('name', 'admin_password')元素
2019-02-28 10:03:59,244-BasePage-INFO-Had take screenshot and save to folder:/ screenshots
2019-02-28 10:03:59,244-BasePage-ERROR-Failed to type in input box with 'NoneType' object has no attribute 'clear'
2019-02-28 10:04:09,785-BasePage-ERROR-<pageobjects.into_manage.Into_Manage object at 0x00000000035BCC88>页面中找不到('name', 'submit')元素
2019-02-28 10:04:10,091-BasePage-INFO-Had take screenshot and save to folder:/ screenshots
2019-02-28 10:04:10,091-BasePage-ERROR-Failed to click the element with 'NoneType' object has no attribute 'click'
2019-02-28 10:04:10,094-BasePage-INFO-Success switch to window
2019-02-28 10:04:10,119-BasePage-INFO-找到页面元素--('id', 'header_forum')
2019-02-28 10:04:10,333-BasePage-INFO-Success The element was click
2019-02-28 10:04:10,360-BasePage-INFO-找到页面元素--('tag name', 'iframe')
2019-02-28 10:04:10,386-BasePage-INFO-Success into inframe
2019-02-28 10:04:10,410-BasePage-INFO-找到页面元素--('css selector', '.addtr')
2019-02-28 10:04:10,505-BasePage-INFO-Success The element was click
2019-02-28 10:04:10,534-BasePage-INFO-找到页面元素--('name', 'newforum[1][]')
2019-02-28 10:04:10,563-BasePage-INFO-Clear test is input box before typeing
2019-02-28 10:04:10,578-BasePage-INFO-找到页面元素--('name', 'newforum[1][]')
2019-02-28 10:04:10,638-BasePage-INFO-输入的内容fd
2019-02-28 10:04:10,665-BasePage-INFO-找到页面元素--('name', 'editsubmit')
2019-02-28 10:04:10,881-BasePage-INFO-Success The element was click
2019-02-28 10:04:10,903-BasePage-INFO-Closeing  on current page.
2019-02-28 10:04:13,980-BasePage-INFO-找到页面元素--('css selector', '#pt div >a:nth-child(5)')
2019-02-28 10:04:14,235-BasePage-INFO-Success The element was click
2019-02-28 10:04:14,239-BasePage-INFO-Success switch to window
2019-02-28 10:04:17,313-BasePage-INFO-找到页面元素--('link text', '退出')
2019-02-28 10:04:17,510-BasePage-INFO-Success The element was click
2019-02-28 10:04:19,710-BasePage-INFO-找到页面元素--('name', 'username')
2019-02-28 10:04:19,799-BasePage-INFO-输入的内容zhangxiong
2019-02-28 10:04:19,823-BasePage-INFO-找到页面元素--('name', 'password')
2019-02-28 10:04:19,898-BasePage-INFO-输入的内容zx980504
2019-02-28 10:04:19,926-BasePage-INFO-找到页面元素--('css selector', '.fastlg_l .pn')
2019-02-28 10:04:19,983-BasePage-INFO-Success The element was click
2019-02-28 10:04:22,993-BasePage-INFO-Success switch to window
2019-02-28 10:04:23,046-BasePage-INFO-找到页面元素--('css selector', '#category_1 > table tbody > tr:nth-child(2) > td:nth-child(2) > h2 > a')
2019-02-28 10:04:23,312-BasePage-INFO-Success The element was click
2019-02-28 10:04:23,386-BasePage-INFO-找到页面元素--('xpath', "//div[@id='pgt']/a")
2019-02-28 10:04:23,808-BasePage-INFO-Success The element was click
2019-02-28 10:04:26,818-BasePage-INFO-Success switch to window
2019-02-28 10:04:26,874-BasePage-INFO-找到页面元素--('name', 'subject')
2019-02-28 10:04:27,006-BasePage-INFO-输入的内容title
2019-02-28 10:04:27,033-BasePage-INFO-找到页面元素--('tag name', 'iframe')
2019-02-28 10:04:27,061-BasePage-INFO-Success into inframe
2019-02-28 10:04:27,092-BasePage-INFO-找到页面元素--('tag name', 'body')
2019-02-28 10:04:27,181-BasePage-INFO-输入的内容helloworld
2019-02-28 10:04:27,187-BasePage-INFO-Success switch to window
2019-02-28 10:04:27,211-BasePage-INFO-找到页面元素--('id', 'postsubmit')
2019-02-28 10:04:27,330-BasePage-INFO-Success The element was click
2019-02-28 10:04:30,334-BasePage-INFO-Success switch to window
2019-02-28 10:04:30,360-BasePage-INFO-找到页面元素--('id', 'post_reply')
2019-02-28 10:04:30,407-BasePage-INFO-Success The element was click
2019-02-28 10:04:33,414-BasePage-INFO-Success switch to window
2019-02-28 10:04:33,439-BasePage-INFO-找到页面元素--('id', 'postmessage')
2019-02-28 10:04:33,554-BasePage-INFO-输入的内容nice to meet you
2019-02-28 10:04:36,558-BasePage-INFO-Success switch to window
2019-02-28 10:04:36,582-BasePage-INFO-找到页面元素--('id', 'postsubmit')
2019-02-28 10:04:36,788-BasePage-INFO-Success The element was click
2019-02-28 10:04:39,815-BasePage-INFO-Success switch to window
2019-02-28 10:04:42,899-BasePage-INFO-找到页面元素--('link text', '退出')
2019-02-28 10:04:43,083-BasePage-INFO-Success The element was click
2019-02-28 10:04:43,084-BrowserEngine-INFO-Now,Close and quit the browser
