2019-02-28 19:32:50,460-BrowserEngine-INFO-You has select Chrome browser
2019-02-28 19:32:50,460-BrowserEngine-INFO-The test server url is:http://127.0.0.1/forum.php.
2019-02-28 19:32:53,677-BrowserEngine-INFO-Starting chrome brower
2019-02-28 19:32:55,480-BrowserEngine-INFO-Open url:http://127.0.0.1/forum.php.
2019-02-28 19:32:56,601-BrowserEngine-INFO-Maxizize the current window
2019-02-28 19:32:56,603-BrowserEngine-INFO-Set impicitly wait 10 seconds
2019-02-28 19:32:56,641-BasePage-INFO-找到页面元素--('name', 'username')
2019-02-28 19:32:56,757-BasePage-INFO-输入的内容admin
2019-02-28 19:32:56,791-BasePage-INFO-找到页面元素--('name', 'password')
2019-02-28 19:32:56,890-BasePage-INFO-输入的内容zx980504
2019-02-28 19:32:56,925-BasePage-INFO-找到页面元素--('css selector', '.fastlg_l .pn')
2019-02-28 19:32:56,984-BasePage-INFO-Success The element was click
2019-02-28 19:33:00,014-BasePage-INFO-找到页面元素--('css selector', '.vwmy')
2019-02-28 19:33:00,039-BasePage-INFO-找到的文本admin
2019-02-28 19:33:00,040-BasePage-ERROR-text is not equal with except_value'str' object has no attribute 'assertEqual'
2019-02-28 19:33:03,045-BasePage-INFO-Success switch to window
2019-02-28 19:33:03,073-BasePage-INFO-找到页面元素--('css selector', '.fl_tb tr td h2 a')
2019-02-28 19:33:03,492-BasePage-INFO-Success The element was click
2019-02-28 19:33:06,496-BasePage-INFO-Success switch to window
2019-02-28 19:33:09,496-BrowserEngine-INFO-Now,Close and quit the browser
