2019-02-27 15:19:04,862-BrowserEngine-INFO-You has select Chrome browser
2019-02-27 15:19:04,863-BrowserEngine-INFO-The test server url is:http://127.0.0.1/forum.php.
2019-02-27 15:19:07,673-BrowserEngine-INFO-Starting chrome brower
2019-02-27 15:19:09,728-BrowserEngine-INFO-Open url:http://127.0.0.1/forum.php.
2019-02-27 15:19:10,849-BrowserEngine-INFO-Maxizize the current window
2019-02-27 15:19:10,851-BrowserEngine-INFO-Set impicitly wait 10 seconds
2019-02-27 15:19:10,894-BasePage-INFO-找到页面元素--('name', 'username')
2019-02-27 15:19:11,019-BasePage-INFO-输入的内容admin
2019-02-27 15:19:11,063-BasePage-INFO-找到页面元素--('name', 'password')
2019-02-27 15:19:11,181-BasePage-INFO-输入的内容zx980504
2019-02-27 15:19:11,219-BasePage-INFO-找到页面元素--('css selector', '.fastlg_l .pn')
2019-02-27 15:19:11,297-BasePage-INFO-Success The element was click
2019-02-27 15:19:11,830-BasePage-INFO-找到页面元素--('css selector', '#um > p:nth-child(2) > a:nth-child(16)')
2019-02-27 15:19:11,978-BasePage-INFO-Success The element was click
2019-02-27 15:19:23,564-BasePage-ERROR-<pageobjects.into_manage.Into_Manage object at 0x00000000035C6EB8>页面中找不到('name', 'admin_password')元素
2019-02-27 15:19:23,860-BasePage-INFO-Had take screenshot and save to folder:/ screenshots
2019-02-27 15:19:23,860-BasePage-ERROR-Failed to type in input box with 'NoneType' object has no attribute 'clear'
2019-02-27 15:19:34,408-BasePage-ERROR-<pageobjects.into_manage.Into_Manage object at 0x00000000035C6EB8>页面中找不到('name', 'submit')元素
2019-02-27 15:19:34,743-BasePage-INFO-Had take screenshot and save to folder:/ screenshots
2019-02-27 15:19:34,743-BasePage-ERROR-Failed to click the element with 'NoneType' object has no attribute 'click'
2019-02-27 15:19:34,749-BasePage-INFO-Success switch to window
2019-02-27 15:19:34,781-BasePage-INFO-找到页面元素--('id', 'header_forum')
2019-02-27 15:19:35,030-BasePage-INFO-Success The element was click
2019-02-27 15:19:35,065-BasePage-INFO-找到页面元素--('tag name', 'iframe')
2019-02-27 15:19:35,102-BasePage-INFO-Success into inframe
2019-02-27 15:19:35,134-BasePage-INFO-找到页面元素--('css selector', '.addtr')
2019-02-27 15:19:35,253-BasePage-INFO-Success The element was click
2019-02-27 15:19:35,294-BasePage-INFO-找到页面元素--('name', 'newforum[1][]')
2019-02-27 15:19:35,327-BasePage-INFO-Clear test is input box before typeing
2019-02-27 15:19:35,350-BasePage-INFO-找到页面元素--('name', 'newforum[1][]')
2019-02-27 15:19:35,432-BasePage-INFO-输入的内容dh
2019-02-27 15:19:35,464-BasePage-INFO-找到页面元素--('name', 'editsubmit')
2019-02-27 15:19:35,720-BasePage-INFO-Success The element was click
2019-02-27 15:19:35,750-BasePage-INFO-Closeing  on current page.
2019-02-27 15:19:41,847-BasePage-INFO-找到页面元素--('link text', '退出')
2019-02-27 15:19:42,167-BasePage-INFO-Success The element was click
2019-02-27 15:19:44,393-BasePage-INFO-找到页面元素--('name', 'username')
2019-02-27 15:19:44,512-BasePage-INFO-输入的内容zhangxiong
2019-02-27 15:19:44,542-BasePage-INFO-找到页面元素--('name', 'password')
2019-02-27 15:19:44,640-BasePage-INFO-输入的内容zx980504
2019-02-27 15:19:44,672-BasePage-INFO-找到页面元素--('css selector', '.fastlg_l .pn')
2019-02-27 15:19:44,735-BasePage-INFO-Success The element was click
2019-02-27 15:19:47,746-BasePage-INFO-Success switch to window
2019-02-27 15:19:47,795-BasePage-INFO-找到页面元素--('css selector', '#category_1  table tbody > tr:nth-child(2) > td:nth-child(2)  h2 a')
2019-02-27 15:19:48,157-BasePage-INFO-Success The element was click
2019-02-27 15:19:51,174-BasePage-INFO-Success switch to window
2019-02-27 15:19:51,226-BasePage-INFO-找到页面元素--('xpath', "//div[@id='pgt']/a")
2019-02-27 15:19:51,610-BasePage-INFO-Success The element was click
2019-02-27 15:19:54,629-BasePage-INFO-Success switch to window
2019-02-27 15:19:54,673-BasePage-INFO-找到页面元素--('name', 'subject')
2019-02-27 15:19:54,839-BasePage-INFO-输入的内容title
2019-02-27 15:19:54,874-BasePage-INFO-找到页面元素--('tag name', 'iframe')
2019-02-27 15:19:54,908-BasePage-INFO-Success into inframe
2019-02-27 15:19:54,935-BasePage-INFO-找到页面元素--('tag name', 'body')
2019-02-27 15:19:55,029-BasePage-INFO-输入的内容hello
2019-02-27 15:19:55,034-BasePage-INFO-Success switch to window
2019-02-27 15:19:55,068-BasePage-INFO-找到页面元素--('id', 'postsubmit')
2019-02-27 15:19:55,204-BasePage-INFO-Success The element was click
2019-02-27 15:19:58,218-BasePage-INFO-Success switch to window
2019-02-27 15:20:02,614-BasePage-ERROR-<pageobjects.reply.Reply object at 0x0000000003592CC0>页面中找不到('id', 'post_reply')元素
