2019-02-27 21:08:58,727-BrowserEngine-INFO-You has select Chrome browser
2019-02-27 21:08:58,727-BrowserEngine-INFO-The test server url is:http://127.0.0.1/forum.php.
2019-02-27 21:09:01,596-BrowserEngine-INFO-Starting chrome brower
2019-02-27 21:09:03,965-BrowserEngine-INFO-Open url:http://127.0.0.1/forum.php.
2019-02-27 21:09:05,101-BrowserEngine-INFO-Maxizize the current window
2019-02-27 21:09:05,104-BrowserEngine-INFO-Set impicitly wait 10 seconds
2019-02-27 21:09:05,157-BasePage-INFO-找到页面元素--('name', 'username')
2019-02-27 21:09:05,400-BasePage-INFO-输入的内容admin
2019-02-27 21:09:05,448-BasePage-INFO-找到页面元素--('name', 'password')
2019-02-27 21:09:05,649-BasePage-INFO-输入的内容zx980504
2019-02-27 21:09:05,701-BasePage-INFO-找到页面元素--('css selector', '.fastlg_l .pn')
2019-02-27 21:09:05,793-BasePage-INFO-Success The element was click
2019-02-27 21:09:08,798-BasePage-INFO-Success switch to window
2019-02-27 21:09:08,836-BasePage-INFO-找到页面元素--('css selector', '.fl_tb tr td h2 a')
2019-02-27 21:09:09,304-BasePage-INFO-Success The element was click
2019-02-27 21:09:09,475-BasePage-INFO-找到页面元素--('name', 'moderate[]')
2019-02-27 21:09:09,540-BasePage-INFO-Success The element was click
2019-02-27 21:09:09,545-BasePage-INFO-Success switch to window
2019-02-27 21:09:09,606-BasePage-INFO-找到页面元素--('xpath', "//div[@id='mdly']/p/strong/a")
2019-02-27 21:09:09,839-BasePage-INFO-Success The element was click
2019-02-27 21:09:09,855-BasePage-INFO-Success switch to window
2019-02-27 21:09:09,900-BasePage-INFO-找到页面元素--('name', 'modsubmit')
2019-02-27 21:09:10,580-BasePage-INFO-Success The element was click
2019-02-27 21:09:10,739-BasePage-INFO-找到页面元素--('css selector', '#um > p:nth-child(2) > a:nth-child(16)')
2019-02-27 21:09:10,908-BasePage-INFO-Success The element was click
2019-02-27 21:09:22,514-BasePage-ERROR-<pageobjects.into_manage.Into_Manage object at 0x00000000035CE2B0>页面中找不到('name', 'admin_password')元素
2019-02-27 21:09:22,848-BasePage-INFO-Had take screenshot and save to folder:/ screenshots
2019-02-27 21:09:22,848-BasePage-ERROR-Failed to type in input box with 'NoneType' object has no attribute 'clear'
2019-02-27 21:09:33,375-BasePage-ERROR-<pageobjects.into_manage.Into_Manage object at 0x00000000035CE2B0>页面中找不到('name', 'submit')元素
2019-02-27 21:09:33,744-BasePage-INFO-Had take screenshot and save to folder:/ screenshots
2019-02-27 21:09:33,744-BasePage-ERROR-Failed to click the element with 'NoneType' object has no attribute 'click'
2019-02-27 21:09:33,750-BasePage-INFO-Success switch to window
2019-02-27 21:09:33,793-BasePage-INFO-找到页面元素--('id', 'header_forum')
2019-02-27 21:09:34,087-BasePage-INFO-Success The element was click
2019-02-27 21:09:34,122-BasePage-INFO-找到页面元素--('tag name', 'iframe')
2019-02-27 21:09:34,160-BasePage-INFO-Success into inframe
2019-02-27 21:09:34,192-BasePage-INFO-找到页面元素--('css selector', '.addtr')
2019-02-27 21:09:34,308-BasePage-INFO-Success The element was click
2019-02-27 21:09:34,351-BasePage-INFO-找到页面元素--('name', 'newforum[1][]')
2019-02-27 21:09:34,395-BasePage-INFO-Clear test is input box before typeing
2019-02-27 21:09:34,433-BasePage-INFO-找到页面元素--('name', 'newforum[1][]')
2019-02-27 21:09:34,510-BasePage-INFO-输入的内容dh
2019-02-27 21:09:34,544-BasePage-INFO-找到页面元素--('name', 'editsubmit')
2019-02-27 21:09:34,827-BasePage-INFO-Success The element was click
2019-02-27 21:09:34,873-BasePage-INFO-Closeing  on current page.
2019-02-27 21:09:40,999-BasePage-INFO-找到页面元素--('link text', '退出')
2019-02-27 21:09:41,236-BasePage-INFO-Success The element was click
2019-02-27 21:09:43,540-BasePage-INFO-找到页面元素--('name', 'username')
2019-02-27 21:09:43,674-BasePage-INFO-输入的内容zhangxiong
2019-02-27 21:09:43,711-BasePage-INFO-找到页面元素--('name', 'password')
2019-02-27 21:09:43,817-BasePage-INFO-输入的内容zx980504
2019-02-27 21:09:43,848-BasePage-INFO-找到页面元素--('css selector', '.fastlg_l .pn')
2019-02-27 21:09:43,919-BasePage-INFO-Success The element was click
2019-02-27 21:09:46,936-BasePage-INFO-Success switch to window
2019-02-27 21:09:57,491-BasePage-ERROR-<pageobjects.post.Post object at 0x00000000035DBE80>页面中找不到('css selector', '#category_1  table tbody > tr:nth-child(2) > td:nth-child(2) > h2 > a')元素
2019-02-27 21:09:57,869-BasePage-INFO-Had take screenshot and save to folder:/ screenshots
2019-02-27 21:09:57,869-BasePage-ERROR-Failed to click the element with 'NoneType' object has no attribute 'click'
2019-02-27 21:10:00,889-BasePage-INFO-Success switch to window
2019-02-27 21:10:00,949-BasePage-INFO-找到页面元素--('xpath', "//div[@id='pgt']/a")
2019-02-27 21:10:01,333-BasePage-INFO-Success The element was click
2019-02-27 21:10:04,349-BasePage-INFO-Success switch to window
2019-02-27 21:10:04,436-BasePage-INFO-找到页面元素--('name', 'subject')
2019-02-27 21:10:04,606-BasePage-INFO-输入的内容title
2019-02-27 21:10:04,639-BasePage-INFO-找到页面元素--('tag name', 'iframe')
2019-02-27 21:10:04,683-BasePage-INFO-Success into inframe
2019-02-27 21:10:04,714-BasePage-INFO-找到页面元素--('tag name', 'body')
2019-02-27 21:10:04,848-BasePage-INFO-输入的内容helloworld
2019-02-27 21:10:04,854-BasePage-INFO-Success switch to window
2019-02-27 21:10:04,888-BasePage-INFO-找到页面元素--('id', 'postsubmit')
2019-02-27 21:10:05,022-BasePage-INFO-Success The element was click
2019-02-27 21:10:08,052-BasePage-INFO-Success switch to window
2019-02-27 21:10:08,147-BasePage-INFO-找到页面元素--('id', 'post_reply')
2019-02-27 21:10:08,263-BasePage-INFO-Success The element was click
2019-02-27 21:10:13,300-BasePage-ERROR-Failed Switch to windowMessage: chrome not reachable
  (Session info: chrome=72.0.3626.109)
  (Driver info: chromedriver=2.41.578737 (49da6702b16031c40d63e5618de03a32ff6c197e),platform=Windows NT 6.1.7601 SP1 x86_64)
 
2019-02-27 21:10:19,321-BasePage-ERROR-<pageobjects.reply.Reply object at 0x00000000035CE1D0>页面中找不到('id', 'postmessage')元素
