2019-02-27 14:45:58,950-BrowserEngine-INFO-You has select Chrome browser
2019-02-27 14:45:58,951-BrowserEngine-INFO-The test server url is:http://127.0.0.1/forum.php.
2019-02-27 14:46:04,932-BrowserEngine-INFO-Starting chrome brower
2019-02-27 14:46:06,637-BrowserEngine-INFO-Open url:http://127.0.0.1/forum.php.
2019-02-27 14:46:07,766-BrowserEngine-INFO-Maxizize the current window
2019-02-27 14:46:07,768-BrowserEngine-INFO-Set impicitly wait 10 seconds
2019-02-27 14:46:07,838-BasePage-INFO-找到页面元素--('name', 'username')
2019-02-27 14:46:07,964-BasePage-INFO-输入的内容admin
2019-02-27 14:46:07,998-BasePage-INFO-找到页面元素--('name', 'password')
2019-02-27 14:46:08,089-BasePage-INFO-输入的内容zx980504
2019-02-27 14:46:08,118-BasePage-INFO-找到页面元素--('css selector', '.fastlg_l .pn')
2019-02-27 14:46:08,173-BasePage-INFO-Success The element was click
2019-02-27 14:46:08,667-BasePage-INFO-找到页面元素--('css selector', '#um > p:nth-child(2) > a:nth-child(16)')
2019-02-27 14:46:08,799-BasePage-INFO-Success The element was click
2019-02-27 14:46:20,345-BasePage-ERROR-<pageobjects.into_manage.Into_Manage object at 0x00000000035B8D68>页面中找不到('name', 'admin_password')元素
2019-02-27 14:46:20,660-BasePage-INFO-Had take screenshot and save to folder:/ screenshots
2019-02-27 14:46:20,660-BasePage-ERROR-Failed to type in input box with 'NoneType' object has no attribute 'clear'
2019-02-27 14:46:31,191-BasePage-ERROR-<pageobjects.into_manage.Into_Manage object at 0x00000000035B8D68>页面中找不到('name', 'submit')元素
2019-02-27 14:46:31,504-BasePage-INFO-Had take screenshot and save to folder:/ screenshots
2019-02-27 14:46:31,505-BasePage-ERROR-Failed to click the element with 'NoneType' object has no attribute 'click'
2019-02-27 14:46:31,510-BasePage-INFO-Success switch to window
2019-02-27 14:46:31,541-BasePage-INFO-找到页面元素--('id', 'header_forum')
2019-02-27 14:46:31,794-BasePage-INFO-Success The element was click
2019-02-27 14:46:31,825-BasePage-INFO-找到页面元素--('tag name', 'iframe')
2019-02-27 14:46:31,858-BasePage-INFO-Success into inframe
2019-02-27 14:46:31,888-BasePage-INFO-找到页面元素--('css selector', '.addtr')
2019-02-27 14:46:32,001-BasePage-INFO-Success The element was click
2019-02-27 14:46:32,043-BasePage-INFO-找到页面元素--('name', 'newforum[1][]')
2019-02-27 14:46:32,079-BasePage-INFO-Clear test is input box before typeing
2019-02-27 14:46:32,112-BasePage-INFO-找到页面元素--('name', 'newforum[1][]')
2019-02-27 14:46:32,172-BasePage-INFO-输入的内容zx
2019-02-27 14:46:32,203-BasePage-INFO-找到页面元素--('name', 'editsubmit')
2019-02-27 14:46:32,447-BasePage-INFO-Success The element was click
2019-02-27 14:46:32,470-BasePage-INFO-Closeing  on current page.
2019-02-27 14:46:38,532-BasePage-INFO-找到页面元素--('link text', '退出')
2019-02-27 14:46:38,765-BasePage-INFO-Success The element was click
2019-02-27 14:46:40,995-BasePage-INFO-找到页面元素--('name', 'username')
2019-02-27 14:46:41,108-BasePage-INFO-输入的内容zhangxiong
2019-02-27 14:46:41,140-BasePage-INFO-找到页面元素--('name', 'password')
2019-02-27 14:46:41,230-BasePage-INFO-输入的内容zx980504
2019-02-27 14:46:41,259-BasePage-INFO-找到页面元素--('css selector', '.fastlg_l .pn')
2019-02-27 14:46:41,312-BasePage-INFO-Success The element was click
2019-02-27 14:46:41,312-BrowserEngine-INFO-Now,Close and quit the browser
