2019-02-27 19:57:24,020-BrowserEngine-INFO-You has select Chrome browser
2019-02-27 19:57:24,020-BrowserEngine-INFO-The test server url is:http://127.0.0.1/forum.php.
2019-02-27 19:57:27,435-BrowserEngine-INFO-Starting chrome brower
2019-02-27 19:57:29,404-BrowserEngine-INFO-Open url:http://127.0.0.1/forum.php.
2019-02-27 19:57:30,565-BrowserEngine-INFO-Maxizize the current window
2019-02-27 19:57:30,566-BrowserEngine-INFO-Set impicitly wait 10 seconds
2019-02-27 19:57:30,639-BasePage-INFO-找到页面元素--('name', 'username')
2019-02-27 19:57:30,765-BasePage-INFO-输入的内容admin
2019-02-27 19:57:30,796-BasePage-INFO-找到页面元素--('name', 'password')
2019-02-27 19:57:30,898-BasePage-INFO-输入的内容zx980504
2019-02-27 19:57:30,933-BasePage-INFO-找到页面元素--('css selector', '.fastlg_l .pn')
2019-02-27 19:57:30,993-BasePage-INFO-Success The element was click
2019-02-27 19:57:34,008-BasePage-INFO-Success switch to window
2019-02-27 19:57:34,063-BasePage-INFO-找到页面元素--('css selector', '.fl_tb tr td h2 a')
2019-02-27 19:57:34,421-BasePage-INFO-Success The element was click
2019-02-27 19:57:34,466-BasePage-INFO-找到页面元素--('xpath', "//div[@id='pgt']/a")
2019-02-27 19:57:34,567-BasePage-INFO-Success find float 
2019-02-27 19:57:34,597-BasePage-INFO-找到页面元素--('css selector', '.poll a')
2019-02-27 19:57:35,196-BasePage-INFO-Success The element was click
2019-02-27 19:57:35,229-BasePage-INFO-Success switch to window
2019-02-27 19:57:38,264-BasePage-INFO-找到页面元素--('id', 'subject')
2019-02-27 19:57:38,530-BasePage-INFO-输入的内容最喜欢吃什么？
2019-02-27 19:57:38,573-BasePage-INFO-找到页面元素--('css selector', '#pollm_c_1 > p:nth-child(1) > input')
2019-02-27 19:57:38,708-BasePage-INFO-输入的内容苹果
2019-02-27 19:57:38,745-BasePage-INFO-找到页面元素--('css selector', '#pollm_c_1 > p:nth-child(2) > input')
2019-02-27 19:57:38,835-BasePage-INFO-输入的内容香蕉
2019-02-27 19:57:38,872-BasePage-INFO-找到页面元素--('css selector', '#pollm_c_1 > p:nth-child(3) > input')
2019-02-27 19:57:38,963-BasePage-INFO-输入的内容橘子
2019-02-27 19:57:38,996-BasePage-INFO-找到页面元素--('id', 'postsubmit')
2019-02-27 19:57:39,132-BasePage-INFO-Success The element was click
2019-02-27 19:57:39,137-BasePage-INFO-Success switch to window
2019-02-27 19:57:40,310-BasePage-INFO-找到页面元素--('css selector', '#option_1')
2019-02-27 19:57:40,386-BasePage-INFO-Success The element was click
2019-02-27 19:57:40,417-BasePage-INFO-找到页面元素--('css selector', '#pollsubmit')
2019-02-27 19:57:41,173-BasePage-INFO-Success The element was click
2019-02-27 19:57:51,702-BasePage-ERROR-<pageobjects.post.Post object at 0x00000000035C7B70>页面中找不到('id', 'subject')元素
2019-02-27 19:57:52,019-BasePage-INFO-Had take screenshot and save to folder:/ screenshots
2019-02-27 19:57:52,019-BasePage-ERROR-
2019-02-27 19:58:02,556-BasePage-ERROR-<pageobjects.post.Post object at 0x00000000035C7B70>页面中找不到('css selector', '#pollm_c_1 > p:nth-child(1) > input')元素
2019-02-27 19:58:03,023-BasePage-INFO-Had take screenshot and save to folder:/ screenshots
2019-02-27 19:58:03,023-BasePage-ERROR-
2019-02-27 19:58:03,079-BasePage-INFO-找到页面元素--('css selector', '.pcht  tbody > tr:nth-child(2) > td:nth-child(2)')
2019-02-27 19:58:03,110-BasePage-ERROR-
2019-02-27 19:58:13,625-BasePage-ERROR-<pageobjects.post.Post object at 0x00000000035C7B70>页面中找不到('css selector', '#pollm_c_1 > p:nth-child(2) > input')元素
2019-02-27 19:58:14,127-BasePage-INFO-Had take screenshot and save to folder:/ screenshots
2019-02-27 19:58:14,127-BasePage-ERROR-
2019-02-27 19:58:14,159-BasePage-INFO-找到页面元素--('css selector', '.pcht  tbody > tr:nth-child(4) > td:nth-child(2)')
2019-02-27 19:58:14,193-BasePage-ERROR-
2019-02-27 19:58:24,702-BasePage-ERROR-<pageobjects.post.Post object at 0x00000000035C7B70>页面中找不到('css selector', '#pollm_c_1 > p:nth-child(3) > input')元素
2019-02-27 19:58:25,168-BasePage-INFO-Had take screenshot and save to folder:/ screenshots
2019-02-27 19:58:25,169-BasePage-ERROR-
2019-02-27 19:58:25,199-BasePage-INFO-找到页面元素--('css selector', '.pcht  tbody > tr:nth-child(6) > td:nth-child(2)')
2019-02-27 19:58:25,229-BasePage-ERROR-
2019-02-27 19:58:28,316-BasePage-INFO-找到页面元素--('link text', '退出')
2019-02-27 19:58:33,565-BasePage-INFO-Success The element was click
2019-02-27 19:58:33,566-BrowserEngine-INFO-Now,Close and quit the browser
