2019-02-27 09:27:34,584-BrowserEngine-INFO-You has select Chrome browser
2019-02-27 09:27:34,584-BrowserEngine-INFO-The test server url is:http://127.0.0.1/forum.php.
2019-02-27 09:27:37,264-BrowserEngine-INFO-Starting chrome brower
2019-02-27 09:27:39,134-BrowserEngine-INFO-Open url:http://127.0.0.1/forum.php.
2019-02-27 09:27:40,277-BrowserEngine-INFO-Maxizize the current window
2019-02-27 09:27:40,281-BrowserEngine-INFO-Set impicitly wait 10 seconds
2019-02-27 09:27:43,327-BasePage-INFO-找到页面元素--('name', 'username')
2019-02-27 09:27:43,452-BasePage-INFO-输入的内容admin
2019-02-27 09:27:43,482-BasePage-INFO-找到页面元素--('name', 'password')
2019-02-27 09:27:43,566-BasePage-INFO-输入的内容zx980504
2019-02-27 09:27:43,596-BasePage-INFO-找到页面元素--('css selector', '.fastlg_l .pn')
2019-02-27 09:27:43,669-BasePage-INFO-The element 登录 was click
2019-02-27 09:27:46,674-BasePage-INFO-Success switch to window
2019-02-27 09:27:46,706-BasePage-INFO-找到页面元素--('css selector', '.fl_tb tr td h2 a')
2019-02-27 09:27:47,676-BasePage-INFO-Failed to click the element with Message: stale element reference: element is not attached to the page document
  (Session info: chrome=72.0.3626.109)
  (Driver info: chromedriver=2.41.578737 (49da6702b16031c40d63e5618de03a32ff6c197e),platform=Windows NT 6.1.7601 SP1 x86_64)

2019-02-27 09:27:50,687-BasePage-INFO-Success switch to window
2019-02-27 09:27:50,744-BasePage-INFO-找到页面元素--('xpath', "//div[@id='pgt']/a")
2019-02-27 09:27:51,171-BasePage-INFO-Failed to click the element with Message: stale element reference: element is not attached to the page document
  (Session info: chrome=72.0.3626.109)
  (Driver info: chromedriver=2.41.578737 (49da6702b16031c40d63e5618de03a32ff6c197e),platform=Windows NT 6.1.7601 SP1 x86_64)

2019-02-27 09:27:54,182-BasePage-INFO-Success switch to window
2019-02-27 09:27:54,247-BasePage-INFO-找到页面元素--('name', 'subject')
2019-02-27 09:27:54,360-BasePage-INFO-输入的内容title
2019-02-27 09:27:54,393-BasePage-INFO-找到页面元素--('tag name', 'iframe')
2019-02-27 09:27:54,427-BasePage-INFO-Success into inframe
2019-02-27 09:27:54,451-BasePage-INFO-找到页面元素--('tag name', 'body')
2019-02-27 09:27:54,538-BasePage-INFO-输入的内容hello
2019-02-27 09:27:54,542-BasePage-INFO-Success switch to window
2019-02-27 09:27:54,573-BasePage-INFO-找到页面元素--('id', 'postsubmit')
2019-02-27 09:27:54,707-BasePage-INFO-The element 发表帖子 was click
2019-02-27 09:27:57,723-BasePage-INFO-Success switch to window
2019-02-27 09:27:57,767-BasePage-INFO-找到页面元素--('id', 'post_reply')
2019-02-27 09:27:57,848-BasePage-INFO-The element  was click
2019-02-27 09:28:00,860-BasePage-INFO-Success switch to window
2019-02-27 09:28:00,909-BasePage-INFO-找到页面元素--('id', 'postmessage')
2019-02-27 09:28:00,991-BasePage-INFO-输入的内容hello
2019-02-27 09:28:04,024-BasePage-INFO-Success switch to window
2019-02-27 09:28:04,056-BasePage-INFO-找到页面元素--('id', 'postsubmit')
2019-02-27 09:28:04,439-BasePage-INFO-Failed to click the element with Message: stale element reference: element is not attached to the page document
  (Session info: chrome=72.0.3626.109)
  (Driver info: chromedriver=2.41.578737 (49da6702b16031c40d63e5618de03a32ff6c197e),platform=Windows NT 6.1.7601 SP1 x86_64)

2019-02-27 09:28:07,448-BasePage-INFO-Success switch to window
2019-02-27 09:28:07,523-BasePage-INFO-找到页面元素--('link text', '退出')
2019-02-27 09:28:07,807-BasePage-INFO-Failed to click the element with Message: stale element reference: element is not attached to the page document
  (Session info: chrome=72.0.3626.109)
  (Driver info: chromedriver=2.41.578737 (49da6702b16031c40d63e5618de03a32ff6c197e),platform=Windows NT 6.1.7601 SP1 x86_64)

2019-02-27 09:28:07,807-BrowserEngine-INFO-Now,Close and quit the browser
