2019-02-27 09:38:39,618-BrowserEngine-INFO-You has select Chrome browser
2019-02-27 09:38:39,619-BrowserEngine-INFO-The test server url is:http://127.0.0.1/forum.php.
2019-02-27 09:38:42,147-BrowserEngine-INFO-Starting chrome brower
2019-02-27 09:38:43,892-BrowserEngine-INFO-Open url:http://127.0.0.1/forum.php.
2019-02-27 09:38:45,041-BrowserEngine-INFO-Maxizize the current window
2019-02-27 09:38:45,042-BrowserEngine-INFO-Set impicitly wait 10 seconds
2019-02-27 09:38:48,078-BasePage-INFO-找到页面元素--('name', 'username')
2019-02-27 09:38:48,204-BasePage-INFO-输入的内容admin
2019-02-27 09:38:48,236-BasePage-INFO-找到页面元素--('name', 'password')
2019-02-27 09:38:48,329-BasePage-INFO-输入的内容zx980504
2019-02-27 09:38:48,360-BasePage-INFO-找到页面元素--('css selector', '.fastlg_l .pn')
2019-02-27 09:38:48,425-BasePage-INFO-The element <selenium.webdriver.remote.webelement.WebElement (session="6bd4e957669659e94fdf01c5a3a067f1", element="0.4788968631421948-3")> was click
2019-02-27 09:38:51,429-BasePage-INFO-Success switch to window
2019-02-27 09:38:51,459-BasePage-INFO-找到页面元素--('css selector', '.fl_tb tr td h2 a')
2019-02-27 09:38:51,871-BasePage-INFO-The element <selenium.webdriver.remote.webelement.WebElement (session="6bd4e957669659e94fdf01c5a3a067f1", element="0.10556773141141784-1")> was click
2019-02-27 09:38:54,875-BasePage-INFO-Success switch to window
2019-02-27 09:38:54,904-BasePage-INFO-找到页面元素--('xpath', "//div[@id='pgt']/a")
2019-02-27 09:38:55,374-BasePage-INFO-The element <selenium.webdriver.remote.webelement.WebElement (session="6bd4e957669659e94fdf01c5a3a067f1", element="0.5514366345357695-1")> was click
2019-02-27 09:38:58,382-BasePage-INFO-Success switch to window
2019-02-27 09:38:58,428-BasePage-INFO-找到页面元素--('name', 'subject')
2019-02-27 09:38:58,533-BasePage-INFO-输入的内容title
2019-02-27 09:38:58,561-BasePage-INFO-找到页面元素--('tag name', 'iframe')
2019-02-27 09:38:58,599-BasePage-INFO-Success into inframe
2019-02-27 09:38:58,625-BasePage-INFO-找到页面元素--('tag name', 'body')
2019-02-27 09:38:58,716-BasePage-INFO-输入的内容hello
2019-02-27 09:38:58,725-BasePage-INFO-Success switch to window
2019-02-27 09:38:58,764-BasePage-INFO-找到页面元素--('id', 'postsubmit')
2019-02-27 09:38:58,877-BasePage-INFO-The element <selenium.webdriver.remote.webelement.WebElement (session="6bd4e957669659e94fdf01c5a3a067f1", element="0.0986237434959436-3")> was click
2019-02-27 09:39:01,881-BasePage-INFO-Success switch to window
2019-02-27 09:39:01,917-BasePage-INFO-找到页面元素--('id', 'post_reply')
2019-02-27 09:39:01,975-BasePage-INFO-The element <selenium.webdriver.remote.webelement.WebElement (session="6bd4e957669659e94fdf01c5a3a067f1", element="0.8595432483298269-1")> was click
2019-02-27 09:39:04,980-BasePage-INFO-Success switch to window
2019-02-27 09:39:05,007-BasePage-INFO-找到页面元素--('id', 'postmessage')
2019-02-27 09:39:05,086-BasePage-INFO-输入的内容hello
2019-02-27 09:39:08,090-BasePage-INFO-Success switch to window
2019-02-27 09:39:08,114-BasePage-INFO-找到页面元素--('id', 'postsubmit')
2019-02-27 09:39:08,393-BasePage-INFO-The element <selenium.webdriver.remote.webelement.WebElement (session="6bd4e957669659e94fdf01c5a3a067f1", element="0.8595432483298269-3")> was click
2019-02-27 09:39:11,398-BasePage-INFO-Success switch to window
2019-02-27 09:39:11,466-BasePage-INFO-找到页面元素--('link text', '退出')
2019-02-27 09:39:11,673-BasePage-INFO-The element <selenium.webdriver.remote.webelement.WebElement (session="6bd4e957669659e94fdf01c5a3a067f1", element="0.8595432483298269-4")> was click
2019-02-27 09:39:11,673-BrowserEngine-INFO-Now,Close and quit the browser
