2019-02-27 15:17:01,312-BrowserEngine-INFO-You has select Chrome browser
2019-02-27 15:17:01,312-BrowserEngine-INFO-The test server url is:http://127.0.0.1/forum.php.
2019-02-27 15:17:04,130-BrowserEngine-INFO-Starting chrome brower
2019-02-27 15:17:05,714-BrowserEngine-INFO-Open url:http://127.0.0.1/forum.php.
2019-02-27 15:17:06,876-BrowserEngine-INFO-Maxizize the current window
2019-02-27 15:17:06,878-BrowserEngine-INFO-Set impicitly wait 10 seconds
2019-02-27 15:17:06,920-BasePage-INFO-找到页面元素--('name', 'username')
2019-02-27 15:17:07,068-BasePage-INFO-输入的内容admin
2019-02-27 15:17:07,109-BasePage-INFO-找到页面元素--('name', 'password')
2019-02-27 15:17:07,233-BasePage-INFO-输入的内容zx980504
2019-02-27 15:17:07,266-BasePage-INFO-找到页面元素--('css selector', '.fastlg_l .pn')
2019-02-27 15:17:07,334-BasePage-INFO-Success The element was click
2019-02-27 15:17:10,340-BasePage-INFO-Success switch to window
2019-02-27 15:17:10,375-BasePage-INFO-找到页面元素--('css selector', '.fl_tb tr td h2 a')
2019-02-27 15:17:10,803-BasePage-INFO-Success The element was click
2019-02-27 15:17:13,809-BasePage-INFO-Success switch to window
2019-02-27 15:17:13,848-BasePage-INFO-找到页面元素--('xpath', "//div[@id='pgt']/a")
2019-02-27 15:17:14,322-BasePage-INFO-Success The element was click
2019-02-27 15:17:17,334-BasePage-INFO-Success switch to window
2019-02-27 15:17:17,382-BasePage-INFO-找到页面元素--('name', 'subject')
2019-02-27 15:17:17,572-BasePage-INFO-输入的内容title
2019-02-27 15:17:17,604-BasePage-INFO-找到页面元素--('tag name', 'iframe')
2019-02-27 15:17:17,642-BasePage-INFO-Success into inframe
2019-02-27 15:17:17,675-BasePage-INFO-找到页面元素--('tag name', 'body')
2019-02-27 15:17:17,794-BasePage-INFO-输入的内容hello
2019-02-27 15:17:17,800-BasePage-INFO-Success switch to window
2019-02-27 15:17:17,833-BasePage-INFO-找到页面元素--('id', 'postsubmit')
2019-02-27 15:17:17,968-BasePage-INFO-Success The element was click
2019-02-27 15:17:20,978-BasePage-INFO-Success switch to window
2019-02-27 15:17:21,033-BasePage-INFO-找到页面元素--('id', 'post_reply')
2019-02-27 15:17:21,093-BasePage-INFO-Success The element was click
2019-02-27 15:17:24,111-BasePage-INFO-Success switch to window
2019-02-27 15:17:24,163-BasePage-INFO-找到页面元素--('id', 'postmessage')
2019-02-27 15:17:24,259-BasePage-INFO-输入的内容hello
2019-02-27 15:17:27,271-BasePage-INFO-Success switch to window
2019-02-27 15:17:27,317-BasePage-INFO-找到页面元素--('id', 'postsubmit')
2019-02-27 15:17:27,594-BasePage-INFO-Success The element was click
2019-02-27 15:17:30,607-BasePage-INFO-Success switch to window
2019-02-27 15:17:33,677-BasePage-INFO-找到页面元素--('link text', '退出')
2019-02-27 15:17:33,928-BasePage-INFO-Success The element was click
2019-02-27 15:17:33,928-BrowserEngine-INFO-Now,Close and quit the browser
2019-02-27 15:17:52,492-BrowserEngine-INFO-You has select Chrome browser
2019-02-27 15:17:52,492-BrowserEngine-INFO-The test server url is:http://127.0.0.1/forum.php.
2019-02-27 15:17:55,330-BrowserEngine-INFO-Starting chrome brower
2019-02-27 15:17:56,865-BrowserEngine-INFO-Open url:http://127.0.0.1/forum.php.
2019-02-27 15:17:58,027-BrowserEngine-INFO-Maxizize the current window
2019-02-27 15:17:58,028-BrowserEngine-INFO-Set impicitly wait 10 seconds
2019-02-27 15:17:58,062-BasePage-INFO-找到页面元素--('name', 'username')
2019-02-27 15:17:58,178-BasePage-INFO-输入的内容admin
2019-02-27 15:17:58,212-BasePage-INFO-找到页面元素--('name', 'password')
2019-02-27 15:17:58,313-BasePage-INFO-输入的内容zx980504
2019-02-27 15:17:58,346-BasePage-INFO-找到页面元素--('css selector', '.fastlg_l .pn')
2019-02-27 15:17:58,406-BasePage-INFO-Success The element was click
2019-02-27 15:17:59,156-BasePage-INFO-找到页面元素--('css selector', '#um > p:nth-child(2) > a:nth-child(16)')
2019-02-27 15:17:59,291-BasePage-INFO-Success The element was click
2019-02-27 15:18:10,911-BasePage-ERROR-<pageobjects.into_manage.Into_Manage object at 0x00000000035D7E80>页面中找不到('name', 'admin_password')元素
2019-02-27 15:18:11,234-BasePage-INFO-Had take screenshot and save to folder:/ screenshots
2019-02-27 15:18:11,235-BasePage-ERROR-Failed to type in input box with 'NoneType' object has no attribute 'clear'
2019-02-27 15:18:21,771-BasePage-ERROR-<pageobjects.into_manage.Into_Manage object at 0x00000000035D7E80>页面中找不到('name', 'submit')元素
2019-02-27 15:18:22,054-BasePage-INFO-Had take screenshot and save to folder:/ screenshots
2019-02-27 15:18:22,054-BasePage-ERROR-Failed to click the element with 'NoneType' object has no attribute 'click'
2019-02-27 15:18:22,059-BasePage-INFO-Success switch to window
2019-02-27 15:18:22,090-BasePage-INFO-找到页面元素--('id', 'header_forum')
2019-02-27 15:18:22,348-BasePage-INFO-Success The element was click
2019-02-27 15:18:22,382-BasePage-INFO-找到页面元素--('tag name', 'iframe')
2019-02-27 15:18:22,417-BasePage-INFO-Success into inframe
2019-02-27 15:18:22,446-BasePage-INFO-找到页面元素--('css selector', '.addtr')
2019-02-27 15:18:22,551-BasePage-INFO-Success The element was click
2019-02-27 15:18:22,589-BasePage-INFO-找到页面元素--('name', 'newforum[1][]')
2019-02-27 15:18:22,620-BasePage-INFO-Clear test is input box before typeing
2019-02-27 15:18:22,639-BasePage-INFO-找到页面元素--('name', 'newforum[1][]')
2019-02-27 15:18:22,713-BasePage-INFO-输入的内容dh
2019-02-27 15:18:22,742-BasePage-INFO-找到页面元素--('name', 'editsubmit')
2019-02-27 15:18:22,982-BasePage-INFO-Success The element was click
2019-02-27 15:18:23,012-BasePage-INFO-Closeing  on current page.
2019-02-27 15:18:29,114-BasePage-INFO-找到页面元素--('link text', '退出')
2019-02-27 15:18:29,359-BasePage-INFO-Success The element was click
2019-02-27 15:18:31,600-BasePage-INFO-找到页面元素--('name', 'username')
2019-02-27 15:18:31,721-BasePage-INFO-输入的内容zhangxiong
2019-02-27 15:18:31,749-BasePage-INFO-找到页面元素--('name', 'password')
2019-02-27 15:18:31,837-BasePage-INFO-输入的内容zx980504
2019-02-27 15:18:31,866-BasePage-INFO-找到页面元素--('css selector', '.fastlg_l .pn')
2019-02-27 15:18:31,919-BasePage-INFO-Success The element was click
2019-02-27 15:18:34,933-BasePage-INFO-Success switch to window
2019-02-27 15:18:34,985-BasePage-INFO-找到页面元素--('css selector', '#category_1  table tbody > tr:nth-child(2) > td:nth-child(2)  h2 a')
2019-02-27 15:18:35,319-BasePage-INFO-Success The element was click
2019-02-27 15:18:38,341-BasePage-INFO-Success switch to window
2019-02-27 15:18:38,389-BasePage-INFO-找到页面元素--('xpath', "//div[@id='pgt']/a")
2019-02-27 15:18:38,782-BasePage-INFO-Success The element was click
2019-02-27 15:18:41,792-BasePage-INFO-Success switch to window
2019-02-27 15:18:41,843-BasePage-INFO-找到页面元素--('name', 'subject')
2019-02-27 15:18:41,995-BasePage-INFO-输入的内容title
2019-02-27 15:18:42,026-BasePage-INFO-找到页面元素--('tag name', 'iframe')
2019-02-27 15:18:42,060-BasePage-INFO-Success into inframe
2019-02-27 15:18:42,086-BasePage-INFO-找到页面元素--('tag name', 'body')
2019-02-27 15:18:42,183-BasePage-INFO-输入的内容hello
2019-02-27 15:18:42,188-BasePage-INFO-Success switch to window
2019-02-27 15:18:42,226-BasePage-INFO-找到页面元素--('id', 'postsubmit')
2019-02-27 15:18:42,369-BasePage-INFO-Success The element was click
2019-02-27 15:18:45,373-BasePage-INFO-Success switch to window
2019-02-27 15:18:57,483-BasePage-ERROR-<pageobjects.reply.Reply object at 0x00000000026DBEB8>页面中找不到('id', 'post_reply')元素
