2019-02-28 20:09:56,578-BrowserEngine-INFO-You has select Chrome browser
2019-02-28 20:09:56,578-BrowserEngine-INFO-The test server url is:http://127.0.0.1/forum.php.
2019-02-28 20:09:59,108-BrowserEngine-INFO-Starting chrome brower
2019-02-28 20:10:00,999-BrowserEngine-INFO-Open url:http://127.0.0.1/forum.php.
2019-02-28 20:10:02,135-BrowserEngine-INFO-Maxizize the current window
2019-02-28 20:10:02,136-BrowserEngine-INFO-Set impicitly wait 10 seconds
2019-02-28 20:10:02,167-BasePage-INFO-找到页面元素--('name', 'username')
2019-02-28 20:10:02,268-BasePage-INFO-输入的内容admin
2019-02-28 20:10:02,299-BasePage-INFO-找到页面元素--('name', 'password')
2019-02-28 20:10:02,380-BasePage-INFO-输入的内容zx980504
2019-02-28 20:10:02,411-BasePage-INFO-找到页面元素--('css selector', '.fastlg_l .pn')
2019-02-28 20:10:02,464-BasePage-INFO-Success The element was click
2019-02-28 20:10:05,499-BasePage-INFO-找到页面元素--('css selector', '.vwmy')
2019-02-28 20:10:05,528-BasePage-INFO-找到的文本admin
2019-02-28 20:10:05,528-BasePage-ERROR-text is not equal with except_value'str' object has no attribute 'text'
2019-02-28 20:10:08,532-BasePage-INFO-Success switch to window
2019-02-28 20:10:08,559-BasePage-INFO-找到页面元素--('css selector', '.fl_tb tr td h2 a')
2019-02-28 20:10:09,599-BasePage-INFO-Success The element was click
2019-02-28 20:10:12,602-BasePage-INFO-Success switch to window
2019-02-28 20:10:15,637-BasePage-INFO-找到页面元素--('xpath', "//div[@id='pgt']/a")
2019-02-28 20:10:15,666-BasePage-INFO-找到的文本
2019-02-28 20:10:15,666-BrowserEngine-INFO-Now,Close and quit the browser
