2019-02-27 11:04:28,725-BrowserEngine-INFO-You has select Chrome browser
2019-02-27 11:04:28,725-BrowserEngine-INFO-The test server url is:http://127.0.0.1/forum.php.
2019-02-27 11:04:31,299-BrowserEngine-INFO-Starting chrome brower
2019-02-27 11:04:33,491-BrowserEngine-INFO-Open url:http://127.0.0.1/forum.php.
2019-02-27 11:04:34,636-BrowserEngine-INFO-Maxizize the current window
2019-02-27 11:04:34,639-BrowserEngine-INFO-Set impicitly wait 10 seconds
2019-02-27 11:04:34,681-BasePage-INFO-找到页面元素--('name', 'username')
2019-02-27 11:04:34,801-BasePage-INFO-输入的内容admin
2019-02-27 11:04:34,833-BasePage-INFO-找到页面元素--('name', 'password')
2019-02-27 11:04:34,934-BasePage-INFO-输入的内容zx980504
2019-02-27 11:04:34,965-BasePage-INFO-找到页面元素--('css selector', '.fastlg_l .pn')
2019-02-27 11:04:35,027-BasePage-INFO-Success The element was click
2019-02-27 11:04:38,031-BasePage-INFO-Success switch to window
2019-02-27 11:04:38,068-BasePage-INFO-找到页面元素--('css selector', '.fl_tb tr td h2 a')
2019-02-27 11:04:38,437-BasePage-INFO-Success The element was click
2019-02-27 11:04:38,550-BasePage-INFO-找到页面元素--('name', 'moderate[]')
2019-02-27 11:04:38,621-BasePage-INFO-Success The element was click
2019-02-27 11:04:38,626-BasePage-INFO-Success switch to window
2019-02-27 11:04:38,672-BasePage-INFO-找到页面元素--('xpath', "//div[@id='mdly']/p/strong/a")
2019-02-27 11:04:38,875-BasePage-INFO-Success The element was click
2019-02-27 11:04:38,890-BasePage-INFO-Success switch to window
2019-02-27 11:04:38,923-BasePage-INFO-找到页面元素--('name', 'modsubmit')
2019-02-27 11:04:39,440-BasePage-INFO-Success The element was click
2019-02-27 11:04:39,440-BrowserEngine-INFO-Now,Close and quit the browser
