2019-02-28 20:41:13,590-BrowserEngine-INFO-You has select Chrome browser
2019-02-28 20:41:13,591-BrowserEngine-INFO-The test server url is:http://127.0.0.1/forum.php.
2019-02-28 20:41:16,371-BrowserEngine-INFO-Starting chrome brower
2019-02-28 20:41:17,623-BrowserEngine-INFO-Open url:http://127.0.0.1/forum.php.
2019-02-28 20:41:18,750-BrowserEngine-INFO-Maxizize the current window
2019-02-28 20:41:18,751-BrowserEngine-INFO-Set impicitly wait 10 seconds
2019-02-28 20:41:18,787-BasePage-INFO-找到页面元素--('name', 'username')
2019-02-28 20:41:18,909-BasePage-INFO-输入的内容admin
2019-02-28 20:41:18,945-BasePage-INFO-找到页面元素--('name', 'password')
2019-02-28 20:41:19,043-BasePage-INFO-输入的内容zx980504
2019-02-28 20:41:19,078-BasePage-INFO-找到页面元素--('css selector', '.fastlg_l .pn')
2019-02-28 20:41:19,137-BasePage-INFO-Success The element was click
2019-02-28 20:41:22,165-BasePage-INFO-找到页面元素--('css selector', '.vwmy')
2019-02-28 20:41:22,193-BasePage-INFO-找到的文本admin
2019-02-28 20:41:25,198-BasePage-INFO-Success switch to window
2019-02-28 20:41:25,226-BasePage-INFO-找到页面元素--('css selector', '.fl_tb tr td h2 a')
2019-02-28 20:41:25,617-BasePage-INFO-Success The element was click
2019-02-28 20:41:28,622-BasePage-INFO-Success switch to window
2019-02-28 20:41:31,650-BasePage-INFO-找到页面元素--('xpath', "//div[@id='pgt']/a")
2019-02-28 20:41:32,164-BasePage-INFO-Success The element was click
2019-02-28 20:41:35,168-BasePage-INFO-Success switch to window
2019-02-28 20:41:35,205-BasePage-INFO-找到页面元素--('id', 'postsubmit')
2019-02-28 20:41:35,231-BasePage-INFO-找到的文本发表帖子
2019-02-28 20:41:35,258-BasePage-INFO-找到页面元素--('name', 'subject')
2019-02-28 20:41:35,408-BasePage-INFO-输入的内容title
2019-02-28 20:41:35,441-BasePage-INFO-找到页面元素--('tag name', 'iframe')
2019-02-28 20:41:35,475-BasePage-INFO-Success into inframe
2019-02-28 20:41:35,502-BasePage-INFO-找到页面元素--('tag name', 'body')
2019-02-28 20:41:35,607-BasePage-INFO-输入的内容hello
2019-02-28 20:41:35,614-BasePage-INFO-Success switch to window
2019-02-28 20:41:35,637-BasePage-INFO-找到页面元素--('id', 'postsubmit')
2019-02-28 20:41:35,778-BasePage-INFO-Success The element was click
2019-02-28 20:41:38,782-BasePage-INFO-Success switch to window
2019-02-28 20:42:37,325-BasePage-INFO-找到页面元素--('id', 'post_reply')
2019-02-28 20:42:37,357-BasePage-INFO-找到的文本
2019-02-28 20:42:37,358-BrowserEngine-INFO-Now,Close and quit the browser
