2019-02-27 14:13:19,364-BrowserEngine-INFO-You has select Chrome browser
2019-02-27 14:13:19,365-BrowserEngine-INFO-The test server url is:http://127.0.0.1/forum.php.
2019-02-27 14:13:22,164-BrowserEngine-INFO-Starting chrome brower
2019-02-27 14:13:23,943-BrowserEngine-INFO-Open url:http://127.0.0.1/forum.php.
2019-02-27 14:13:25,072-BrowserEngine-INFO-Maxizize the current window
2019-02-27 14:13:25,074-BrowserEngine-INFO-Set impicitly wait 10 seconds
2019-02-27 14:13:25,115-BasePage-INFO-找到页面元素--('name', 'username')
2019-02-27 14:13:25,229-BasePage-INFO-输入的内容admin
2019-02-27 14:13:25,260-BasePage-INFO-找到页面元素--('name', 'password')
2019-02-27 14:13:25,353-BasePage-INFO-输入的内容zx980504
2019-02-27 14:13:25,386-BasePage-INFO-找到页面元素--('css selector', '.fastlg_l .pn')
2019-02-27 14:13:25,443-BasePage-INFO-Success The element was click
2019-02-27 14:13:28,448-BasePage-INFO-Success switch to window
2019-02-27 14:13:28,486-BasePage-INFO-找到页面元素--('css selector', '.fl_tb tr td h2 a')
2019-02-27 14:13:28,882-BasePage-INFO-Success The element was click
2019-02-27 14:13:28,972-BasePage-INFO-找到页面元素--('name', 'moderate[]')
2019-02-27 14:13:29,088-BasePage-INFO-Success The element was click
2019-02-27 14:13:29,094-BasePage-INFO-Success switch to window
2019-02-27 14:13:29,167-BasePage-INFO-找到页面元素--('xpath', "//div[@id='mdly']/p/strong/a")
2019-02-27 14:13:29,376-BasePage-INFO-Success The element was click
2019-02-27 14:13:29,388-BasePage-INFO-Success switch to window
2019-02-27 14:13:29,432-BasePage-INFO-找到页面元素--('name', 'modsubmit')
2019-02-27 14:13:29,961-BasePage-INFO-Success The element was click
2019-02-27 14:13:30,000-BasePage-INFO-找到页面元素--('css selector', '#um > p:nth-child(2) > a:nth-child(16)')
2019-02-27 14:13:30,140-BasePage-INFO-Success The element was click
2019-02-27 14:13:41,788-BasePage-ERROR-<pageobjects.into_manage.Into_Manage object at 0x0000000003514C88>页面中找不到('name', 'admin_password')元素
2019-02-27 14:13:42,142-BasePage-INFO-Had take screenshot and save to folder:/ screenshots
2019-02-27 14:13:42,142-BasePage-ERROR-Failed to type in input box with 'NoneType' object has no attribute 'clear'
2019-02-27 14:13:52,684-BasePage-ERROR-<pageobjects.into_manage.Into_Manage object at 0x0000000003514C88>页面中找不到('name', 'submit')元素
2019-02-27 14:13:53,001-BasePage-INFO-Had take screenshot and save to folder:/ screenshots
2019-02-27 14:13:53,001-BasePage-ERROR-Failed to click the element with 'NoneType' object has no attribute 'click'
2019-02-27 14:13:53,007-BasePage-INFO-Success switch to window
2019-02-27 14:13:53,038-BasePage-INFO-找到页面元素--('id', 'header_forum')
2019-02-27 14:13:53,287-BasePage-INFO-Success The element was click
2019-02-27 14:13:53,322-BasePage-INFO-找到页面元素--('tag name', 'iframe')
2019-02-27 14:13:53,354-BasePage-INFO-Success into inframe
2019-02-27 14:13:53,359-BasePage-INFO-Success switch to window
2019-02-27 14:14:03,918-BasePage-ERROR-<pageobjects.create_mode.Create_Mode object at 0x00000000035F67F0>页面中找不到('css selector', '.addtr')元素
2019-02-27 14:14:04,200-BasePage-INFO-Had take screenshot and save to folder:/ screenshots
2019-02-27 14:14:04,200-BasePage-ERROR-Failed to click the element with 'NoneType' object has no attribute 'click'
2019-02-27 14:14:14,729-BasePage-ERROR-<pageobjects.create_mode.Create_Mode object at 0x00000000035F67F0>页面中找不到('name', 'newforum[1][]')元素
2019-02-27 14:14:15,216-BasePage-INFO-Had take screenshot and save to folder:/ screenshots
2019-02-27 14:14:15,216-BasePage-ERROR-Failed to clear is input box with 'NoneType' object has no attribute 'clear'
2019-02-27 14:14:25,739-BasePage-ERROR-<pageobjects.create_mode.Create_Mode object at 0x00000000035F67F0>页面中找不到('name', 'newforum[1][]')元素
2019-02-27 14:14:26,041-BasePage-INFO-Had take screenshot and save to folder:/ screenshots
2019-02-27 14:14:26,041-BasePage-ERROR-Failed to type in input box with 'NoneType' object has no attribute 'clear'
2019-02-27 14:14:36,563-BasePage-ERROR-<pageobjects.create_mode.Create_Mode object at 0x00000000035F67F0>页面中找不到('name', 'editsubmit')元素
2019-02-27 14:14:37,025-BasePage-INFO-Had take screenshot and save to folder:/ screenshots
2019-02-27 14:14:37,025-BasePage-ERROR-Failed to click the element with 'NoneType' object has no attribute 'click'
2019-02-27 14:14:37,025-BrowserEngine-INFO-Now,Close and quit the browser
