2019-02-27 21:00:34,603-BrowserEngine-INFO-You has select Chrome browser
2019-02-27 21:00:34,603-BrowserEngine-INFO-The test server url is:http://127.0.0.1/forum.php.
2019-02-27 21:00:37,425-BrowserEngine-INFO-Starting chrome brower
2019-02-27 21:00:39,582-BrowserEngine-INFO-Open url:http://127.0.0.1/forum.php.
2019-02-27 21:00:40,727-BrowserEngine-INFO-Maxizize the current window
2019-02-27 21:00:40,729-BrowserEngine-INFO-Set impicitly wait 10 seconds
2019-02-27 21:00:40,771-BasePage-INFO-找到页面元素--('name', 'username')
2019-02-27 21:00:40,901-BasePage-INFO-输入的内容admin
2019-02-27 21:00:40,939-BasePage-INFO-找到页面元素--('name', 'password')
2019-02-27 21:00:41,038-BasePage-INFO-输入的内容zx980504
2019-02-27 21:00:41,072-BasePage-INFO-找到页面元素--('css selector', '.fastlg_l .pn')
2019-02-27 21:00:41,135-BasePage-INFO-Success The element was click
2019-02-27 21:00:44,140-BasePage-INFO-Success switch to window
2019-02-27 21:00:44,175-BasePage-INFO-找到页面元素--('css selector', '.fl_tb tr td h2 a')
2019-02-27 21:00:44,560-BasePage-INFO-Success The element was click
2019-02-27 21:00:47,565-BasePage-INFO-Success switch to window
2019-02-27 21:00:47,601-BasePage-INFO-找到页面元素--('xpath', "//div[@id='pgt']/a")
2019-02-27 21:00:48,142-BasePage-INFO-Success The element was click
2019-02-27 21:00:51,154-BasePage-INFO-Success switch to window
2019-02-27 21:00:51,207-BasePage-INFO-找到页面元素--('name', 'subject')
2019-02-27 21:00:51,398-BasePage-INFO-输入的内容title
2019-02-27 21:00:51,430-BasePage-INFO-找到页面元素--('tag name', 'iframe')
2019-02-27 21:00:51,466-BasePage-INFO-Success into inframe
2019-02-27 21:00:51,494-BasePage-INFO-找到页面元素--('tag name', 'body')
2019-02-27 21:00:51,595-BasePage-INFO-输入的内容hello
2019-02-27 21:00:51,607-BasePage-INFO-Success switch to window
2019-02-27 21:00:51,643-BasePage-INFO-找到页面元素--('id', 'postsubmit')
2019-02-27 21:00:51,768-BasePage-INFO-Success The element was click
2019-02-27 21:00:54,782-BasePage-INFO-Success switch to window
2019-02-27 21:00:54,840-BasePage-INFO-找到页面元素--('id', 'post_reply')
2019-02-27 21:00:54,906-BasePage-INFO-Success The element was click
2019-02-27 21:00:57,920-BasePage-INFO-Success switch to window
2019-02-27 21:00:57,965-BasePage-INFO-找到页面元素--('id', 'postmessage')
2019-02-27 21:00:58,060-BasePage-INFO-输入的内容hello
2019-02-27 21:01:01,066-BasePage-INFO-Success switch to window
2019-02-27 21:01:01,092-BasePage-INFO-找到页面元素--('id', 'postsubmit')
2019-02-27 21:01:01,403-BasePage-INFO-Success The element was click
2019-02-27 21:01:04,429-BasePage-INFO-Success switch to window
2019-02-27 21:01:07,514-BasePage-INFO-找到页面元素--('link text', '退出')
2019-02-27 21:01:07,742-BasePage-INFO-Success The element was click
2019-02-27 21:01:07,742-BrowserEngine-INFO-Now,Close and quit the browser
