2019-02-27 16:18:20,611-BrowserEngine-INFO-You has select Chrome browser
2019-02-27 16:18:20,612-BrowserEngine-INFO-The test server url is:http://127.0.0.1/forum.php.
2019-02-27 16:18:26,049-BrowserEngine-INFO-Starting chrome brower
2019-02-27 16:18:27,086-BrowserEngine-INFO-Open url:http://127.0.0.1/forum.php.
2019-02-27 16:18:28,241-BrowserEngine-INFO-Maxizize the current window
2019-02-27 16:18:28,243-BrowserEngine-INFO-Set impicitly wait 10 seconds
2019-02-27 16:18:28,280-BasePage-INFO-找到页面元素--('name', 'username')
2019-02-27 16:18:28,397-BasePage-INFO-输入的内容admin
2019-02-27 16:18:28,427-BasePage-INFO-找到页面元素--('name', 'password')
2019-02-27 16:18:28,521-BasePage-INFO-输入的内容zx980504
2019-02-27 16:18:28,551-BasePage-INFO-找到页面元素--('css selector', '.fastlg_l .pn')
2019-02-27 16:18:28,608-BasePage-INFO-Success The element was click
2019-02-27 16:18:28,648-BasePage-INFO-找到页面元素--('name', 'srchtxt')
2019-02-27 16:18:29,275-BasePage-ERROR-Failed to type in input box with Message: stale element reference: element is not attached to the page document
  (Session info: chrome=72.0.3626.109)
  (Driver info: chromedriver=2.41.578737 (49da6702b16031c40d63e5618de03a32ff6c197e),platform=Windows NT 6.1.7601 SP1 x86_64)

2019-02-27 16:18:29,316-BasePage-INFO-找到页面元素--('name', 'searchsubmit')
2019-02-27 16:18:29,468-BasePage-INFO-Success The element was click
2019-02-27 16:18:29,507-BasePage-INFO-Success switch to window
2019-02-27 16:18:41,080-BasePage-ERROR-<pageobjects.search.Search object at 0x00000000035D5C18>页面中找不到('css selector', '.pbw a font')元素
2019-02-27 16:18:41,388-BasePage-INFO-Had take screenshot and save to folder:/ screenshots
2019-02-27 16:18:41,388-BasePage-ERROR-Failed to click the element with 'NoneType' object has no attribute 'click'
2019-02-27 16:18:41,388-BrowserEngine-INFO-Now,Close and quit the browser
