2019-02-28 11:56:15,990-BrowserEngine-INFO-You has select Chrome browser
2019-02-28 11:56:15,990-BrowserEngine-INFO-The test server url is:http://127.0.0.1/forum.php.
2019-02-28 11:56:18,640-BrowserEngine-INFO-Starting chrome brower
2019-02-28 11:56:20,939-BrowserEngine-INFO-Open url:http://127.0.0.1/forum.php.
2019-02-28 11:56:22,095-BrowserEngine-INFO-Maxizize the current window
2019-02-28 11:56:22,097-BrowserEngine-INFO-Set impicitly wait 10 seconds
2019-02-28 11:56:22,127-BasePage-INFO-找到页面元素--('name', 'username')
2019-02-28 11:56:22,216-BasePage-INFO-输入的内容admin
2019-02-28 11:56:22,247-BasePage-INFO-找到页面元素--('name', 'password')
2019-02-28 11:56:22,331-BasePage-INFO-输入的内容zx980504
2019-02-28 11:56:22,359-BasePage-INFO-找到页面元素--('css selector', '.fastlg_l .pn')
2019-02-28 11:56:22,405-BasePage-INFO-Success The element was click
2019-02-28 11:56:25,413-BasePage-INFO-Success switch to window
2019-02-28 11:56:25,456-BasePage-INFO-找到页面元素--('css selector', '.fl_tb tr td h2 a')
2019-02-28 11:56:25,789-BasePage-INFO-Success The element was click
2019-02-28 11:56:25,823-BasePage-INFO-找到页面元素--('xpath', "//div[@id='pgt']/a")
2019-02-28 11:56:25,911-BasePage-INFO-Success find float 
2019-02-28 11:56:25,941-BasePage-INFO-找到页面元素--('css selector', '.poll a')
2019-02-28 11:56:26,373-BasePage-INFO-Success The element was click
2019-02-28 11:56:26,380-BasePage-INFO-Success switch to window
2019-02-28 11:56:29,438-BasePage-INFO-找到页面元素--('id', 'subject')
2019-02-28 11:56:29,599-BasePage-INFO-输入的内容最喜欢吃什么？
2019-02-28 11:56:29,624-BasePage-INFO-找到页面元素--('css selector', '#pollm_c_1 > p:nth-child(1) > input')
2019-02-28 11:56:29,705-BasePage-INFO-输入的内容苹果
2019-02-28 11:56:29,733-BasePage-INFO-找到页面元素--('css selector', '#pollm_c_1 > p:nth-child(2) > input')
2019-02-28 11:56:29,800-BasePage-INFO-输入的内容香蕉
2019-02-28 11:56:29,825-BasePage-INFO-找到页面元素--('css selector', '#pollm_c_1 > p:nth-child(3) > input')
2019-02-28 11:56:29,896-BasePage-INFO-输入的内容橘子
2019-02-28 11:56:29,923-BasePage-INFO-找到页面元素--('id', 'postsubmit')
2019-02-28 11:56:30,045-BasePage-INFO-Success The element was click
2019-02-28 11:56:30,050-BasePage-INFO-Success switch to window
2019-02-28 11:56:31,094-BasePage-INFO-找到页面元素--('css selector', '#option_1')
2019-02-28 11:56:31,168-BasePage-INFO-Success The element was click
2019-02-28 11:56:31,201-BasePage-INFO-找到页面元素--('css selector', '#pollsubmit')
2019-02-28 11:56:31,811-BasePage-INFO-Success The element was click
2019-02-28 11:56:31,868-BasePage-INFO-找到页面元素--('css selector', '.pvt')
2019-02-28 11:56:31,967-BasePage-INFO-找到页面元素--('css selector', '.pcht  tbody > tr > td:nth-child(2)')
2019-02-28 11:56:32,001-BasePage-INFO-找到页面元素--('css selector', '#thread_subject')
2019-02-28 11:56:32,013-BasePage-ERROR-<pageobjects.post.Post object at 0x00000000035D4D30>页面中找不到(<selenium.webdriver.remote.webelement.WebElement (session="0c8f60e2badf6276d3871e6d468656d7", element="0.8797546280056909-10")>,)元素
2019-02-28 11:56:32,368-BasePage-INFO-Had take screenshot and save to folder:/ screenshots
2019-02-28 11:56:32,368-BasePage-ERROR-
2019-02-28 11:56:32,384-BasePage-ERROR-<pageobjects.post.Post object at 0x00000000035D4D30>页面中找不到(<selenium.webdriver.remote.webelement.WebElement (session="0c8f60e2badf6276d3871e6d468656d7", element="0.8797546280056909-1")>,)元素
2019-02-28 11:56:32,700-BasePage-INFO-Had take screenshot and save to folder:/ screenshots
2019-02-28 11:56:32,700-BasePage-ERROR-
2019-02-28 11:56:32,704-BasePage-ERROR-<pageobjects.post.Post object at 0x00000000035D4D30>页面中找不到(<selenium.webdriver.remote.webelement.WebElement (session="0c8f60e2badf6276d3871e6d468656d7", element="0.8797546280056909-5")>,)元素
2019-02-28 11:56:33,030-BasePage-INFO-Had take screenshot and save to folder:/ screenshots
2019-02-28 11:56:33,031-BasePage-ERROR-
2019-02-28 11:56:33,043-BasePage-ERROR-<pageobjects.post.Post object at 0x00000000035D4D30>页面中找不到(<selenium.webdriver.remote.webelement.WebElement (session="0c8f60e2badf6276d3871e6d468656d7", element="0.8797546280056909-2")>,)元素
2019-02-28 11:56:33,343-BasePage-INFO-Had take screenshot and save to folder:/ screenshots
2019-02-28 11:56:33,343-BasePage-ERROR-
2019-02-28 11:56:33,347-BasePage-ERROR-<pageobjects.post.Post object at 0x00000000035D4D30>页面中找不到(<selenium.webdriver.remote.webelement.WebElement (session="0c8f60e2badf6276d3871e6d468656d7", element="0.8797546280056909-7")>,)元素
2019-02-28 11:56:33,664-BasePage-INFO-Had take screenshot and save to folder:/ screenshots
2019-02-28 11:56:33,664-BasePage-ERROR-
2019-02-28 11:56:33,668-BasePage-ERROR-<pageobjects.post.Post object at 0x00000000035D4D30>页面中找不到(<selenium.webdriver.remote.webelement.WebElement (session="0c8f60e2badf6276d3871e6d468656d7", element="0.8797546280056909-3")>,)元素
2019-02-28 11:56:33,977-BasePage-INFO-Had take screenshot and save to folder:/ screenshots
2019-02-28 11:56:33,977-BasePage-ERROR-
2019-02-28 11:56:33,981-BasePage-ERROR-<pageobjects.post.Post object at 0x00000000035D4D30>页面中找不到(<selenium.webdriver.remote.webelement.WebElement (session="0c8f60e2badf6276d3871e6d468656d7", element="0.8797546280056909-9")>,)元素
2019-02-28 11:56:34,284-BasePage-INFO-Had take screenshot and save to folder:/ screenshots
2019-02-28 11:56:34,284-BasePage-ERROR-
2019-02-28 11:56:37,358-BasePage-INFO-找到页面元素--('link text', '退出')
2019-02-28 11:56:37,692-BasePage-INFO-Success The element was click
2019-02-28 11:56:37,692-BrowserEngine-INFO-Now,Close and quit the browser
