2019-02-27 10:26:01,261-BrowserEngine-INFO-You has select Chrome browser
2019-02-27 10:26:01,262-BrowserEngine-INFO-The test server url is:http://127.0.0.1/forum.php.
2019-02-27 10:26:04,542-BrowserEngine-INFO-Starting chrome brower
2019-02-27 10:26:06,121-BrowserEngine-INFO-Open url:http://127.0.0.1/forum.php.
2019-02-27 10:26:07,256-BrowserEngine-INFO-Maxizize the current window
2019-02-27 10:26:07,258-BrowserEngine-INFO-Set impicitly wait 10 seconds
2019-02-27 10:26:07,294-BasePage-INFO-找到页面元素--('name', 'username')
2019-02-27 10:26:07,400-BasePage-INFO-输入的内容admin
2019-02-27 10:26:07,431-BasePage-INFO-找到页面元素--('name', 'password')
2019-02-27 10:26:07,518-BasePage-INFO-输入的内容zx980504
2019-02-27 10:26:07,549-BasePage-INFO-找到页面元素--('css selector', '.fastlg_l .pn')
2019-02-27 10:26:07,611-BasePage-INFO-Success The element was click
2019-02-27 10:26:07,644-BasePage-INFO-找到页面元素--('css selector', '.fl_tb tr td h2 a')
2019-02-27 10:26:08,095-BasePage-INFO-Success The element was click
2019-02-27 10:26:11,103-BasePage-INFO-Success switch to window
2019-02-27 10:26:21,612-BasePage-ERROR-<pageobjects.post.Post object at 0x00000000035C7DD8>页面中找不到('xpath', "//div[@id='pgt']/a")元素
2019-02-27 10:26:21,937-BasePage-INFO-Had take screenshot and save to folder:/ screenshots
2019-02-27 10:26:21,938-BasePage-ERROR-Failed to click the element with 'NoneType' object has no attribute 'click'
2019-02-27 10:26:24,942-BasePage-INFO-Success switch to window
2019-02-27 10:26:35,466-BasePage-ERROR-<pageobjects.post.Post object at 0x00000000035C7DD8>页面中找不到('name', 'subject')元素
2019-02-27 10:26:35,922-BasePage-INFO-Had take screenshot and save to folder:/ screenshots
2019-02-27 10:26:35,923-BasePage-ERROR-Failed to type in input box with 'NoneType' object has no attribute 'clear'
2019-02-27 10:26:46,466-BasePage-ERROR-<pageobjects.post.Post object at 0x00000000035C7DD8>页面中找不到('tag name', 'iframe')元素
2019-02-27 10:26:46,776-BasePage-INFO-Had take screenshot and save to folder:/ screenshots
2019-02-27 10:26:46,780-BasePage-INFO-Success into inframe
2019-02-27 10:26:46,807-BasePage-INFO-找到页面元素--('tag name', 'body')
2019-02-27 10:26:46,831-BasePage-ERROR-Failed to type in input box with Message: invalid element state: Element must be user-editable in order to clear it.
  (Session info: chrome=72.0.3626.109)
  (Driver info: chromedriver=2.41.578737 (49da6702b16031c40d63e5618de03a32ff6c197e),platform=Windows NT 6.1.7601 SP1 x86_64)

2019-02-27 10:26:46,836-BasePage-INFO-Success switch to window
2019-02-27 10:26:57,372-BasePage-ERROR-<pageobjects.post.Post object at 0x00000000035C7DD8>页面中找不到('id', 'postsubmit')元素
2019-02-27 10:26:57,634-BasePage-INFO-Had take screenshot and save to folder:/ screenshots
2019-02-27 10:26:57,634-BasePage-ERROR-Failed to click the element with 'NoneType' object has no attribute 'click'
2019-02-27 10:26:57,634-BrowserEngine-INFO-Now,Close and quit the browser
