2019-02-28 09:53:25,579-BrowserEngine-INFO-You has select Chrome browser
2019-02-28 09:53:25,579-BrowserEngine-INFO-The test server url is:http://127.0.0.1/forum.php.
2019-02-28 09:53:28,999-BrowserEngine-INFO-Starting chrome brower
2019-02-28 09:53:30,838-BrowserEngine-INFO-Open url:http://127.0.0.1/forum.php.
2019-02-28 09:53:32,022-BrowserEngine-INFO-Maxizize the current window
2019-02-28 09:53:32,023-BrowserEngine-INFO-Set impicitly wait 10 seconds
2019-02-28 09:53:32,053-BasePage-INFO-找到页面元素--('name', 'username')
2019-02-28 09:53:32,142-BasePage-INFO-输入的内容admin
2019-02-28 09:53:32,171-BasePage-INFO-找到页面元素--('name', 'password')
2019-02-28 09:53:32,251-BasePage-INFO-输入的内容zx980504
2019-02-28 09:53:32,282-BasePage-INFO-找到页面元素--('css selector', '.fastlg_l .pn')
2019-02-28 09:53:32,334-BasePage-INFO-Success The element was click
2019-02-28 09:53:35,337-BasePage-INFO-Success switch to window
2019-02-28 09:53:35,365-BasePage-INFO-找到页面元素--('css selector', '.fl_tb tr td h2 a')
2019-02-28 09:53:35,821-BasePage-INFO-Success The element was click
2019-02-28 09:53:46,381-BasePage-ERROR-<pageobjects.delete.Delete object at 0x00000000035CAF28>页面中找不到('name', 'moderate[]')元素
2019-02-28 09:53:46,709-BasePage-INFO-Had take screenshot and save to folder:/ screenshots
2019-02-28 09:53:46,709-BasePage-ERROR-Failed to click the element with 'NoneType' object has no attribute 'click'
2019-02-28 09:53:46,713-BasePage-INFO-Success switch to window
2019-02-28 09:53:57,220-BasePage-ERROR-<pageobjects.delete.Delete object at 0x00000000035CAF28>页面中找不到('xpath', "//div[@id='mdly']/p/strong/a")元素
2019-02-28 09:53:57,587-BasePage-INFO-Had take screenshot and save to folder:/ screenshots
2019-02-28 09:53:57,587-BasePage-ERROR-Failed to click the element with 'NoneType' object has no attribute 'click'
2019-02-28 09:53:57,640-BasePage-INFO-Success switch to window
2019-02-28 09:54:08,252-BasePage-ERROR-<pageobjects.delete.Delete object at 0x00000000035CAF28>页面中找不到('name', 'modsubmit')元素
2019-02-28 09:54:08,588-BasePage-INFO-Had take screenshot and save to folder:/ screenshots
2019-02-28 09:54:08,589-BasePage-ERROR-Failed to click the element with 'NoneType' object has no attribute 'click'
2019-02-28 09:54:08,617-BasePage-INFO-找到页面元素--('css selector', '#um > p:nth-child(2) > a:nth-child(16)')
2019-02-28 09:54:08,735-BasePage-INFO-Success The element was click
2019-02-28 09:54:20,316-BasePage-ERROR-<pageobjects.into_manage.Into_Manage object at 0x00000000035CA2E8>页面中找不到('name', 'admin_password')元素
2019-02-28 09:54:20,639-BasePage-INFO-Had take screenshot and save to folder:/ screenshots
2019-02-28 09:54:20,639-BasePage-ERROR-Failed to type in input box with 'NoneType' object has no attribute 'clear'
2019-02-28 09:54:31,161-BasePage-ERROR-<pageobjects.into_manage.Into_Manage object at 0x00000000035CA2E8>页面中找不到('name', 'submit')元素
2019-02-28 09:54:31,432-BasePage-INFO-Had take screenshot and save to folder:/ screenshots
2019-02-28 09:54:31,432-BasePage-ERROR-Failed to click the element with 'NoneType' object has no attribute 'click'
2019-02-28 09:54:31,436-BasePage-INFO-Success switch to window
2019-02-28 09:54:31,462-BasePage-INFO-找到页面元素--('id', 'header_forum')
2019-02-28 09:54:31,672-BasePage-INFO-Success The element was click
2019-02-28 09:54:31,702-BasePage-INFO-找到页面元素--('tag name', 'iframe')
2019-02-28 09:54:31,729-BasePage-INFO-Success into inframe
2019-02-28 09:54:31,757-BasePage-INFO-找到页面元素--('css selector', '.addtr')
2019-02-28 09:54:31,878-BasePage-INFO-Success The element was click
2019-02-28 09:54:31,920-BasePage-INFO-找到页面元素--('name', 'newforum[1][]')
2019-02-28 09:54:31,949-BasePage-INFO-Clear test is input box before typeing
2019-02-28 09:54:31,970-BasePage-INFO-找到页面元素--('name', 'newforum[1][]')
2019-02-28 09:54:32,029-BasePage-INFO-输入的内容fd
2019-02-28 09:54:32,059-BasePage-INFO-找到页面元素--('name', 'editsubmit')
2019-02-28 09:54:32,301-BasePage-INFO-Success The element was click
2019-02-28 09:54:32,322-BasePage-INFO-Closeing  on current page.
2019-02-28 09:54:35,408-BasePage-INFO-找到页面元素--('css selector', '#pt div >a:nth-child(5)')
2019-02-28 09:54:35,704-BasePage-INFO-Success The element was click
2019-02-28 09:54:35,708-BasePage-INFO-Success switch to window
2019-02-28 09:54:38,773-BasePage-INFO-找到页面元素--('link text', '退出')
2019-02-28 09:54:38,991-BasePage-INFO-Success The element was click
2019-02-28 09:54:41,157-BasePage-INFO-找到页面元素--('name', 'username')
2019-02-28 09:54:41,255-BasePage-INFO-输入的内容zhangxiong
2019-02-28 09:54:41,279-BasePage-INFO-找到页面元素--('name', 'password')
2019-02-28 09:54:41,350-BasePage-INFO-输入的内容zx980504
2019-02-28 09:54:41,378-BasePage-INFO-找到页面元素--('css selector', '.fastlg_l .pn')
2019-02-28 09:54:41,423-BasePage-INFO-Success The element was click
2019-02-28 09:54:41,447-BasePage-INFO-找到页面元素--('css selector', '#category_1 > table tbody > tr:nth-child(2) > td:nth-child(2) > h2 > a')
2019-02-28 09:54:41,807-BasePage-INFO-Success The element was click
2019-02-28 09:54:52,317-BasePage-ERROR-<pageobjects.post.Post object at 0x00000000035CA9E8>页面中找不到('xpath', "//div[@id='pgt']/a")元素
2019-02-28 09:54:52,595-BasePage-INFO-Had take screenshot and save to folder:/ screenshots
2019-02-28 09:54:52,595-BasePage-ERROR-Failed to click the element with 'NoneType' object has no attribute 'click'
2019-02-28 09:54:55,612-BasePage-INFO-Success switch to window
2019-02-28 09:55:02,544-BasePage-ERROR-<pageobjects.post.Post object at 0x00000000035CA9E8>页面中找不到('name', 'subject')元素
