2019-02-28 11:21:00,487-BrowserEngine-INFO-You has select Chrome browser
2019-02-28 11:21:00,487-BrowserEngine-INFO-The test server url is:http://127.0.0.1/forum.php.
2019-02-28 11:21:03,509-BrowserEngine-INFO-Starting chrome brower
2019-02-28 11:21:05,831-BrowserEngine-INFO-Open url:http://127.0.0.1/forum.php.
2019-02-28 11:21:07,017-BrowserEngine-INFO-Maxizize the current window
2019-02-28 11:21:07,018-BrowserEngine-INFO-Set impicitly wait 10 seconds
2019-02-28 11:21:07,050-BasePage-INFO-找到页面元素--('name', 'username')
2019-02-28 11:21:07,140-BasePage-INFO-输入的内容admin
2019-02-28 11:21:07,168-BasePage-INFO-找到页面元素--('name', 'password')
2019-02-28 11:21:07,252-BasePage-INFO-输入的内容zx980504
2019-02-28 11:21:07,281-BasePage-INFO-找到页面元素--('css selector', '.fastlg_l .pn')
2019-02-28 11:21:07,335-BasePage-INFO-Success The element was click
2019-02-28 11:21:10,339-BasePage-INFO-Success switch to window
2019-02-28 11:21:10,373-BasePage-INFO-找到页面元素--('css selector', '.fl_tb tr td h2 a')
2019-02-28 11:21:10,752-BasePage-INFO-Success The element was click
2019-02-28 11:21:10,812-BasePage-INFO-找到页面元素--('xpath', "//div[@id='pgt']/a")
2019-02-28 11:21:10,868-BasePage-INFO-Success find float 
2019-02-28 11:21:10,899-BasePage-INFO-找到页面元素--('css selector', '.poll a')
2019-02-28 11:21:11,264-BasePage-INFO-Success The element was click
2019-02-28 11:21:11,270-BasePage-INFO-Success switch to window
2019-02-28 11:21:14,365-BasePage-INFO-找到页面元素--('id', 'subject')
2019-02-28 11:21:14,630-BasePage-INFO-输入的内容最喜欢吃什么？
2019-02-28 11:21:14,657-BasePage-INFO-找到页面元素--('css selector', '#pollm_c_1 > p:nth-child(1) > input')
2019-02-28 11:21:14,734-BasePage-INFO-输入的内容苹果
2019-02-28 11:21:14,765-BasePage-INFO-找到页面元素--('css selector', '#pollm_c_1 > p:nth-child(2) > input')
2019-02-28 11:21:14,839-BasePage-INFO-输入的内容香蕉
2019-02-28 11:21:14,867-BasePage-INFO-找到页面元素--('css selector', '#pollm_c_1 > p:nth-child(3) > input')
2019-02-28 11:21:14,940-BasePage-INFO-输入的内容橘子
2019-02-28 11:21:14,969-BasePage-INFO-找到页面元素--('id', 'postsubmit')
2019-02-28 11:21:15,093-BasePage-INFO-Success The element was click
2019-02-28 11:21:15,101-BasePage-INFO-Success switch to window
2019-02-28 11:21:16,231-BasePage-INFO-找到页面元素--('css selector', '#option_1')
2019-02-28 11:21:16,376-BasePage-INFO-Success The element was click
2019-02-28 11:21:16,428-BasePage-INFO-找到页面元素--('css selector', '#pollsubmit')
2019-02-28 11:21:17,198-BasePage-INFO-Success The element was click
2019-02-28 11:21:17,344-BasePage-INFO-找到页面元素--('css selector', '.pvt')
2019-02-28 11:21:17,549-BasePage-INFO-找到页面元素--('css selector', '.pcht  tbody > tr > td:nth-child(2)')
2019-02-28 11:21:17,598-BasePage-INFO-找到页面元素--('css selector', '#thread_subject')
2019-02-28 11:21:17,634-BasePage-INFO-找到的文本
2019-02-28 11:21:17,659-BasePage-INFO-找到的文本
2019-02-28 11:21:17,683-BasePage-INFO-找到的文本
2019-02-28 11:21:17,708-BasePage-INFO-找到的文本
2019-02-28 11:21:17,733-BasePage-INFO-找到的文本
2019-02-28 11:21:17,758-BasePage-INFO-找到的文本
2019-02-28 11:21:17,783-BasePage-INFO-找到的文本
2019-02-28 11:21:20,906-BasePage-INFO-找到页面元素--('link text', '退出')
2019-02-28 11:21:21,178-BasePage-INFO-Success The element was click
2019-02-28 11:21:21,179-BrowserEngine-INFO-Now,Close and quit the browser
2019-02-28 11:21:48,812-BrowserEngine-INFO-You has select Chrome browser
2019-02-28 11:21:48,813-BrowserEngine-INFO-The test server url is:http://127.0.0.1/forum.php.
2019-02-28 11:21:52,156-BrowserEngine-INFO-Starting chrome brower
2019-02-28 11:21:53,879-BrowserEngine-INFO-Open url:http://127.0.0.1/forum.php.
2019-02-28 11:21:55,048-BrowserEngine-INFO-Maxizize the current window
2019-02-28 11:21:55,052-BrowserEngine-INFO-Set impicitly wait 10 seconds
2019-02-28 11:21:55,142-BasePage-INFO-找到页面元素--('name', 'username')
2019-02-28 11:21:55,341-BasePage-INFO-输入的内容admin
2019-02-28 11:21:55,377-BasePage-INFO-找到页面元素--('name', 'password')
2019-02-28 11:21:55,482-BasePage-INFO-输入的内容zx980504
2019-02-28 11:21:55,517-BasePage-INFO-找到页面元素--('css selector', '.fastlg_l .pn')
2019-02-28 11:21:55,585-BasePage-INFO-Success The element was click
2019-02-28 11:21:58,591-BasePage-INFO-Success switch to window
2019-02-28 11:21:58,640-BasePage-INFO-找到页面元素--('css selector', '.fl_tb tr td h2 a')
2019-02-28 11:21:58,977-BasePage-INFO-Success The element was click
2019-02-28 11:21:59,047-BasePage-INFO-找到页面元素--('xpath', "//div[@id='pgt']/a")
2019-02-28 11:21:59,086-BasePage-INFO-Success find float 
2019-02-28 11:21:59,116-BasePage-INFO-找到页面元素--('css selector', '.poll a')
2019-02-28 11:21:59,489-BasePage-INFO-Success The element was click
2019-02-28 11:21:59,494-BasePage-INFO-Success switch to window
2019-02-28 11:22:02,577-BasePage-INFO-找到页面元素--('id', 'subject')
2019-02-28 11:22:02,797-BasePage-INFO-输入的内容最喜欢吃什么？
2019-02-28 11:22:02,825-BasePage-INFO-找到页面元素--('css selector', '#pollm_c_1 > p:nth-child(1) > input')
2019-02-28 11:22:02,902-BasePage-INFO-输入的内容苹果
2019-02-28 11:22:02,931-BasePage-INFO-找到页面元素--('css selector', '#pollm_c_1 > p:nth-child(2) > input')
2019-02-28 11:22:03,005-BasePage-INFO-输入的内容香蕉
2019-02-28 11:22:03,034-BasePage-INFO-找到页面元素--('css selector', '#pollm_c_1 > p:nth-child(3) > input')
2019-02-28 11:22:03,111-BasePage-INFO-输入的内容橘子
2019-02-28 11:22:03,139-BasePage-INFO-找到页面元素--('id', 'postsubmit')
2019-02-28 11:22:03,260-BasePage-INFO-Success The element was click
2019-02-28 11:22:03,268-BasePage-INFO-Success switch to window
2019-02-28 11:22:04,212-BasePage-INFO-找到页面元素--('css selector', '#option_1')
2019-02-28 11:22:04,326-BasePage-INFO-Success The element was click
2019-02-28 11:22:04,377-BasePage-INFO-找到页面元素--('css selector', '#pollsubmit')
2019-02-28 11:22:05,097-BasePage-INFO-Success The element was click
2019-02-28 11:22:05,215-BasePage-INFO-找到页面元素--('css selector', '.pvt')
2019-02-28 11:22:05,386-BasePage-INFO-找到页面元素--('css selector', '.pcht  tbody > tr > td:nth-child(2)')
2019-02-28 11:22:05,430-BasePage-INFO-找到页面元素--('css selector', '#thread_subject')
2019-02-28 11:22:05,461-BasePage-INFO-找到的文本最喜欢吃什么？
2019-02-28 11:22:05,483-BasePage-INFO-找到的文本1.  苹果
2019-02-28 11:22:05,503-BasePage-INFO-找到的文本100.00% (1)
2019-02-28 11:22:05,525-BasePage-INFO-找到的文本2.  香蕉
2019-02-28 11:22:05,546-BasePage-INFO-找到的文本0.00% (0)
2019-02-28 11:22:05,566-BasePage-INFO-找到的文本3.  橘子
2019-02-28 11:22:05,587-BasePage-INFO-找到的文本0.00% (0)
2019-02-28 11:22:08,697-BasePage-INFO-找到页面元素--('link text', '退出')
2019-02-28 11:22:08,977-BasePage-INFO-Success The element was click
2019-02-28 11:22:08,977-BrowserEngine-INFO-Now,Close and quit the browser
