2019-02-28 09:21:55,253-BrowserEngine-INFO-You has select Chrome browser
2019-02-28 09:21:55,254-BrowserEngine-INFO-The test server url is:http://127.0.0.1/forum.php.
2019-02-28 09:21:58,489-BrowserEngine-INFO-Starting chrome brower
2019-02-28 09:22:00,661-BrowserEngine-INFO-Open url:http://127.0.0.1/forum.php.
2019-02-28 09:22:01,784-BrowserEngine-INFO-Maxizize the current window
2019-02-28 09:22:01,785-BrowserEngine-INFO-Set impicitly wait 10 seconds
2019-02-28 09:22:01,816-BasePage-INFO-找到页面元素--('name', 'username')
2019-02-28 09:22:01,918-BasePage-INFO-输入的内容admin
2019-02-28 09:22:01,947-BasePage-INFO-找到页面元素--('name', 'password')
2019-02-28 09:22:02,031-BasePage-INFO-输入的内容zx980504
2019-02-28 09:22:02,062-BasePage-INFO-找到页面元素--('css selector', '.fastlg_l .pn')
2019-02-28 09:22:02,116-BasePage-INFO-Success The element was click
2019-02-28 09:22:05,119-BasePage-INFO-Success switch to window
2019-02-28 09:22:05,149-BasePage-INFO-找到页面元素--('css selector', '.fl_tb tr td h2 a')
2019-02-28 09:22:05,634-BasePage-INFO-Success The element was click
2019-02-28 09:22:05,680-BasePage-INFO-找到页面元素--('name', 'moderate[]')
2019-02-28 09:22:05,732-BasePage-INFO-Success The element was click
2019-02-28 09:22:05,735-BasePage-INFO-Success switch to window
2019-02-28 09:22:05,779-BasePage-INFO-找到页面元素--('xpath', "//div[@id='mdly']/p/strong/a")
2019-02-28 09:22:05,972-BasePage-INFO-Success The element was click
2019-02-28 09:22:05,984-BasePage-INFO-Success switch to window
2019-02-28 09:22:06,020-BasePage-INFO-找到页面元素--('name', 'modsubmit')
2019-02-28 09:22:06,490-BasePage-INFO-Success The element was click
2019-02-28 09:22:06,548-BasePage-INFO-找到页面元素--('css selector', '#um > p:nth-child(2) > a:nth-child(16)')
2019-02-28 09:22:06,660-BasePage-INFO-Success The element was click
2019-02-28 09:22:18,219-BasePage-ERROR-<pageobjects.into_manage.Into_Manage object at 0x00000000035BC2B0>页面中找不到('name', 'admin_password')元素
2019-02-28 09:22:18,545-BasePage-INFO-Had take screenshot and save to folder:/ screenshots
2019-02-28 09:22:18,545-BasePage-ERROR-Failed to type in input box with 'NoneType' object has no attribute 'clear'
2019-02-28 09:22:29,079-BasePage-ERROR-<pageobjects.into_manage.Into_Manage object at 0x00000000035BC2B0>页面中找不到('name', 'submit')元素
2019-02-28 09:22:29,385-BasePage-INFO-Had take screenshot and save to folder:/ screenshots
2019-02-28 09:22:29,385-BasePage-ERROR-Failed to click the element with 'NoneType' object has no attribute 'click'
2019-02-28 09:22:29,390-BasePage-INFO-Success switch to window
2019-02-28 09:22:29,425-BasePage-INFO-找到页面元素--('id', 'header_forum')
2019-02-28 09:22:29,476-BasePage-INFO-Success The element was click
2019-02-28 09:22:29,516-BasePage-INFO-找到页面元素--('tag name', 'iframe')
2019-02-28 09:22:29,561-BasePage-INFO-Success into inframe
2019-02-28 09:22:29,701-BasePage-INFO-找到页面元素--('css selector', '.addtr')
2019-02-28 09:22:29,814-BasePage-INFO-Success The element was click
2019-02-28 09:22:29,855-BasePage-INFO-找到页面元素--('name', 'newforum[1][]')
2019-02-28 09:22:29,884-BasePage-INFO-Clear test is input box before typeing
2019-02-28 09:22:29,902-BasePage-INFO-找到页面元素--('name', 'newforum[1][]')
2019-02-28 09:22:29,977-BasePage-INFO-输入的内容fd
2019-02-28 09:22:30,005-BasePage-INFO-找到页面元素--('name', 'editsubmit')
2019-02-28 09:22:30,262-BasePage-INFO-Success The element was click
2019-02-28 09:22:30,280-BasePage-INFO-Closeing  on current page.
2019-02-28 09:22:36,362-BasePage-INFO-找到页面元素--('link text', '退出')
2019-02-28 09:22:36,564-BasePage-INFO-Success The element was click
2019-02-28 09:22:38,825-BasePage-INFO-找到页面元素--('name', 'username')
2019-02-28 09:22:38,924-BasePage-INFO-输入的内容zhangxiong
2019-02-28 09:22:38,949-BasePage-INFO-找到页面元素--('name', 'password')
2019-02-28 09:22:39,024-BasePage-INFO-输入的内容zx980504
2019-02-28 09:22:39,052-BasePage-INFO-找到页面元素--('css selector', '.fastlg_l .pn')
2019-02-28 09:22:39,111-BasePage-INFO-Success The element was click
2019-02-28 09:22:49,654-BasePage-ERROR-<pageobjects.post.Post object at 0x00000000035CAE80>页面中找不到('css selector', '#category_1 > table tbody > tr:nth-child(2) > td:nth-child(2) > h2 > a')元素
2019-02-28 09:22:49,927-BasePage-INFO-Had take screenshot and save to folder:/ screenshots
2019-02-28 09:22:49,927-BasePage-ERROR-Failed to click the element with 'NoneType' object has no attribute 'click'
2019-02-28 09:22:49,955-BasePage-INFO-找到页面元素--('xpath', "//div[@id='pgt']/a")
2019-02-28 09:22:50,365-BasePage-INFO-Success The element was click
2019-02-28 09:22:53,376-BasePage-INFO-Success switch to window
2019-02-28 09:22:53,431-BasePage-INFO-找到页面元素--('name', 'subject')
2019-02-28 09:22:53,565-BasePage-INFO-输入的内容title
2019-02-28 09:22:53,592-BasePage-INFO-找到页面元素--('tag name', 'iframe')
2019-02-28 09:22:53,620-BasePage-INFO-Success into inframe
2019-02-28 09:22:53,643-BasePage-INFO-找到页面元素--('tag name', 'body')
2019-02-28 09:22:53,744-BasePage-INFO-输入的内容helloworld
2019-02-28 09:22:53,749-BasePage-INFO-Success switch to window
2019-02-28 09:22:53,776-BasePage-INFO-找到页面元素--('id', 'postsubmit')
2019-02-28 09:22:53,928-BasePage-INFO-Success The element was click
2019-02-28 09:22:56,932-BasePage-INFO-Success switch to window
2019-02-28 09:23:18,342-BasePage-ERROR-<pageobjects.reply.Reply object at 0x00000000035CAC88>页面中找不到('id', 'post_reply')元素
